2018-08-06 16:32:19.787  INFO ramilmmk - W.Application                            : Starting Application on ramilmmk with PID 9732 (C:\Java\CryptoMonitor\CryptoMonitor\target\classes started by ramil in C:\Java\CryptoMonitor\CryptoMonitor)
2018-08-06 16:32:19.861  INFO ramilmmk - W.Application                            : No active profile set, falling back to default profiles: default
2018-08-06 16:32:20.300  INFO ramilmmk - ConfigServletWebServerApplicationContext : Refreshing org.springframework.boot.web.servlet.context.AnnotationConfigServletWebServerApplicationContext@e4487af: startup date [Mon Aug 06 16:32:20 MSK 2018]; root of context hierarchy
2018-08-06 16:32:24.344  INFO ramilmmk - trationDelegate$BeanPostProcessorChecker : Bean 'org.springframework.transaction.annotation.ProxyTransactionManagementConfiguration' of type [org.springframework.transaction.annotation.ProxyTransactionManagementConfiguration$$EnhancerBySpringCGLIB$$5ef4a3f8] is not eligible for getting processed by all BeanPostProcessors (for example: not eligible for auto-proxying)
2018-08-06 16:32:24.812  INFO ramilmmk - o.e.j.u.log                              : Logging initialized @12320ms to org.eclipse.jetty.util.log.Slf4jLog
2018-08-06 16:32:25.509  INFO ramilmmk - o.s.b.w.e.j.JettyServletWebServerFactory : Server initialized with port: 8085
2018-08-06 16:32:25.513  INFO ramilmmk - o.e.j.s.Server                           : jetty-9.4.11.v20180605; built: 2018-06-05T18:24:03.829Z; git: d5fc0523cfa96bfebfbda19606cad384d772f04c; jvm 1.8.0_112-b15
2018-08-06 16:32:26.171  INFO ramilmmk - o.e.j.s.session                          : DefaultSessionIdManager workerName=node0
2018-08-06 16:32:26.171  INFO ramilmmk - o.e.j.s.session                          : No SessionScavenger set, using defaults
2018-08-06 16:32:26.176  INFO ramilmmk - o.e.j.s.session                          : node0 Scavenging every 660000ms
2018-08-06 16:32:26.190  INFO ramilmmk - o.e.j.s.h.C.application                  : Initializing Spring embedded WebApplicationContext
2018-08-06 16:32:26.190  INFO ramilmmk - o.s.w.c.ContextLoader                    : Root WebApplicationContext: initialization completed in 5920 ms
2018-08-06 16:32:26.706  INFO ramilmmk - o.s.b.w.s.ServletRegistrationBean        : Servlet dispatcherServlet mapped to [/]
2018-08-06 16:32:26.711  INFO ramilmmk - o.s.b.w.s.FilterRegistrationBean         : Mapping filter: 'characterEncodingFilter' to: [/*]
2018-08-06 16:32:26.712  INFO ramilmmk - o.s.b.w.s.FilterRegistrationBean         : Mapping filter: 'hiddenHttpMethodFilter' to: [/*]
2018-08-06 16:32:26.712  INFO ramilmmk - o.s.b.w.s.FilterRegistrationBean         : Mapping filter: 'httpPutFormContentFilter' to: [/*]
2018-08-06 16:32:26.712  INFO ramilmmk - o.s.b.w.s.FilterRegistrationBean         : Mapping filter: 'requestContextFilter' to: [/*]
2018-08-06 16:32:26.721  INFO ramilmmk - o.e.j.s.h.ContextHandler                 : Started o.s.b.w.e.j.JettyEmbeddedWebAppContext@e4d2696{application,/,[file:///C:/Users/ramil/AppData/Local/Temp/jetty-docbase.4751343979211391929.8085/],AVAILABLE}
2018-08-06 16:32:26.723  INFO ramilmmk - o.e.j.s.Server                           : Started @14232ms
2018-08-06 16:32:27.109  INFO ramilmmk - c.z.h.HikariDataSource                   : HikariPool-1 - Starting...
2018-08-06 16:32:27.729  INFO ramilmmk - c.z.h.HikariDataSource                   : HikariPool-1 - Start completed.
2018-08-06 16:32:27.918  INFO ramilmmk - j.LocalContainerEntityManagerFactoryBean : Building JPA container EntityManagerFactory for persistence unit 'default'
2018-08-06 16:32:27.958  INFO ramilmmk - o.h.j.i.u.LogHelper                      : HHH000204: Processing PersistenceUnitInfo [
	name: default
	...]
2018-08-06 16:32:28.996  INFO ramilmmk - o.h.Version                              : HHH000412: Hibernate Core {5.2.17.Final}
2018-08-06 16:32:29.009  INFO ramilmmk - o.h.c.Environment                        : HHH000206: hibernate.properties not found
2018-08-06 16:32:29.661  INFO ramilmmk - o.h.a.c.Version                          : HCANN000001: Hibernate Commons Annotations {5.0.1.Final}
2018-08-06 16:32:30.014  INFO ramilmmk - o.h.d.Dialect                            : HHH000400: Using dialect: org.hibernate.dialect.PostgreSQLDialect
2018-08-06 16:32:30.373  INFO ramilmmk - o.h.e.j.e.i.LobCreatorBuilderImpl        : HHH000424: Disabling contextual LOB creation as createClob() method threw error : java.lang.reflect.InvocationTargetException
2018-08-06 16:32:30.376  INFO ramilmmk - o.h.t.BasicTypeRegistry                  : HHH000270: Type registration [java.util.UUID] overrides previous : org.hibernate.type.UUIDBinaryType@1645f294
2018-08-06 16:32:31.431  INFO ramilmmk - j.LocalContainerEntityManagerFactoryBean : Initialized JPA EntityManagerFactory for persistence unit 'default'
2018-08-06 16:32:32.442  INFO ramilmmk - o.s.w.s.h.SimpleUrlHandlerMapping        : Mapped URL path [/**/favicon.ico] onto handler of type [class org.springframework.web.servlet.resource.ResourceHttpRequestHandler]
2018-08-06 16:32:32.916  INFO ramilmmk - s.w.s.m.m.a.RequestMappingHandlerAdapter : Looking for @ControllerAdvice: org.springframework.boot.web.servlet.context.AnnotationConfigServletWebServerApplicationContext@e4487af: startup date [Mon Aug 06 16:32:20 MSK 2018]; root of context hierarchy
2018-08-06 16:32:32.980  WARN ramilmmk - aWebConfiguration$JpaWebMvcConfiguration : spring.jpa.open-in-view is enabled by default. Therefore, database queries may be performed during view rendering. Explicitly configure spring.jpa.open-in-view to disable this warning
2018-08-06 16:32:33.055  INFO ramilmmk - s.w.s.m.m.a.RequestMappingHandlerMapping : Mapped "{[/],methods=[GET]}" onto public java.lang.String CryptoMonitor.Controller.MainController.render()
2018-08-06 16:32:33.056  INFO ramilmmk - s.w.s.m.m.a.RequestMappingHandlerMapping : Mapped "{[/check],methods=[GET]}" onto public java.lang.String CryptoMonitor.Controller.MainController.checkApp()
2018-08-06 16:32:33.061  INFO ramilmmk - s.w.s.m.m.a.RequestMappingHandlerMapping : Mapped "{[/error]}" onto public org.springframework.http.ResponseEntity<java.util.Map<java.lang.String, java.lang.Object>> org.springframework.boot.autoconfigure.web.servlet.error.BasicErrorController.error(javax.servlet.http.HttpServletRequest)
2018-08-06 16:32:33.062  INFO ramilmmk - s.w.s.m.m.a.RequestMappingHandlerMapping : Mapped "{[/error],produces=[text/html]}" onto public org.springframework.web.servlet.ModelAndView org.springframework.boot.autoconfigure.web.servlet.error.BasicErrorController.errorHtml(javax.servlet.http.HttpServletRequest,javax.servlet.http.HttpServletResponse)
2018-08-06 16:32:33.117  INFO ramilmmk - o.s.w.s.h.SimpleUrlHandlerMapping        : Mapped URL path [/webjars/**] onto handler of type [class org.springframework.web.servlet.resource.ResourceHttpRequestHandler]
2018-08-06 16:32:33.117  INFO ramilmmk - o.s.w.s.h.SimpleUrlHandlerMapping        : Mapped URL path [/**] onto handler of type [class org.springframework.web.servlet.resource.ResourceHttpRequestHandler]
2018-08-06 16:32:33.620  INFO ramilmmk - o.s.j.e.a.AnnotationMBeanExporter        : Registering beans for JMX exposure on startup
2018-08-06 16:32:33.623  INFO ramilmmk - o.s.j.e.a.AnnotationMBeanExporter        : Bean with name 'dataSource' has been autodetected for JMX exposure
2018-08-06 16:32:33.630  INFO ramilmmk - o.s.j.e.a.AnnotationMBeanExporter        : Located MBean 'dataSource': registering with JMX server as MBean [com.zaxxer.hikari:name=dataSource,type=HikariDataSource]
2018-08-06 16:32:33.643  INFO ramilmmk - s.a.ScheduledAnnotationBeanPostProcessor : No TaskScheduler/ScheduledExecutorService bean found for scheduled processing
2018-08-06 16:32:33.680  INFO ramilmmk - o.e.j.s.h.C.application                  : Initializing Spring FrameworkServlet 'dispatcherServlet'
2018-08-06 16:32:33.680  INFO ramilmmk - o.s.w.s.DispatcherServlet                : FrameworkServlet 'dispatcherServlet': initialization started
2018-08-06 16:32:33.698  INFO ramilmmk - o.s.w.s.DispatcherServlet                : FrameworkServlet 'dispatcherServlet': initialization completed in 18 ms
2018-08-06 16:32:33.773  INFO ramilmmk - o.e.j.s.AbstractConnector                : Started ServerConnector@30b3d899{HTTP/1.1,[http/1.1]}{0.0.0.0:8085}
2018-08-06 16:32:33.778  INFO ramilmmk - o.s.b.w.e.j.JettyWebServer               : Jetty started on port(s) 8085 (http/1.1) with context path '/'
2018-08-06 16:32:33.782  INFO ramilmmk - W.Application                            : Started Application in 16.736 seconds (JVM running for 21.291)
2018-08-06 16:32:34.701  INFO ramilmmk - W.S.PostService                          : Start parsing gov.cap
2018-08-06 16:32:36.684  INFO ramilmmk - o.h.h.i.QueryTranslatorFactoryInitiator  : HHH000397: Using ASTQueryTranslatorFactory
2018-08-06 16:32:38.797  INFO ramilmmk - W.S.PostService                          : Checking post...
2018-08-06 16:32:38.798  INFO ramilmmk - W.S.PostService                          : Saving new post...
2018-08-06 16:32:38.882  INFO ramilmmk - W.S.PostService                          : Sending to suggested news...
2018-08-06 16:32:42.266  INFO ramilmmk - W.S.PostService                          : Uploading photo...
2018-08-06 16:32:46.037  INFO ramilmmk - W.S.PostService                          : #RESPONSE: HttpResponseProxy{HTTP/1.1 200 OK [Server: Internet Information Services, Date: Mon, 06 Aug 2018 13:32:46 GMT, Content-Type: application/json; charset=utf-8, Connection: keep-alive, X-Powered-By: PHP/3.16201, Cache-control: no-store] org.apache.http.client.entity.DecompressingEntity@467cef14}
2018-08-06 16:32:48.333  INFO ramilmmk - W.S.PostService                          : Uploading photo...
2018-08-06 16:32:51.305  INFO ramilmmk - W.S.PostService                          : #RESPONSE: HttpResponseProxy{HTTP/1.1 200 OK [Server: Internet Information Services, Date: Mon, 06 Aug 2018 13:32:51 GMT, Content-Type: application/json; charset=utf-8, Connection: keep-alive, X-Powered-By: PHP/3.16201, Cache-control: no-store] org.apache.http.client.entity.DecompressingEntity@248ff725}
2018-08-06 16:32:55.437  INFO ramilmmk - W.S.PostService                          : Uploading photo...
2018-08-06 16:32:59.202  INFO ramilmmk - W.S.PostService                          : #RESPONSE: HttpResponseProxy{HTTP/1.1 200 OK [Server: Internet Information Services, Date: Mon, 06 Aug 2018 13:32:59 GMT, Content-Type: application/json; charset=utf-8, Connection: keep-alive, X-Powered-By: PHP/3.16201, Cache-control: no-store] org.apache.http.client.entity.DecompressingEntity@186c615a}
2018-08-06 16:33:01.493  INFO ramilmmk - W.S.PostService                          : Uploading photo...
2018-08-06 16:33:05.731  INFO ramilmmk - W.S.PostService                          : #RESPONSE: HttpResponseProxy{HTTP/1.1 200 OK [Server: Internet Information Services, Date: Mon, 06 Aug 2018 13:33:05 GMT, Content-Type: application/json; charset=utf-8, Connection: keep-alive, X-Powered-By: PHP/3.16201, Cache-control: no-store] org.apache.http.client.entity.DecompressingEntity@4c69a094}
2018-08-06 16:33:08.055  INFO ramilmmk - W.S.PostService                          : Uploading photo...
2018-08-06 16:33:11.176  INFO ramilmmk - W.S.PostService                          : #RESPONSE: HttpResponseProxy{HTTP/1.1 200 OK [Server: Internet Information Services, Date: Mon, 06 Aug 2018 13:33:11 GMT, Content-Type: application/json; charset=utf-8, Connection: keep-alive, X-Powered-By: PHP/3.16201, Cache-control: no-store] org.apache.http.client.entity.DecompressingEntity@409db8b9}
2018-08-06 16:33:14.325  INFO ramilmmk - W.S.PostService                          : Uploading photo...
2018-08-06 16:33:18.401  INFO ramilmmk - W.S.PostService                          : #RESPONSE: HttpResponseProxy{HTTP/1.1 200 OK [Server: Internet Information Services, Date: Mon, 06 Aug 2018 13:33:18 GMT, Content-Type: application/json; charset=utf-8, Connection: keep-alive, X-Powered-By: PHP/3.16201, Cache-control: no-store] org.apache.http.client.entity.DecompressingEntity@3f0aa0b3}
2018-08-06 16:33:20.084  INFO ramilmmk - W.S.PostService                          : Uploading photo...
2018-08-06 16:33:22.366  INFO ramilmmk - W.S.PostService                          : #RESPONSE: HttpResponseProxy{HTTP/1.1 200 OK [Server: Internet Information Services, Date: Mon, 06 Aug 2018 13:33:22 GMT, Content-Type: application/json; charset=utf-8, Connection: keep-alive, X-Powered-By: PHP/3.16201, Cache-control: no-store] org.apache.http.client.entity.DecompressingEntity@5ab3afb6}
2018-08-06 16:33:25.946  INFO ramilmmk - W.S.PostService                          : Uploading photo...
2018-08-06 16:33:28.265  INFO ramilmmk - W.S.PostService                          : #RESPONSE: HttpResponseProxy{HTTP/1.1 200 OK [Server: Internet Information Services, Date: Mon, 06 Aug 2018 13:33:28 GMT, Content-Type: application/json; charset=utf-8, Connection: keep-alive, X-Powered-By: PHP/3.16201, Cache-control: no-store] org.apache.http.client.entity.DecompressingEntity@4d17d76b}
2018-08-06 16:33:31.211  INFO ramilmmk - W.S.PostService                          : Uploading photo...
2018-08-06 16:33:35.109  INFO ramilmmk - W.S.PostService                          : #RESPONSE: HttpResponseProxy{HTTP/1.1 200 OK [Server: Internet Information Services, Date: Mon, 06 Aug 2018 13:33:35 GMT, Content-Type: application/json; charset=utf-8, Connection: keep-alive, X-Powered-By: PHP/3.16201, Cache-control: no-store] org.apache.http.client.entity.DecompressingEntity@677d3d5b}
2018-08-06 16:33:39.145  INFO ramilmmk - W.S.PostService                          : Uploading photo...
2018-08-06 16:33:41.811  INFO ramilmmk - W.S.PostService                          : #RESPONSE: HttpResponseProxy{HTTP/1.1 200 OK [Server: Internet Information Services, Date: Mon, 06 Aug 2018 13:33:41 GMT, Content-Type: application/json; charset=utf-8, Connection: keep-alive, X-Powered-By: PHP/3.16201, Cache-control: no-store] org.apache.http.client.entity.DecompressingEntity@24a495b0}
2018-08-06 16:33:45.540  INFO ramilmmk - W.S.PostService                          : Uploading photo...
2018-08-06 16:33:48.539  INFO ramilmmk - W.S.PostService                          : #RESPONSE: HttpResponseProxy{HTTP/1.1 200 OK [Server: Internet Information Services, Date: Mon, 06 Aug 2018 13:33:48 GMT, Content-Type: application/json; charset=utf-8, Connection: keep-alive, X-Powered-By: PHP/3.16201, Cache-control: no-store] org.apache.http.client.entity.DecompressingEntity@4d8402e5}
2018-08-06 16:33:48.544  INFO ramilmmk - W.S.PostService                          : Сегодня город Канаш отмечает два важных праздника – День города и День железнодорожника
2018-08-06 16:33:49.878  INFO ramilmmk - W.S.PostService                          : #RESPONSE: HttpResponseProxy{HTTP/1.1 200 OK [Server: Internet Information Services, Date: Mon, 06 Aug 2018 13:33:49 GMT, Content-Type: application/json; charset=utf-8, Connection: keep-alive, X-Powered-By: PHP/3.16201, Cache-control: no-store] org.apache.http.client.entity.DecompressingEntity@478ce2de}
2018-08-06 16:33:49.878  INFO ramilmmk - W.S.PostService                          : POST SUGGESTING TASK DONE!
2018-08-06 16:33:49.878  INFO ramilmmk - W.S.PostService                          : Sending notification...
2018-08-06 16:33:50.799  INFO ramilmmk - W.S.PostService                          : #RESPONSE: HttpResponseProxy{HTTP/1.1 200 OK [Server: Internet Information Services, Date: Mon, 06 Aug 2018 13:33:50 GMT, Content-Type: application/json; charset=utf-8, Connection: keep-alive, X-Powered-By: PHP/3.16201, Cache-control: no-store] org.apache.http.client.entity.DecompressingEntity@49df5f38}
2018-08-06 16:33:50.799  INFO ramilmmk - W.S.PostService                          : NOTIFICATION SENDING TASK DONE!
2018-08-06 16:33:50.800  INFO ramilmmk - W.S.PostService                          : Saving new post...
2018-08-06 16:33:50.804  INFO ramilmmk - W.S.PostService                          : Sending to suggested news...
2018-08-06 16:33:52.823  INFO ramilmmk - W.S.PostService                          : Uploading photo...
2018-08-06 16:33:55.278  INFO ramilmmk - W.S.PostService                          : #RESPONSE: HttpResponseProxy{HTTP/1.1 200 OK [Server: Internet Information Services, Date: Mon, 06 Aug 2018 13:33:55 GMT, Content-Type: application/json; charset=utf-8, Connection: keep-alive, X-Powered-By: PHP/3.16201, Cache-control: no-store] org.apache.http.client.entity.DecompressingEntity@3a8e11d4}
2018-08-06 16:33:59.062  INFO ramilmmk - W.S.PostService                          : Uploading photo...
2018-08-06 16:34:01.075  INFO ramilmmk - W.S.PostService                          : #RESPONSE: HttpResponseProxy{HTTP/1.1 200 OK [Server: Internet Information Services, Date: Mon, 06 Aug 2018 13:34:01 GMT, Content-Type: application/json; charset=utf-8, Connection: keep-alive, X-Powered-By: PHP/3.16201, Cache-control: no-store] org.apache.http.client.entity.DecompressingEntity@97e780a}
2018-08-06 16:34:03.843  INFO ramilmmk - W.S.PostService                          : Uploading photo...
2018-08-06 16:34:07.272  INFO ramilmmk - W.S.PostService                          : #RESPONSE: HttpResponseProxy{HTTP/1.1 200 OK [Server: Internet Information Services, Date: Mon, 06 Aug 2018 13:34:07 GMT, Content-Type: application/json; charset=utf-8, Connection: keep-alive, X-Powered-By: PHP/3.16201, Cache-control: no-store] org.apache.http.client.entity.DecompressingEntity@719e425f}
2018-08-06 16:34:09.863  INFO ramilmmk - W.S.PostService                          : Uploading photo...
2018-08-06 16:34:12.726  INFO ramilmmk - W.S.PostService                          : #RESPONSE: HttpResponseProxy{HTTP/1.1 200 OK [Server: Internet Information Services, Date: Mon, 06 Aug 2018 13:34:12 GMT, Content-Type: application/json; charset=utf-8, Connection: keep-alive, X-Powered-By: PHP/3.16201, Cache-control: no-store] org.apache.http.client.entity.DecompressingEntity@793a96f7}
2018-08-06 16:34:15.670  INFO ramilmmk - W.S.PostService                          : Uploading photo...
2018-08-06 16:34:19.837  INFO ramilmmk - W.S.PostService                          : #RESPONSE: HttpResponseProxy{HTTP/1.1 200 OK [Server: Internet Information Services, Date: Mon, 06 Aug 2018 13:34:19 GMT, Content-Type: application/json; charset=utf-8, Connection: keep-alive, X-Powered-By: PHP/3.16201, Cache-control: no-store] org.apache.http.client.entity.DecompressingEntity@73462c51}
2018-08-06 16:34:19.840  INFO ramilmmk - W.S.PostService                          : Команда г. Канаш сегодня принимала участие в летнем этапе ХVII спартакиады работников органов государственной власти и местного самоуправления Чувашской Республики
2018-08-06 16:34:20.127  INFO ramilmmk - W.S.PostService                          : #RESPONSE: HttpResponseProxy{HTTP/1.1 200 OK [Server: Internet Information Services, Date: Mon, 06 Aug 2018 13:34:20 GMT, Content-Type: application/json; charset=utf-8, Connection: keep-alive, X-Powered-By: PHP/3.16201, Cache-control: no-store] org.apache.http.client.entity.DecompressingEntity@f2b7029}
2018-08-06 16:34:20.127  INFO ramilmmk - W.S.PostService                          : POST SUGGESTING TASK DONE!
2018-08-06 16:34:20.127  INFO ramilmmk - W.S.PostService                          : Sending notification...
2018-08-06 16:34:20.904  INFO ramilmmk - W.S.PostService                          : #RESPONSE: HttpResponseProxy{HTTP/1.1 200 OK [Server: Internet Information Services, Date: Mon, 06 Aug 2018 13:34:20 GMT, Content-Type: application/json; charset=utf-8, Connection: keep-alive, X-Powered-By: PHP/3.16201, Cache-control: no-store] org.apache.http.client.entity.DecompressingEntity@3740a346}
2018-08-06 16:34:20.904  INFO ramilmmk - W.S.PostService                          : NOTIFICATION SENDING TASK DONE!
2018-08-06 16:34:20.904  INFO ramilmmk - W.S.PostService                          : Saving new post...
2018-08-06 16:34:20.908  INFO ramilmmk - W.S.PostService                          : Sending to suggested news...
2018-08-06 16:34:22.866  INFO ramilmmk - W.S.PostService                          : Uploading photo...
2018-08-06 16:34:37.645  INFO ramilmmk - W.S.PostService                          : #RESPONSE: HttpResponseProxy{HTTP/1.1 200 OK [Server: Internet Information Services, Date: Mon, 06 Aug 2018 13:34:37 GMT, Content-Type: application/json; charset=utf-8, Connection: keep-alive, X-Powered-By: PHP/3.16201, Cache-control: no-store] org.apache.http.client.entity.DecompressingEntity@710e9ed}
2018-08-06 16:34:37.650  INFO ramilmmk - W.S.PostService                          : В г. Козловке состоялись соревнования XVII Спартакиады работников органов государственной власти и местного самоуправления
2018-08-06 16:34:38.329  INFO ramilmmk - W.S.PostService                          : #RESPONSE: HttpResponseProxy{HTTP/1.1 200 OK [Server: Internet Information Services, Date: Mon, 06 Aug 2018 13:34:38 GMT, Content-Type: application/json; charset=utf-8, Connection: keep-alive, X-Powered-By: PHP/3.16201, Cache-control: no-store] org.apache.http.client.entity.DecompressingEntity@4785af15}
2018-08-06 16:34:38.329  INFO ramilmmk - W.S.PostService                          : POST SUGGESTING TASK DONE!
2018-08-06 16:34:38.329  INFO ramilmmk - W.S.PostService                          : Sending notification...
2018-08-06 16:34:39.141  INFO ramilmmk - W.S.PostService                          : #RESPONSE: HttpResponseProxy{HTTP/1.1 200 OK [Server: Internet Information Services, Date: Mon, 06 Aug 2018 13:34:39 GMT, Content-Type: application/json; charset=utf-8, Connection: keep-alive, X-Powered-By: PHP/3.16201, Cache-control: no-store] org.apache.http.client.entity.DecompressingEntity@750cf46c}
2018-08-06 16:34:39.142  INFO ramilmmk - W.S.PostService                          : NOTIFICATION SENDING TASK DONE!
2018-08-06 16:34:39.142  INFO ramilmmk - W.S.PostService                          : Saving new post...
2018-08-06 16:34:39.146  INFO ramilmmk - W.S.PostService                          : Sending to suggested news...
2018-08-06 16:34:40.871  INFO ramilmmk - W.S.PostService                          : Uploading photo...
2018-08-06 16:34:42.706  INFO ramilmmk - W.S.PostService                          : #RESPONSE: HttpResponseProxy{HTTP/1.1 200 OK [Server: Internet Information Services, Date: Mon, 06 Aug 2018 13:34:42 GMT, Content-Type: application/json; charset=utf-8, Connection: keep-alive, X-Powered-By: PHP/3.16201, Cache-control: no-store] org.apache.http.client.entity.DecompressingEntity@3252f105}
2018-08-06 16:34:46.336  INFO ramilmmk - W.S.PostService                          : Uploading photo...
2018-08-06 16:34:48.383  INFO ramilmmk - W.S.PostService                          : #RESPONSE: HttpResponseProxy{HTTP/1.1 200 OK [Server: Internet Information Services, Date: Mon, 06 Aug 2018 13:34:48 GMT, Content-Type: application/json; charset=utf-8, Connection: keep-alive, X-Powered-By: PHP/3.16201, Cache-control: no-store] org.apache.http.client.entity.DecompressingEntity@22b28565}
2018-08-06 16:34:50.347  INFO ramilmmk - W.S.PostService                          : Uploading photo...
2018-08-06 16:34:52.249  INFO ramilmmk - W.S.PostService                          : #RESPONSE: HttpResponseProxy{HTTP/1.1 200 OK [Server: Internet Information Services, Date: Mon, 06 Aug 2018 13:34:52 GMT, Content-Type: application/json; charset=utf-8, Connection: keep-alive, X-Powered-By: PHP/3.16201, Cache-control: no-store] org.apache.http.client.entity.DecompressingEntity@464f5607}
2018-08-06 16:34:55.334  INFO ramilmmk - W.S.PostService                          : Uploading photo...
2018-08-06 16:34:59.087  INFO ramilmmk - W.S.PostService                          : #RESPONSE: HttpResponseProxy{HTTP/1.1 200 OK [Server: Internet Information Services, Date: Mon, 06 Aug 2018 13:34:59 GMT, Content-Type: application/json; charset=utf-8, Connection: keep-alive, X-Powered-By: PHP/3.16201, Cache-control: no-store] org.apache.http.client.entity.DecompressingEntity@1617bdfb}
2018-08-06 16:35:01.831  INFO ramilmmk - W.S.PostService                          : Uploading photo...
2018-08-06 16:35:04.649  INFO ramilmmk - W.S.PostService                          : #RESPONSE: HttpResponseProxy{HTTP/1.1 200 OK [Server: Internet Information Services, Date: Mon, 06 Aug 2018 13:35:04 GMT, Content-Type: application/json; charset=utf-8, Connection: keep-alive, X-Powered-By: PHP/3.16201, Cache-control: no-store] org.apache.http.client.entity.DecompressingEntity@42bf1a71}
2018-08-06 16:35:07.344  INFO ramilmmk - W.S.PostService                          : Uploading photo...
2018-08-06 16:35:10.226  INFO ramilmmk - W.S.PostService                          : #RESPONSE: HttpResponseProxy{HTTP/1.1 200 OK [Server: Internet Information Services, Date: Mon, 06 Aug 2018 13:35:10 GMT, Content-Type: application/json; charset=utf-8, Connection: keep-alive, X-Powered-By: PHP/3.16201, Cache-control: no-store] org.apache.http.client.entity.DecompressingEntity@42068949}
2018-08-06 16:35:13.847  INFO ramilmmk - W.S.PostService                          : Uploading photo...
2018-08-06 16:35:20.459  INFO ramilmmk - W.S.PostService                          : #RESPONSE: HttpResponseProxy{HTTP/1.1 200 OK [Server: Internet Information Services, Date: Mon, 06 Aug 2018 13:35:20 GMT, Content-Type: application/json; charset=utf-8, Connection: keep-alive, X-Powered-By: PHP/3.16201, Cache-control: no-store] org.apache.http.client.entity.DecompressingEntity@569e218a}
2018-08-06 16:35:21.793  INFO ramilmmk - W.S.PostService                          : Uploading photo...
2018-08-06 16:35:23.854  INFO ramilmmk - W.S.PostService                          : #RESPONSE: HttpResponseProxy{HTTP/1.1 200 OK [Server: Internet Information Services, Date: Mon, 06 Aug 2018 13:35:23 GMT, Content-Type: application/json; charset=utf-8, Connection: keep-alive, X-Powered-By: PHP/3.16201, Cache-control: no-store] org.apache.http.client.entity.DecompressingEntity@4541fd55}
2018-08-06 16:35:27.177  INFO ramilmmk - W.S.PostService                          : Uploading photo...
2018-08-06 16:35:29.078  INFO ramilmmk - W.S.PostService                          : #RESPONSE: HttpResponseProxy{HTTP/1.1 200 OK [Server: Internet Information Services, Date: Mon, 06 Aug 2018 13:35:29 GMT, Content-Type: application/json; charset=utf-8, Connection: keep-alive, X-Powered-By: PHP/3.16201, Cache-control: no-store] org.apache.http.client.entity.DecompressingEntity@39d74e2b}
2018-08-06 16:35:29.081  INFO ramilmmk - W.S.PostService                          : «Будущее нашего города!». В праздничные дни во Дворце бракосочетаний города Канаш зарегистрировались 16 влюбленных пар и зарегистрировано рождение 12 малышей
2018-08-06 16:35:29.430  INFO ramilmmk - W.S.PostService                          : #RESPONSE: HttpResponseProxy{HTTP/1.1 200 OK [Server: Internet Information Services, Date: Mon, 06 Aug 2018 13:35:29 GMT, Content-Type: application/json; charset=utf-8, Connection: keep-alive, X-Powered-By: PHP/3.16201, Cache-control: no-store] org.apache.http.client.entity.DecompressingEntity@6915a1b}
2018-08-06 16:35:29.430  INFO ramilmmk - W.S.PostService                          : POST SUGGESTING TASK DONE!
2018-08-06 16:35:29.430  INFO ramilmmk - W.S.PostService                          : Sending notification...
2018-08-06 16:35:30.190  INFO ramilmmk - W.S.PostService                          : #RESPONSE: HttpResponseProxy{HTTP/1.1 200 OK [Server: Internet Information Services, Date: Mon, 06 Aug 2018 13:35:30 GMT, Content-Type: application/json; charset=utf-8, Connection: keep-alive, X-Powered-By: PHP/3.16201, Cache-control: no-store] org.apache.http.client.entity.DecompressingEntity@70bfa360}
2018-08-06 16:35:30.190  INFO ramilmmk - W.S.PostService                          : NOTIFICATION SENDING TASK DONE!
2018-08-06 16:35:33.141  INFO ramilmmk - W.S.PostService                          : Checking post...
2018-08-06 16:35:33.141  INFO ramilmmk - W.S.PostService                          : Saving new post...
2018-08-06 16:35:33.150  INFO ramilmmk - W.S.PostService                          : Sending to suggested news...
2018-08-06 16:35:36.766  INFO ramilmmk - W.S.PostService                          : Uploading photo...
2018-08-06 16:35:38.932  INFO ramilmmk - W.S.PostService                          : #RESPONSE: HttpResponseProxy{HTTP/1.1 200 OK [Server: Internet Information Services, Date: Mon, 06 Aug 2018 13:35:38 GMT, Content-Type: application/json; charset=utf-8, Connection: keep-alive, X-Powered-By: PHP/3.16201, Cache-control: no-store] org.apache.http.client.entity.DecompressingEntity@7bed72ff}
2018-08-06 16:35:38.934  INFO ramilmmk - W.S.PostService                          : Виталий Михайлов провел планерку с начальниками структурных подразделений администрации города, руководителями территориальных республиканских и федеральных служб
2018-08-06 16:35:39.330  INFO ramilmmk - W.S.PostService                          : #RESPONSE: HttpResponseProxy{HTTP/1.1 200 OK [Server: Internet Information Services, Date: Mon, 06 Aug 2018 13:35:39 GMT, Content-Type: application/json; charset=utf-8, Connection: keep-alive, X-Powered-By: PHP/3.16201, Cache-control: no-store] org.apache.http.client.entity.DecompressingEntity@62ee3ee8}
2018-08-06 16:35:39.330  INFO ramilmmk - W.S.PostService                          : POST SUGGESTING TASK DONE!
2018-08-06 16:35:39.330  INFO ramilmmk - W.S.PostService                          : Sending notification...
2018-08-06 16:35:40.155  INFO ramilmmk - W.S.PostService                          : #RESPONSE: HttpResponseProxy{HTTP/1.1 200 OK [Server: Internet Information Services, Date: Mon, 06 Aug 2018 13:35:40 GMT, Content-Type: application/json; charset=utf-8, Connection: keep-alive, X-Powered-By: PHP/3.16201, Cache-control: no-store] org.apache.http.client.entity.DecompressingEntity@6ab0faf}
2018-08-06 16:35:40.155  INFO ramilmmk - W.S.PostService                          : NOTIFICATION SENDING TASK DONE!
2018-08-06 16:35:40.155  INFO ramilmmk - W.S.PostService                          : Saving new post...
2018-08-06 16:35:40.159  INFO ramilmmk - W.S.PostService                          : Sending to suggested news...
2018-08-06 16:35:43.700  INFO ramilmmk - W.S.PostService                          : Uploading photo...
2018-08-06 16:35:46.390  INFO ramilmmk - W.S.PostService                          : #RESPONSE: HttpResponseProxy{HTTP/1.1 200 OK [Server: Internet Information Services, Date: Mon, 06 Aug 2018 13:35:46 GMT, Content-Type: application/json; charset=utf-8, Connection: keep-alive, X-Powered-By: PHP/3.16201, Cache-control: no-store] org.apache.http.client.entity.DecompressingEntity@56c770c7}
2018-08-06 16:35:46.393  INFO ramilmmk - W.S.PostService                          : День города в детском саду №19
2018-08-06 16:35:46.720  INFO ramilmmk - W.S.PostService                          : #RESPONSE: HttpResponseProxy{HTTP/1.1 200 OK [Server: Internet Information Services, Date: Mon, 06 Aug 2018 13:35:46 GMT, Content-Type: application/json; charset=utf-8, Connection: keep-alive, X-Powered-By: PHP/3.16201, Cache-control: no-store] org.apache.http.client.entity.DecompressingEntity@75acd442}
2018-08-06 16:35:46.720  INFO ramilmmk - W.S.PostService                          : POST SUGGESTING TASK DONE!
2018-08-06 16:35:46.720  INFO ramilmmk - W.S.PostService                          : Sending notification...
2018-08-06 16:35:47.464  INFO ramilmmk - W.S.PostService                          : #RESPONSE: HttpResponseProxy{HTTP/1.1 200 OK [Server: Internet Information Services, Date: Mon, 06 Aug 2018 13:35:47 GMT, Content-Type: application/json; charset=utf-8, Connection: keep-alive, X-Powered-By: PHP/3.16201, Cache-control: no-store] org.apache.http.client.entity.DecompressingEntity@5eb2ef68}
2018-08-06 16:35:47.464  INFO ramilmmk - W.S.PostService                          : NOTIFICATION SENDING TASK DONE!
2018-08-06 16:35:47.465  INFO ramilmmk - W.S.PostService                          : Saving new post...
2018-08-06 16:35:47.469  INFO ramilmmk - W.S.PostService                          : Sending to suggested news...
2018-08-06 16:35:50.354  INFO ramilmmk - W.S.PostService                          : Uploading photo...
2018-08-06 16:35:55.976  INFO ramilmmk - W.S.PostService                          : #RESPONSE: HttpResponseProxy{HTTP/1.1 200 OK [Server: Internet Information Services, Date: Mon, 06 Aug 2018 13:35:56 GMT, Content-Type: application/json; charset=utf-8, Connection: keep-alive, X-Powered-By: PHP/3.16201, Cache-control: no-store] org.apache.http.client.entity.DecompressingEntity@22aecb97}
2018-08-06 16:35:55.978  INFO ramilmmk - W.S.PostService                          : В целях реализации мероприятий программы города Канаш «Развитие транспортной системы города Канаш Чувашской Республики» на 2014-2020 годы» отремонтирован проезд к дворовой территории многоквартирного дома № 14 по ул. Московская
2018-08-06 16:35:58.967  INFO ramilmmk - W.S.PostService                          : #RESPONSE: HttpResponseProxy{HTTP/1.1 200 OK [Server: Internet Information Services, Date: Mon, 06 Aug 2018 13:35:59 GMT, Content-Type: application/json; charset=utf-8, Connection: keep-alive, X-Powered-By: PHP/3.16201, Cache-control: no-store] org.apache.http.client.entity.DecompressingEntity@233c67f}
2018-08-06 16:35:58.967  INFO ramilmmk - W.S.PostService                          : POST SUGGESTING TASK DONE!
2018-08-06 16:35:58.967  INFO ramilmmk - W.S.PostService                          : Sending notification...
2018-08-06 16:35:59.726  INFO ramilmmk - W.S.PostService                          : #RESPONSE: HttpResponseProxy{HTTP/1.1 200 OK [Server: Internet Information Services, Date: Mon, 06 Aug 2018 13:35:59 GMT, Content-Type: application/json; charset=utf-8, Connection: keep-alive, X-Powered-By: PHP/3.16201, Cache-control: no-store] org.apache.http.client.entity.DecompressingEntity@d70a45d}
2018-08-06 16:35:59.726  INFO ramilmmk - W.S.PostService                          : NOTIFICATION SENDING TASK DONE!
2018-08-06 16:35:59.726  INFO ramilmmk - W.S.PostService                          : Saving new post...
2018-08-06 16:35:59.730  INFO ramilmmk - W.S.PostService                          : Sending to suggested news...
2018-08-06 16:36:08.777  INFO ramilmmk - W.S.PostService                          : Uploading photo...
2018-08-06 16:36:11.534  INFO ramilmmk - W.S.PostService                          : #RESPONSE: HttpResponseProxy{HTTP/1.1 200 OK [Server: Internet Information Services, Date: Mon, 06 Aug 2018 13:36:11 GMT, Content-Type: application/json; charset=utf-8, Connection: keep-alive, X-Powered-By: PHP/3.16201, Cache-control: no-store] org.apache.http.client.entity.DecompressingEntity@23c21732}
2018-08-06 16:36:18.478  INFO ramilmmk - W.S.PostService                          : Uploading photo...
2018-08-06 16:36:21.047  INFO ramilmmk - W.S.PostService                          : #RESPONSE: HttpResponseProxy{HTTP/1.1 200 OK [Server: Internet Information Services, Date: Mon, 06 Aug 2018 13:36:21 GMT, Content-Type: application/json; charset=utf-8, Connection: keep-alive, X-Powered-By: PHP/3.16201, Cache-control: no-store] org.apache.http.client.entity.DecompressingEntity@5ecf881}
2018-08-06 16:36:29.087  INFO ramilmmk - W.S.PostService                          : Uploading photo...
2018-08-06 16:36:32.629  INFO ramilmmk - W.S.PostService                          : #RESPONSE: HttpResponseProxy{HTTP/1.1 200 OK [Server: Internet Information Services, Date: Mon, 06 Aug 2018 13:36:32 GMT, Content-Type: application/json; charset=utf-8, Connection: keep-alive, X-Powered-By: PHP/3.16201, Cache-control: no-store] org.apache.http.client.entity.DecompressingEntity@7e344e84}
2018-08-06 16:36:46.400  INFO ramilmmk - W.S.PostService                          : Uploading photo...
2018-08-06 16:36:50.327  INFO ramilmmk - W.S.PostService                          : #RESPONSE: HttpResponseProxy{HTTP/1.1 200 OK [Server: Internet Information Services, Date: Mon, 06 Aug 2018 13:36:50 GMT, Content-Type: application/json; charset=utf-8, Connection: keep-alive, X-Powered-By: PHP/3.16201, Cache-control: no-store] org.apache.http.client.entity.DecompressingEntity@6b6d4073}
2018-08-06 16:36:53.577  INFO ramilmmk - W.S.PostService                          : Uploading photo...
2018-08-06 16:36:56.830  INFO ramilmmk - W.S.PostService                          : #RESPONSE: HttpResponseProxy{HTTP/1.1 200 OK [Server: Internet Information Services, Date: Mon, 06 Aug 2018 13:36:56 GMT, Content-Type: application/json; charset=utf-8, Connection: keep-alive, X-Powered-By: PHP/3.16201, Cache-control: no-store] org.apache.http.client.entity.DecompressingEntity@5d3e3e87}
2018-08-06 16:36:56.832  INFO ramilmmk - W.S.PostService                          : В рамках празднования Дня города, сотрудники МБУ «Краеведческий музей» г. Канаш совместно с канашской гильдией ремесленников и мастерами декоративно-прикладного творчества организовали выставку
2018-08-06 16:36:57.399  INFO ramilmmk - W.S.PostService                          : #RESPONSE: HttpResponseProxy{HTTP/1.1 200 OK [Server: Internet Information Services, Date: Mon, 06 Aug 2018 13:36:57 GMT, Content-Type: application/json; charset=utf-8, Connection: keep-alive, X-Powered-By: PHP/3.16201, Cache-control: no-store] org.apache.http.client.entity.DecompressingEntity@619ee313}
2018-08-06 16:36:57.399  INFO ramilmmk - W.S.PostService                          : POST SUGGESTING TASK DONE!
2018-08-06 16:36:57.399  INFO ramilmmk - W.S.PostService                          : Sending notification...
2018-08-06 16:36:58.442  INFO ramilmmk - W.S.PostService                          : #RESPONSE: HttpResponseProxy{HTTP/1.1 200 OK [Server: Internet Information Services, Date: Mon, 06 Aug 2018 13:36:58 GMT, Content-Type: application/json; charset=utf-8, Connection: keep-alive, X-Powered-By: PHP/3.16201, Cache-control: no-store] org.apache.http.client.entity.DecompressingEntity@ade2fd7}
2018-08-06 16:36:58.443  INFO ramilmmk - W.S.PostService                          : NOTIFICATION SENDING TASK DONE!
2018-08-06 16:36:58.443  INFO ramilmmk - W.S.PostService                          : Saving new post...
2018-08-06 16:36:58.448  INFO ramilmmk - W.S.PostService                          : Sending to suggested news...
2018-08-06 16:37:03.994  INFO ramilmmk - W.S.PostService                          : Uploading photo...
2018-08-06 16:37:08.720  INFO ramilmmk - W.S.PostService                          : #RESPONSE: HttpResponseProxy{HTTP/1.1 200 OK [Server: Internet Information Services, Date: Mon, 06 Aug 2018 13:37:08 GMT, Content-Type: application/json; charset=utf-8, Connection: keep-alive, X-Powered-By: PHP/3.16201, Cache-control: no-store] org.apache.http.client.entity.DecompressingEntity@5276bb57}
2018-08-06 16:37:08.724  INFO ramilmmk - W.S.PostService                          : В Канаше продолжаются мероприятия по промывке и опрессовке системы отопления
2018-08-06 16:37:09.070  INFO ramilmmk - W.S.PostService                          : #RESPONSE: HttpResponseProxy{HTTP/1.1 200 OK [Server: Internet Information Services, Date: Mon, 06 Aug 2018 13:37:09 GMT, Content-Type: application/json; charset=utf-8, Connection: keep-alive, X-Powered-By: PHP/3.16201, Cache-control: no-store] org.apache.http.client.entity.DecompressingEntity@618a9a7}
2018-08-06 16:37:09.071  INFO ramilmmk - W.S.PostService                          : POST SUGGESTING TASK DONE!
2018-08-06 16:37:09.071  INFO ramilmmk - W.S.PostService                          : Sending notification...
2018-08-06 16:37:09.808  INFO ramilmmk - W.S.PostService                          : #RESPONSE: HttpResponseProxy{HTTP/1.1 200 OK [Server: Internet Information Services, Date: Mon, 06 Aug 2018 13:37:09 GMT, Content-Type: application/json; charset=utf-8, Connection: keep-alive, X-Powered-By: PHP/3.16201, Cache-control: no-store] org.apache.http.client.entity.DecompressingEntity@afc4bfb}
2018-08-06 16:37:09.809  INFO ramilmmk - W.S.PostService                          : NOTIFICATION SENDING TASK DONE!
2018-08-06 16:37:13.538  INFO ramilmmk - W.S.PostService                          : Checking post...
2018-08-06 16:37:13.539  INFO ramilmmk - W.S.PostService                          : Start parsing kanashen.ru
2018-08-06 16:37:18.123  INFO ramilmmk - W.S.PostService                          : Checking post...
2018-08-06 16:37:18.123  INFO ramilmmk - W.S.PostService                          : Saving new post...
2018-08-06 16:37:18.128  INFO ramilmmk - W.S.PostService                          : Sending to suggested news...
2018-08-06 16:37:21.553  INFO ramilmmk - W.S.PostService                          : Uploading photo...
2018-08-06 16:37:25.590  INFO ramilmmk - W.S.PostService                          : #RESPONSE: HttpResponseProxy{HTTP/1.1 200 OK [Server: Internet Information Services, Date: Mon, 06 Aug 2018 13:37:25 GMT, Content-Type: application/json; charset=utf-8, Connection: keep-alive, X-Powered-By: PHP/3.16201, Cache-control: no-store] org.apache.http.client.entity.DecompressingEntity@36e891f2}
2018-08-06 16:37:25.594  INFO ramilmmk - W.S.PostService                          : В жатву важно уберечь урожай от огня
2018-08-06 16:37:26.245  INFO ramilmmk - W.S.PostService                          : #RESPONSE: HttpResponseProxy{HTTP/1.1 200 OK [Server: Internet Information Services, Date: Mon, 06 Aug 2018 13:37:26 GMT, Content-Type: application/json; charset=utf-8, Connection: keep-alive, X-Powered-By: PHP/3.16201, Cache-control: no-store] org.apache.http.client.entity.DecompressingEntity@495d1e79}
2018-08-06 16:37:26.246  INFO ramilmmk - W.S.PostService                          : POST SUGGESTING TASK DONE!
2018-08-06 16:37:26.246  INFO ramilmmk - W.S.PostService                          : Sending notification...
2018-08-06 16:37:27.094  INFO ramilmmk - W.S.PostService                          : #RESPONSE: HttpResponseProxy{HTTP/1.1 200 OK [Server: Internet Information Services, Date: Mon, 06 Aug 2018 13:37:27 GMT, Content-Type: application/json; charset=utf-8, Connection: keep-alive, X-Powered-By: PHP/3.16201, Cache-control: no-store] org.apache.http.client.entity.DecompressingEntity@3ec3d534}
2018-08-06 16:37:27.094  INFO ramilmmk - W.S.PostService                          : NOTIFICATION SENDING TASK DONE!
2018-08-06 16:37:27.094  INFO ramilmmk - W.S.PostService                          : Saving new post...
2018-08-06 16:37:27.098  INFO ramilmmk - W.S.PostService                          : Sending to suggested news...
2018-08-06 16:37:35.654  INFO ramilmmk - W.S.PostService                          : Uploading photo...
2018-08-06 16:37:38.255  INFO ramilmmk - W.S.PostService                          : #RESPONSE: HttpResponseProxy{HTTP/1.1 200 OK [Server: Internet Information Services, Date: Mon, 06 Aug 2018 13:37:38 GMT, Content-Type: application/json; charset=utf-8, Connection: keep-alive, X-Powered-By: PHP/3.16201, Cache-control: no-store] org.apache.http.client.entity.DecompressingEntity@5577aeb8}
2018-08-06 16:37:38.259  INFO ramilmmk - W.S.PostService                          : Сборная Чувашии – призер Спартакиады молодежи России по маунтинбайку
2018-08-06 16:37:39.056  INFO ramilmmk - W.S.PostService                          : #RESPONSE: HttpResponseProxy{HTTP/1.1 200 OK [Server: Internet Information Services, Date: Mon, 06 Aug 2018 13:37:38 GMT, Content-Type: application/json; charset=utf-8, Connection: keep-alive, X-Powered-By: PHP/3.16201, Cache-control: no-store] org.apache.http.client.entity.DecompressingEntity@1b949f4f}
2018-08-06 16:37:39.056  INFO ramilmmk - W.S.PostService                          : POST SUGGESTING TASK DONE!
2018-08-06 16:37:39.056  INFO ramilmmk - W.S.PostService                          : Sending notification...
2018-08-06 16:37:40.273  INFO ramilmmk - W.S.PostService                          : #RESPONSE: HttpResponseProxy{HTTP/1.1 200 OK [Server: Internet Information Services, Date: Mon, 06 Aug 2018 13:37:40 GMT, Content-Type: application/json; charset=utf-8, Connection: keep-alive, X-Powered-By: PHP/3.16201, Cache-control: no-store] org.apache.http.client.entity.DecompressingEntity@13605078}
2018-08-06 16:37:40.273  INFO ramilmmk - W.S.PostService                          : NOTIFICATION SENDING TASK DONE!
