2018-08-20 19:39:16.523  INFO ramilmmk - W.Application                            : Starting Application on ramilmmk with PID 4464 (C:\Java\CryptoMonitor\CryptoMonitor\target\classes started by ramil in C:\Java\CryptoMonitor\CryptoMonitor)
2018-08-20 19:39:16.587  INFO ramilmmk - W.Application                            : No active profile set, falling back to default profiles: default
2018-08-20 19:39:16.769  INFO ramilmmk - ConfigServletWebServerApplicationContext : Refreshing org.springframework.boot.web.servlet.context.AnnotationConfigServletWebServerApplicationContext@41a2befb: startup date [Mon Aug 20 19:39:16 MSK 2018]; root of context hierarchy
2018-08-20 19:39:18.897  INFO ramilmmk - trationDelegate$BeanPostProcessorChecker : Bean 'org.springframework.transaction.annotation.ProxyTransactionManagementConfiguration' of type [org.springframework.transaction.annotation.ProxyTransactionManagementConfiguration$$EnhancerBySpringCGLIB$$3fdb3db5] is not eligible for getting processed by all BeanPostProcessors (for example: not eligible for auto-proxying)
2018-08-20 19:39:19.238  INFO ramilmmk - o.e.j.u.log                              : Logging initialized @8699ms to org.eclipse.jetty.util.log.Slf4jLog
2018-08-20 19:39:19.486  INFO ramilmmk - o.s.b.w.e.j.JettyServletWebServerFactory : Server initialized with port: 8083
2018-08-20 19:39:19.490  INFO ramilmmk - o.e.j.s.Server                           : jetty-9.4.11.v20180605; built: 2018-06-05T18:24:03.829Z; git: d5fc0523cfa96bfebfbda19606cad384d772f04c; jvm 1.8.0_112-b15
2018-08-20 19:39:19.743  INFO ramilmmk - o.e.j.s.session                          : DefaultSessionIdManager workerName=node0
2018-08-20 19:39:19.744  INFO ramilmmk - o.e.j.s.session                          : No SessionScavenger set, using defaults
2018-08-20 19:39:19.746  INFO ramilmmk - o.e.j.s.session                          : node0 Scavenging every 600000ms
2018-08-20 19:39:19.758  INFO ramilmmk - o.e.j.s.h.C.application                  : Initializing Spring embedded WebApplicationContext
2018-08-20 19:39:19.759  INFO ramilmmk - o.s.w.c.ContextLoader                    : Root WebApplicationContext: initialization completed in 3000 ms
2018-08-20 19:39:19.929  INFO ramilmmk - o.s.b.w.s.ServletRegistrationBean        : Servlet dispatcherServlet mapped to [/]
2018-08-20 19:39:19.935  INFO ramilmmk - o.s.b.w.s.FilterRegistrationBean         : Mapping filter: 'characterEncodingFilter' to: [/*]
2018-08-20 19:39:19.935  INFO ramilmmk - o.s.b.w.s.FilterRegistrationBean         : Mapping filter: 'hiddenHttpMethodFilter' to: [/*]
2018-08-20 19:39:19.936  INFO ramilmmk - o.s.b.w.s.FilterRegistrationBean         : Mapping filter: 'httpPutFormContentFilter' to: [/*]
2018-08-20 19:39:19.936  INFO ramilmmk - o.s.b.w.s.FilterRegistrationBean         : Mapping filter: 'requestContextFilter' to: [/*]
2018-08-20 19:39:19.942  INFO ramilmmk - o.e.j.s.h.ContextHandler                 : Started o.s.b.w.e.j.JettyEmbeddedWebAppContext@46d8f407{application,/,[file:///C:/Users/ramil/AppData/Local/Temp/jetty-docbase.6688166969182277508.8083/],AVAILABLE}
2018-08-20 19:39:19.943  INFO ramilmmk - o.e.j.s.Server                           : Started @9405ms
2018-08-20 19:39:20.154  INFO ramilmmk - c.z.h.HikariDataSource                   : HikariPool-1 - Starting...
2018-08-20 19:39:20.340  INFO ramilmmk - c.z.h.HikariDataSource                   : HikariPool-1 - Start completed.
2018-08-20 19:39:20.418  INFO ramilmmk - j.LocalContainerEntityManagerFactoryBean : Building JPA container EntityManagerFactory for persistence unit 'default'
2018-08-20 19:39:20.439  INFO ramilmmk - o.h.j.i.u.LogHelper                      : HHH000204: Processing PersistenceUnitInfo [
	name: default
	...]
2018-08-20 19:39:20.726  INFO ramilmmk - o.h.Version                              : HHH000412: Hibernate Core {5.2.17.Final}
2018-08-20 19:39:20.729  INFO ramilmmk - o.h.c.Environment                        : HHH000206: hibernate.properties not found
2018-08-20 19:39:20.843  INFO ramilmmk - o.h.a.c.Version                          : HCANN000001: Hibernate Commons Annotations {5.0.1.Final}
2018-08-20 19:39:21.133  INFO ramilmmk - o.h.d.Dialect                            : HHH000400: Using dialect: org.hibernate.dialect.PostgreSQLDialect
2018-08-20 19:39:21.510  INFO ramilmmk - o.h.e.j.e.i.LobCreatorBuilderImpl        : HHH000424: Disabling contextual LOB creation as createClob() method threw error : java.lang.reflect.InvocationTargetException
2018-08-20 19:39:21.512  INFO ramilmmk - o.h.t.BasicTypeRegistry                  : HHH000270: Type registration [java.util.UUID] overrides previous : org.hibernate.type.UUIDBinaryType@1ab5f08a
2018-08-20 19:39:23.918  INFO ramilmmk - j.LocalContainerEntityManagerFactoryBean : Initialized JPA EntityManagerFactory for persistence unit 'default'
2018-08-20 19:39:24.840  INFO ramilmmk - W.S.PostService                          : START SETTING UP!!!
2018-08-20 19:39:24.842  INFO ramilmmk - W.S.PostService                          : PostService properties set up
2018-08-20 19:39:24.998  INFO ramilmmk - W.S.PostService                          : MorningImageCreator properties set up
2018-08-20 19:39:24.999  INFO ramilmmk - W.S.PostService                          : START SETTING UP!!!
2018-08-20 19:39:25.000  INFO ramilmmk - W.S.PostService                          : MorningPostService properties set up
2018-08-20 19:39:25.231  INFO ramilmmk - o.s.w.s.h.SimpleUrlHandlerMapping        : Mapped URL path [/**/favicon.ico] onto handler of type [class org.springframework.web.servlet.resource.ResourceHttpRequestHandler]
2018-08-20 19:39:25.849  INFO ramilmmk - s.w.s.m.m.a.RequestMappingHandlerAdapter : Looking for @ControllerAdvice: org.springframework.boot.web.servlet.context.AnnotationConfigServletWebServerApplicationContext@41a2befb: startup date [Mon Aug 20 19:39:16 MSK 2018]; root of context hierarchy
2018-08-20 19:39:25.891  WARN ramilmmk - aWebConfiguration$JpaWebMvcConfiguration : spring.jpa.open-in-view is enabled by default. Therefore, database queries may be performed during view rendering. Explicitly configure spring.jpa.open-in-view to disable this warning
2018-08-20 19:39:25.940  INFO ramilmmk - s.w.s.m.m.a.RequestMappingHandlerMapping : Mapped "{[/],methods=[GET]}" onto public java.lang.String CryptoMonitor.Controller.MainController.render()
2018-08-20 19:39:25.941  INFO ramilmmk - s.w.s.m.m.a.RequestMappingHandlerMapping : Mapped "{[/morning],methods=[GET]}" onto public java.lang.String CryptoMonitor.Controller.MainController.checkMorning()
2018-08-20 19:39:25.941  INFO ramilmmk - s.w.s.m.m.a.RequestMappingHandlerMapping : Mapped "{[/check],methods=[GET]}" onto public java.lang.String CryptoMonitor.Controller.MainController.checkApp()
2018-08-20 19:39:25.947  INFO ramilmmk - s.w.s.m.m.a.RequestMappingHandlerMapping : Mapped "{[/error]}" onto public org.springframework.http.ResponseEntity<java.util.Map<java.lang.String, java.lang.Object>> org.springframework.boot.autoconfigure.web.servlet.error.BasicErrorController.error(javax.servlet.http.HttpServletRequest)
2018-08-20 19:39:25.948  INFO ramilmmk - s.w.s.m.m.a.RequestMappingHandlerMapping : Mapped "{[/error],produces=[text/html]}" onto public org.springframework.web.servlet.ModelAndView org.springframework.boot.autoconfigure.web.servlet.error.BasicErrorController.errorHtml(javax.servlet.http.HttpServletRequest,javax.servlet.http.HttpServletResponse)
2018-08-20 19:39:25.984  INFO ramilmmk - o.s.w.s.h.SimpleUrlHandlerMapping        : Mapped URL path [/webjars/**] onto handler of type [class org.springframework.web.servlet.resource.ResourceHttpRequestHandler]
2018-08-20 19:39:25.984  INFO ramilmmk - o.s.w.s.h.SimpleUrlHandlerMapping        : Mapped URL path [/**] onto handler of type [class org.springframework.web.servlet.resource.ResourceHttpRequestHandler]
2018-08-20 19:39:26.571  INFO ramilmmk - o.s.j.e.a.AnnotationMBeanExporter        : Registering beans for JMX exposure on startup
2018-08-20 19:39:26.572  INFO ramilmmk - o.s.j.e.a.AnnotationMBeanExporter        : Bean with name 'dataSource' has been autodetected for JMX exposure
2018-08-20 19:39:26.579  INFO ramilmmk - o.s.j.e.a.AnnotationMBeanExporter        : Located MBean 'dataSource': registering with JMX server as MBean [com.zaxxer.hikari:name=dataSource,type=HikariDataSource]
2018-08-20 19:39:26.592  INFO ramilmmk - s.a.ScheduledAnnotationBeanPostProcessor : No TaskScheduler/ScheduledExecutorService bean found for scheduled processing
2018-08-20 19:39:26.605  INFO ramilmmk - o.e.j.s.h.C.application                  : Initializing Spring FrameworkServlet 'dispatcherServlet'
2018-08-20 19:39:26.605  INFO ramilmmk - o.s.w.s.DispatcherServlet                : FrameworkServlet 'dispatcherServlet': initialization started
2018-08-20 19:39:26.640  INFO ramilmmk - o.s.w.s.DispatcherServlet                : FrameworkServlet 'dispatcherServlet': initialization completed in 35 ms
2018-08-20 19:39:26.672  INFO ramilmmk - o.e.j.s.AbstractConnector                : Started ServerConnector@7781263c{HTTP/1.1,[http/1.1]}{0.0.0.0:8083}
2018-08-20 19:39:26.688  INFO ramilmmk - o.s.b.w.e.j.JettyWebServer               : Jetty started on port(s) 8083 (http/1.1) with context path '/'
2018-08-20 19:39:26.692  INFO ramilmmk - W.Application                            : Started Application in 11.27 seconds (JVM running for 16.153)
2018-08-20 19:39:42.835  INFO ramilmmk - W.S.PostService                          : Start building morning image
2018-08-20 19:39:46.082  INFO ramilmmk - W.S.PostService                          : Morning image GENERATED SUCCESSFULLY
2018-08-20 19:39:46.082  INFO ramilmmk - W.S.PostService                          : Sending morning image to suggested news...
2018-08-20 19:39:46.089  INFO ramilmmk - W.S.PostService                          : Uploading photo...
2018-08-20 19:39:58.739  INFO ramilmmk - W.S.PostService                          : #RESPONSE: HttpResponseProxy{HTTP/1.1 200 OK [Server: Internet Information Services, Date: Mon, 20 Aug 2018 16:40:00 GMT, Content-Type: application/json; charset=utf-8, Connection: keep-alive, X-Powered-By: PHP/3.16364, Cache-control: no-store] org.apache.http.client.entity.DecompressingEntity@54f19c57}
2018-08-20 19:39:59.116  INFO ramilmmk - W.S.PostService                          : #RESPONSE: HttpResponseProxy{HTTP/1.1 200 OK [Server: Internet Information Services, Date: Mon, 20 Aug 2018 16:40:01 GMT, Content-Type: application/json; charset=utf-8, Connection: keep-alive, X-Powered-By: PHP/3.16364, Cache-control: no-store] org.apache.http.client.entity.DecompressingEntity@488906c3}
2018-08-20 19:39:59.333  INFO ramilmmk - W.S.PostService                          : #RESPONSE: HttpResponseProxy{HTTP/1.1 200 OK [Server: Internet Information Services, Date: Mon, 20 Aug 2018 16:40:01 GMT, Content-Type: application/json; charset=utf-8, Connection: keep-alive, X-Powered-By: PHP/3.16364, Cache-control: no-store] org.apache.http.client.entity.DecompressingEntity@704f5ffc}
2018-08-20 19:39:59.333  INFO ramilmmk - W.S.PostService                          : MORNING POST SUGGESTING TASK DONE!
2018-08-20 19:39:59.333  INFO ramilmmk - W.S.PostService                          : Sending notification...
2018-08-20 19:40:00.150  INFO ramilmmk - W.S.PostService                          : #RESPONSE: HttpResponseProxy{HTTP/1.1 200 OK [Server: Internet Information Services, Date: Mon, 20 Aug 2018 16:40:02 GMT, Content-Type: application/json; charset=utf-8, Connection: keep-alive, X-Powered-By: PHP/3.16364, Cache-control: no-store] org.apache.http.client.entity.DecompressingEntity@1acf83c0}
2018-08-20 19:40:00.151  INFO ramilmmk - W.S.PostService                          : NOTIFICATION SENDING TASK DONE!
2018-08-20 19:47:30.844  INFO ramilmmk - W.Application                            : Starting Application on ramilmmk with PID 3060 (C:\Java\CryptoMonitor\CryptoMonitor\target\classes started by ramil in C:\Java\CryptoMonitor\CryptoMonitor)
2018-08-20 19:47:30.853  INFO ramilmmk - W.Application                            : No active profile set, falling back to default profiles: default
2018-08-20 19:47:30.977  INFO ramilmmk - ConfigServletWebServerApplicationContext : Refreshing org.springframework.boot.web.servlet.context.AnnotationConfigServletWebServerApplicationContext@7d20d0b: startup date [Mon Aug 20 19:47:30 MSK 2018]; root of context hierarchy
2018-08-20 19:47:33.757  INFO ramilmmk - trationDelegate$BeanPostProcessorChecker : Bean 'org.springframework.transaction.annotation.ProxyTransactionManagementConfiguration' of type [org.springframework.transaction.annotation.ProxyTransactionManagementConfiguration$$EnhancerBySpringCGLIB$$41fa25a4] is not eligible for getting processed by all BeanPostProcessors (for example: not eligible for auto-proxying)
2018-08-20 19:47:34.005  INFO ramilmmk - o.e.j.u.log                              : Logging initialized @7363ms to org.eclipse.jetty.util.log.Slf4jLog
2018-08-20 19:47:34.146  INFO ramilmmk - o.s.b.w.e.j.JettyServletWebServerFactory : Server initialized with port: 8083
2018-08-20 19:47:34.152  INFO ramilmmk - o.e.j.s.Server                           : jetty-9.4.11.v20180605; built: 2018-06-05T18:24:03.829Z; git: d5fc0523cfa96bfebfbda19606cad384d772f04c; jvm 1.8.0_112-b15
2018-08-20 19:47:34.359  INFO ramilmmk - o.e.j.s.session                          : DefaultSessionIdManager workerName=node0
2018-08-20 19:47:34.360  INFO ramilmmk - o.e.j.s.session                          : No SessionScavenger set, using defaults
2018-08-20 19:47:34.362  INFO ramilmmk - o.e.j.s.session                          : node0 Scavenging every 600000ms
2018-08-20 19:47:34.371  INFO ramilmmk - o.e.j.s.h.C.application                  : Initializing Spring embedded WebApplicationContext
2018-08-20 19:47:34.371  INFO ramilmmk - o.s.w.c.ContextLoader                    : Root WebApplicationContext: initialization completed in 3399 ms
2018-08-20 19:47:34.633  INFO ramilmmk - o.s.b.w.s.ServletRegistrationBean        : Servlet dispatcherServlet mapped to [/]
2018-08-20 19:47:34.636  INFO ramilmmk - o.s.b.w.s.FilterRegistrationBean         : Mapping filter: 'characterEncodingFilter' to: [/*]
2018-08-20 19:47:34.636  INFO ramilmmk - o.s.b.w.s.FilterRegistrationBean         : Mapping filter: 'hiddenHttpMethodFilter' to: [/*]
2018-08-20 19:47:34.636  INFO ramilmmk - o.s.b.w.s.FilterRegistrationBean         : Mapping filter: 'httpPutFormContentFilter' to: [/*]
2018-08-20 19:47:34.637  INFO ramilmmk - o.s.b.w.s.FilterRegistrationBean         : Mapping filter: 'requestContextFilter' to: [/*]
2018-08-20 19:47:34.642  INFO ramilmmk - o.e.j.s.h.ContextHandler                 : Started o.s.b.w.e.j.JettyEmbeddedWebAppContext@25a73de1{application,/,[file:///C:/Users/ramil/AppData/Local/Temp/jetty-docbase.950072135966144279.8083/],AVAILABLE}
2018-08-20 19:47:34.643  INFO ramilmmk - o.e.j.s.Server                           : Started @8003ms
2018-08-20 19:47:34.794  INFO ramilmmk - c.z.h.HikariDataSource                   : HikariPool-1 - Starting...
2018-08-20 19:47:34.974  INFO ramilmmk - c.z.h.HikariDataSource                   : HikariPool-1 - Start completed.
2018-08-20 19:47:35.044  INFO ramilmmk - j.LocalContainerEntityManagerFactoryBean : Building JPA container EntityManagerFactory for persistence unit 'default'
2018-08-20 19:47:35.059  INFO ramilmmk - o.h.j.i.u.LogHelper                      : HHH000204: Processing PersistenceUnitInfo [
	name: default
	...]
2018-08-20 19:47:35.285  INFO ramilmmk - o.h.Version                              : HHH000412: Hibernate Core {5.2.17.Final}
2018-08-20 19:47:35.287  INFO ramilmmk - o.h.c.Environment                        : HHH000206: hibernate.properties not found
2018-08-20 19:47:35.358  INFO ramilmmk - o.h.a.c.Version                          : HCANN000001: Hibernate Commons Annotations {5.0.1.Final}
2018-08-20 19:47:35.593  INFO ramilmmk - o.h.d.Dialect                            : HHH000400: Using dialect: org.hibernate.dialect.PostgreSQLDialect
2018-08-20 19:47:35.799  INFO ramilmmk - o.h.e.j.e.i.LobCreatorBuilderImpl        : HHH000424: Disabling contextual LOB creation as createClob() method threw error : java.lang.reflect.InvocationTargetException
2018-08-20 19:47:35.803  INFO ramilmmk - o.h.t.BasicTypeRegistry                  : HHH000270: Type registration [java.util.UUID] overrides previous : org.hibernate.type.UUIDBinaryType@6812fa3a
2018-08-20 19:47:36.416  INFO ramilmmk - j.LocalContainerEntityManagerFactoryBean : Initialized JPA EntityManagerFactory for persistence unit 'default'
2018-08-20 19:47:36.887  INFO ramilmmk - W.S.PostService                          : START SETTING UP!!!
2018-08-20 19:47:36.887  INFO ramilmmk - W.S.PostService                          : PostService properties set up
2018-08-20 19:47:36.951  INFO ramilmmk - W.S.PostService                          : MorningImageCreator properties set up
2018-08-20 19:47:36.952  INFO ramilmmk - W.S.PostService                          : START SETTING UP!!!
2018-08-20 19:47:36.953  INFO ramilmmk - W.S.PostService                          : MorningPostService properties set up
2018-08-20 19:47:37.192  INFO ramilmmk - o.s.w.s.h.SimpleUrlHandlerMapping        : Mapped URL path [/**/favicon.ico] onto handler of type [class org.springframework.web.servlet.resource.ResourceHttpRequestHandler]
2018-08-20 19:47:37.873  INFO ramilmmk - s.w.s.m.m.a.RequestMappingHandlerAdapter : Looking for @ControllerAdvice: org.springframework.boot.web.servlet.context.AnnotationConfigServletWebServerApplicationContext@7d20d0b: startup date [Mon Aug 20 19:47:30 MSK 2018]; root of context hierarchy
2018-08-20 19:47:37.946  WARN ramilmmk - aWebConfiguration$JpaWebMvcConfiguration : spring.jpa.open-in-view is enabled by default. Therefore, database queries may be performed during view rendering. Explicitly configure spring.jpa.open-in-view to disable this warning
2018-08-20 19:47:38.011  INFO ramilmmk - s.w.s.m.m.a.RequestMappingHandlerMapping : Mapped "{[/],methods=[GET]}" onto public java.lang.String CryptoMonitor.Controller.MainController.render()
2018-08-20 19:47:38.013  INFO ramilmmk - s.w.s.m.m.a.RequestMappingHandlerMapping : Mapped "{[/check],methods=[GET]}" onto public java.lang.String CryptoMonitor.Controller.MainController.checkApp()
2018-08-20 19:47:38.014  INFO ramilmmk - s.w.s.m.m.a.RequestMappingHandlerMapping : Mapped "{[/morning],methods=[GET]}" onto public java.lang.String CryptoMonitor.Controller.MainController.checkMorning()
2018-08-20 19:47:38.022  INFO ramilmmk - s.w.s.m.m.a.RequestMappingHandlerMapping : Mapped "{[/error]}" onto public org.springframework.http.ResponseEntity<java.util.Map<java.lang.String, java.lang.Object>> org.springframework.boot.autoconfigure.web.servlet.error.BasicErrorController.error(javax.servlet.http.HttpServletRequest)
2018-08-20 19:47:38.024  INFO ramilmmk - s.w.s.m.m.a.RequestMappingHandlerMapping : Mapped "{[/error],produces=[text/html]}" onto public org.springframework.web.servlet.ModelAndView org.springframework.boot.autoconfigure.web.servlet.error.BasicErrorController.errorHtml(javax.servlet.http.HttpServletRequest,javax.servlet.http.HttpServletResponse)
2018-08-20 19:47:38.175  INFO ramilmmk - o.s.w.s.h.SimpleUrlHandlerMapping        : Mapped URL path [/webjars/**] onto handler of type [class org.springframework.web.servlet.resource.ResourceHttpRequestHandler]
2018-08-20 19:47:38.175  INFO ramilmmk - o.s.w.s.h.SimpleUrlHandlerMapping        : Mapped URL path [/**] onto handler of type [class org.springframework.web.servlet.resource.ResourceHttpRequestHandler]
2018-08-20 19:47:39.132  INFO ramilmmk - o.s.j.e.a.AnnotationMBeanExporter        : Registering beans for JMX exposure on startup
2018-08-20 19:47:39.135  INFO ramilmmk - o.s.j.e.a.AnnotationMBeanExporter        : Bean with name 'dataSource' has been autodetected for JMX exposure
2018-08-20 19:47:39.148  INFO ramilmmk - o.s.j.e.a.AnnotationMBeanExporter        : Located MBean 'dataSource': registering with JMX server as MBean [com.zaxxer.hikari:name=dataSource,type=HikariDataSource]
2018-08-20 19:47:39.175  INFO ramilmmk - s.a.ScheduledAnnotationBeanPostProcessor : No TaskScheduler/ScheduledExecutorService bean found for scheduled processing
2018-08-20 19:47:39.192  INFO ramilmmk - o.e.j.s.h.C.application                  : Initializing Spring FrameworkServlet 'dispatcherServlet'
2018-08-20 19:47:39.193  INFO ramilmmk - o.s.w.s.DispatcherServlet                : FrameworkServlet 'dispatcherServlet': initialization started
2018-08-20 19:47:39.215  INFO ramilmmk - o.s.w.s.DispatcherServlet                : FrameworkServlet 'dispatcherServlet': initialization completed in 22 ms
2018-08-20 19:47:39.248  INFO ramilmmk - o.e.j.s.AbstractConnector                : Started ServerConnector@509a6095{HTTP/1.1,[http/1.1]}{0.0.0.0:8083}
2018-08-20 19:47:39.252  INFO ramilmmk - o.s.b.w.e.j.JettyWebServer               : Jetty started on port(s) 8083 (http/1.1) with context path '/'
2018-08-20 19:47:39.256  INFO ramilmmk - W.Application                            : Started Application in 8.987 seconds (JVM running for 12.615)
2018-08-20 19:48:10.187  INFO ramilmmk - W.Application                            : Starting Application on ramilmmk with PID 13852 (C:\Java\CryptoMonitor\CryptoMonitor\target\classes started by ramil in C:\Java\CryptoMonitor\CryptoMonitor)
2018-08-20 19:48:10.197  INFO ramilmmk - W.Application                            : No active profile set, falling back to default profiles: default
2018-08-20 19:48:10.301  INFO ramilmmk - ConfigServletWebServerApplicationContext : Refreshing org.springframework.boot.web.servlet.context.AnnotationConfigServletWebServerApplicationContext@20d525: startup date [Mon Aug 20 19:48:10 MSK 2018]; root of context hierarchy
2018-08-20 19:48:13.487  INFO ramilmmk - trationDelegate$BeanPostProcessorChecker : Bean 'org.springframework.transaction.annotation.ProxyTransactionManagementConfiguration' of type [org.springframework.transaction.annotation.ProxyTransactionManagementConfiguration$$EnhancerBySpringCGLIB$$df54bbb1] is not eligible for getting processed by all BeanPostProcessors (for example: not eligible for auto-proxying)
2018-08-20 19:48:13.981  INFO ramilmmk - o.e.j.u.log                              : Logging initialized @7102ms to org.eclipse.jetty.util.log.Slf4jLog
2018-08-20 19:48:14.411  INFO ramilmmk - o.s.b.w.e.j.JettyServletWebServerFactory : Server initialized with port: 8083
2018-08-20 19:48:14.444  INFO ramilmmk - o.e.j.s.Server                           : jetty-9.4.11.v20180605; built: 2018-06-05T18:24:03.829Z; git: d5fc0523cfa96bfebfbda19606cad384d772f04c; jvm 1.8.0_112-b15
2018-08-20 19:48:14.645  INFO ramilmmk - o.e.j.s.session                          : DefaultSessionIdManager workerName=node0
2018-08-20 19:48:14.645  INFO ramilmmk - o.e.j.s.session                          : No SessionScavenger set, using defaults
2018-08-20 19:48:14.649  INFO ramilmmk - o.e.j.s.session                          : node0 Scavenging every 660000ms
2018-08-20 19:48:14.663  INFO ramilmmk - o.e.j.s.h.C.application                  : Initializing Spring embedded WebApplicationContext
2018-08-20 19:48:14.663  INFO ramilmmk - o.s.w.c.ContextLoader                    : Root WebApplicationContext: initialization completed in 4367 ms
2018-08-20 19:48:14.882  INFO ramilmmk - o.s.b.w.s.ServletRegistrationBean        : Servlet dispatcherServlet mapped to [/]
2018-08-20 19:48:14.887  INFO ramilmmk - o.s.b.w.s.FilterRegistrationBean         : Mapping filter: 'characterEncodingFilter' to: [/*]
2018-08-20 19:48:14.888  INFO ramilmmk - o.s.b.w.s.FilterRegistrationBean         : Mapping filter: 'hiddenHttpMethodFilter' to: [/*]
2018-08-20 19:48:14.888  INFO ramilmmk - o.s.b.w.s.FilterRegistrationBean         : Mapping filter: 'httpPutFormContentFilter' to: [/*]
2018-08-20 19:48:14.888  INFO ramilmmk - o.s.b.w.s.FilterRegistrationBean         : Mapping filter: 'requestContextFilter' to: [/*]
2018-08-20 19:48:14.897  INFO ramilmmk - o.e.j.s.h.ContextHandler                 : Started o.s.b.w.e.j.JettyEmbeddedWebAppContext@1e6cc850{application,/,[file:///C:/Users/ramil/AppData/Local/Temp/jetty-docbase.8601438391317264008.8083/],AVAILABLE}
2018-08-20 19:48:14.900  INFO ramilmmk - o.e.j.s.Server                           : Started @8024ms
2018-08-20 19:48:15.099  INFO ramilmmk - c.z.h.HikariDataSource                   : HikariPool-1 - Starting...
2018-08-20 19:48:15.294  INFO ramilmmk - c.z.h.HikariDataSource                   : HikariPool-1 - Start completed.
2018-08-20 19:48:15.378  INFO ramilmmk - j.LocalContainerEntityManagerFactoryBean : Building JPA container EntityManagerFactory for persistence unit 'default'
2018-08-20 19:48:15.397  INFO ramilmmk - o.h.j.i.u.LogHelper                      : HHH000204: Processing PersistenceUnitInfo [
	name: default
	...]
2018-08-20 19:48:15.750  INFO ramilmmk - o.h.Version                              : HHH000412: Hibernate Core {5.2.17.Final}
2018-08-20 19:48:15.752  INFO ramilmmk - o.h.c.Environment                        : HHH000206: hibernate.properties not found
2018-08-20 19:48:15.858  INFO ramilmmk - o.h.a.c.Version                          : HCANN000001: Hibernate Commons Annotations {5.0.1.Final}
2018-08-20 19:48:16.172  INFO ramilmmk - o.h.d.Dialect                            : HHH000400: Using dialect: org.hibernate.dialect.PostgreSQLDialect
2018-08-20 19:48:16.388  INFO ramilmmk - o.h.e.j.e.i.LobCreatorBuilderImpl        : HHH000424: Disabling contextual LOB creation as createClob() method threw error : java.lang.reflect.InvocationTargetException
2018-08-20 19:48:16.391  INFO ramilmmk - o.h.t.BasicTypeRegistry                  : HHH000270: Type registration [java.util.UUID] overrides previous : org.hibernate.type.UUIDBinaryType@31c628e7
2018-08-20 19:48:17.780  INFO ramilmmk - j.LocalContainerEntityManagerFactoryBean : Initialized JPA EntityManagerFactory for persistence unit 'default'
2018-08-20 19:48:18.465  INFO ramilmmk - W.S.PostService                          : START SETTING UP!!!
2018-08-20 19:48:18.466  INFO ramilmmk - W.S.PostService                          : PostService properties set up
2018-08-20 19:48:18.521  INFO ramilmmk - W.S.PostService                          : MorningImageCreator properties set up
2018-08-20 19:48:18.522  INFO ramilmmk - W.S.PostService                          : START SETTING UP!!!
2018-08-20 19:48:18.522  INFO ramilmmk - W.S.PostService                          : MorningPostService properties set up
2018-08-20 19:48:18.637  INFO ramilmmk - o.s.w.s.h.SimpleUrlHandlerMapping        : Mapped URL path [/**/favicon.ico] onto handler of type [class org.springframework.web.servlet.resource.ResourceHttpRequestHandler]
2018-08-20 19:48:19.075  INFO ramilmmk - s.w.s.m.m.a.RequestMappingHandlerAdapter : Looking for @ControllerAdvice: org.springframework.boot.web.servlet.context.AnnotationConfigServletWebServerApplicationContext@20d525: startup date [Mon Aug 20 19:48:10 MSK 2018]; root of context hierarchy
2018-08-20 19:48:19.112  WARN ramilmmk - aWebConfiguration$JpaWebMvcConfiguration : spring.jpa.open-in-view is enabled by default. Therefore, database queries may be performed during view rendering. Explicitly configure spring.jpa.open-in-view to disable this warning
2018-08-20 19:48:19.167  INFO ramilmmk - s.w.s.m.m.a.RequestMappingHandlerMapping : Mapped "{[/],methods=[GET]}" onto public java.lang.String CryptoMonitor.Controller.MainController.render()
2018-08-20 19:48:19.168  INFO ramilmmk - s.w.s.m.m.a.RequestMappingHandlerMapping : Mapped "{[/check],methods=[GET]}" onto public java.lang.String CryptoMonitor.Controller.MainController.checkApp()
2018-08-20 19:48:19.168  INFO ramilmmk - s.w.s.m.m.a.RequestMappingHandlerMapping : Mapped "{[/morning],methods=[GET]}" onto public java.lang.String CryptoMonitor.Controller.MainController.checkMorning()
2018-08-20 19:48:19.175  INFO ramilmmk - s.w.s.m.m.a.RequestMappingHandlerMapping : Mapped "{[/error]}" onto public org.springframework.http.ResponseEntity<java.util.Map<java.lang.String, java.lang.Object>> org.springframework.boot.autoconfigure.web.servlet.error.BasicErrorController.error(javax.servlet.http.HttpServletRequest)
2018-08-20 19:48:19.176  INFO ramilmmk - s.w.s.m.m.a.RequestMappingHandlerMapping : Mapped "{[/error],produces=[text/html]}" onto public org.springframework.web.servlet.ModelAndView org.springframework.boot.autoconfigure.web.servlet.error.BasicErrorController.errorHtml(javax.servlet.http.HttpServletRequest,javax.servlet.http.HttpServletResponse)
2018-08-20 19:48:19.215  INFO ramilmmk - o.s.w.s.h.SimpleUrlHandlerMapping        : Mapped URL path [/webjars/**] onto handler of type [class org.springframework.web.servlet.resource.ResourceHttpRequestHandler]
2018-08-20 19:48:19.216  INFO ramilmmk - o.s.w.s.h.SimpleUrlHandlerMapping        : Mapped URL path [/**] onto handler of type [class org.springframework.web.servlet.resource.ResourceHttpRequestHandler]
2018-08-20 19:48:19.999  INFO ramilmmk - o.s.j.e.a.AnnotationMBeanExporter        : Registering beans for JMX exposure on startup
2018-08-20 19:48:20.003  INFO ramilmmk - o.s.j.e.a.AnnotationMBeanExporter        : Bean with name 'dataSource' has been autodetected for JMX exposure
2018-08-20 19:48:20.013  INFO ramilmmk - o.s.j.e.a.AnnotationMBeanExporter        : Located MBean 'dataSource': registering with JMX server as MBean [com.zaxxer.hikari:name=dataSource,type=HikariDataSource]
2018-08-20 19:48:20.036  INFO ramilmmk - s.a.ScheduledAnnotationBeanPostProcessor : No TaskScheduler/ScheduledExecutorService bean found for scheduled processing
2018-08-20 19:48:20.059  INFO ramilmmk - o.e.j.s.h.C.application                  : Initializing Spring FrameworkServlet 'dispatcherServlet'
2018-08-20 19:48:20.059  INFO ramilmmk - o.s.w.s.DispatcherServlet                : FrameworkServlet 'dispatcherServlet': initialization started
2018-08-20 19:48:20.085  INFO ramilmmk - o.s.w.s.DispatcherServlet                : FrameworkServlet 'dispatcherServlet': initialization completed in 26 ms
2018-08-20 19:48:20.137  INFO ramilmmk - o.e.j.s.AbstractConnector                : Started ServerConnector@2aea717c{HTTP/1.1,[http/1.1]}{0.0.0.0:8083}
2018-08-20 19:48:20.142  INFO ramilmmk - o.s.b.w.e.j.JettyWebServer               : Jetty started on port(s) 8083 (http/1.1) with context path '/'
2018-08-20 19:48:20.147  INFO ramilmmk - W.Application                            : Started Application in 10.767 seconds (JVM running for 13.271)
2018-08-20 19:48:29.536  INFO ramilmmk - W.S.PostService                          : Start building morning image
2018-08-20 19:48:32.505  INFO ramilmmk - W.S.PostService                          : Morning image GENERATED SUCCESSFULLY
2018-08-20 19:48:32.505  INFO ramilmmk - W.S.PostService                          : Sending morning image to suggested news...
2018-08-20 19:48:32.511  INFO ramilmmk - W.S.PostService                          : Uploading photo...
2018-08-20 19:48:50.380  INFO ramilmmk - W.S.PostService                          : #RESPONSE: HttpResponseProxy{HTTP/1.1 200 OK [Server: Internet Information Services, Date: Mon, 20 Aug 2018 16:48:52 GMT, Content-Type: application/json; charset=utf-8, Connection: keep-alive, X-Powered-By: PHP/3.16364, Cache-control: no-store] org.apache.http.client.entity.DecompressingEntity@3f1de2e7}
2018-08-20 19:48:50.590  INFO ramilmmk - W.S.PostService                          : #RESPONSE: HttpResponseProxy{HTTP/1.1 200 OK [Server: Internet Information Services, Date: Mon, 20 Aug 2018 16:48:52 GMT, Content-Type: application/json; charset=utf-8, Connection: keep-alive, X-Powered-By: PHP/3.16364, Cache-control: no-store] org.apache.http.client.entity.DecompressingEntity@68bc2405}
2018-08-20 19:48:50.590  INFO ramilmmk - W.S.PostService                          : MORNING POST SUGGESTING TASK DONE!
2018-08-20 19:48:50.590  INFO ramilmmk - W.S.PostService                          : Sending notification...
2018-08-20 19:48:51.347  INFO ramilmmk - W.S.PostService                          : #RESPONSE: HttpResponseProxy{HTTP/1.1 200 OK [Server: Internet Information Services, Date: Mon, 20 Aug 2018 16:48:53 GMT, Content-Type: application/json; charset=utf-8, Connection: keep-alive, X-Powered-By: PHP/3.16364, Cache-control: no-store] org.apache.http.client.entity.DecompressingEntity@78a1962e}
2018-08-20 19:48:51.347  INFO ramilmmk - W.S.PostService                          : NOTIFICATION SENDING TASK DONE!
