2018-08-03 17:28:33.629  INFO ramilmmk - W.Application                            : Starting Application on ramilmmk with PID 1580 (C:\Java\CryptoMonitor\CryptoMonitor\target\classes started by ramil in C:\Java\CryptoMonitor\CryptoMonitor)
2018-08-03 17:28:33.729  INFO ramilmmk - W.Application                            : No active profile set, falling back to default profiles: default
2018-08-03 17:28:34.333  INFO ramilmmk - ConfigServletWebServerApplicationContext : Refreshing org.springframework.boot.web.servlet.context.AnnotationConfigServletWebServerApplicationContext@8297b3a: startup date [Fri Aug 03 17:28:34 MSK 2018]; root of context hierarchy
2018-08-03 17:28:37.239  INFO ramilmmk - trationDelegate$BeanPostProcessorChecker : Bean 'org.springframework.transaction.annotation.ProxyTransactionManagementConfiguration' of type [org.springframework.transaction.annotation.ProxyTransactionManagementConfiguration$$EnhancerBySpringCGLIB$$d0c469f3] is not eligible for getting processed by all BeanPostProcessors (for example: not eligible for auto-proxying)
2018-08-03 17:28:37.945  INFO ramilmmk - o.s.b.w.e.j.JettyServletWebServerFactory : Server initialized with port: 8085
2018-08-03 17:28:38.171  INFO ramilmmk - o.s.w.c.ContextLoader                    : Root WebApplicationContext: initialization completed in 4089 ms
2018-08-03 17:28:38.432  INFO ramilmmk - o.s.b.w.s.ServletRegistrationBean        : Servlet dispatcherServlet mapped to [/]
2018-08-03 17:28:38.436  INFO ramilmmk - o.s.b.w.s.FilterRegistrationBean         : Mapping filter: 'characterEncodingFilter' to: [/*]
2018-08-03 17:28:38.436  INFO ramilmmk - o.s.b.w.s.FilterRegistrationBean         : Mapping filter: 'hiddenHttpMethodFilter' to: [/*]
2018-08-03 17:28:38.436  INFO ramilmmk - o.s.b.w.s.FilterRegistrationBean         : Mapping filter: 'httpPutFormContentFilter' to: [/*]
2018-08-03 17:28:38.436  INFO ramilmmk - o.s.b.w.s.FilterRegistrationBean         : Mapping filter: 'requestContextFilter' to: [/*]
2018-08-03 17:28:39.000  INFO ramilmmk - j.LocalContainerEntityManagerFactoryBean : Building JPA container EntityManagerFactory for persistence unit 'default'
2018-08-03 17:28:39.028  INFO ramilmmk - o.h.j.i.u.LogHelper                      : HHH000204: Processing PersistenceUnitInfo [
	name: default
	...]
2018-08-03 17:28:39.352  INFO ramilmmk - o.h.Version                              : HHH000412: Hibernate Core {5.2.17.Final}
2018-08-03 17:28:39.355  INFO ramilmmk - o.h.c.Environment                        : HHH000206: hibernate.properties not found
2018-08-03 17:28:39.519  INFO ramilmmk - o.h.a.c.Version                          : HCANN000001: Hibernate Commons Annotations {5.0.1.Final}
2018-08-03 17:28:39.804  INFO ramilmmk - o.h.d.Dialect                            : HHH000400: Using dialect: org.hibernate.dialect.PostgreSQLDialect
2018-08-03 17:28:40.119  INFO ramilmmk - o.h.e.j.e.i.LobCreatorBuilderImpl        : HHH000424: Disabling contextual LOB creation as createClob() method threw error : java.lang.reflect.InvocationTargetException
2018-08-03 17:28:40.122  INFO ramilmmk - o.h.t.BasicTypeRegistry                  : HHH000270: Type registration [java.util.UUID] overrides previous : org.hibernate.type.UUIDBinaryType@272ce069
2018-08-03 17:28:41.250  INFO ramilmmk - j.LocalContainerEntityManagerFactoryBean : Initialized JPA EntityManagerFactory for persistence unit 'default'
2018-08-03 17:28:42.842  INFO ramilmmk - o.s.w.s.h.SimpleUrlHandlerMapping        : Mapped URL path [/**/favicon.ico] onto handler of type [class org.springframework.web.servlet.resource.ResourceHttpRequestHandler]
2018-08-03 17:28:43.647  INFO ramilmmk - s.w.s.m.m.a.RequestMappingHandlerAdapter : Looking for @ControllerAdvice: org.springframework.boot.web.servlet.context.AnnotationConfigServletWebServerApplicationContext@8297b3a: startup date [Fri Aug 03 17:28:34 MSK 2018]; root of context hierarchy
2018-08-03 17:28:43.705  WARN ramilmmk - aWebConfiguration$JpaWebMvcConfiguration : spring.jpa.open-in-view is enabled by default. Therefore, database queries may be performed during view rendering. Explicitly configure spring.jpa.open-in-view to disable this warning
2018-08-03 17:28:43.935  INFO ramilmmk - s.w.s.m.m.a.RequestMappingHandlerMapping : Mapped "{[/],methods=[GET]}" onto public java.lang.String CryptoMonitor.Controller.MainController.render()
2018-08-03 17:28:43.939  INFO ramilmmk - s.w.s.m.m.a.RequestMappingHandlerMapping : Mapped "{[/check],methods=[GET]}" onto public java.lang.String CryptoMonitor.Controller.MainController.checkApp()
2018-08-03 17:28:43.944  INFO ramilmmk - s.w.s.m.m.a.RequestMappingHandlerMapping : Mapped "{[/error]}" onto public org.springframework.http.ResponseEntity<java.util.Map<java.lang.String, java.lang.Object>> org.springframework.boot.autoconfigure.web.servlet.error.BasicErrorController.error(javax.servlet.http.HttpServletRequest)
2018-08-03 17:28:43.945  INFO ramilmmk - s.w.s.m.m.a.RequestMappingHandlerMapping : Mapped "{[/error],produces=[text/html]}" onto public org.springframework.web.servlet.ModelAndView org.springframework.boot.autoconfigure.web.servlet.error.BasicErrorController.errorHtml(javax.servlet.http.HttpServletRequest,javax.servlet.http.HttpServletResponse)
2018-08-03 17:28:43.996  INFO ramilmmk - o.s.w.s.h.SimpleUrlHandlerMapping        : Mapped URL path [/webjars/**] onto handler of type [class org.springframework.web.servlet.resource.ResourceHttpRequestHandler]
2018-08-03 17:28:43.996  INFO ramilmmk - o.s.w.s.h.SimpleUrlHandlerMapping        : Mapped URL path [/**] onto handler of type [class org.springframework.web.servlet.resource.ResourceHttpRequestHandler]
2018-08-03 17:28:45.539  INFO ramilmmk - o.s.j.e.a.AnnotationMBeanExporter        : Registering beans for JMX exposure on startup
2018-08-03 17:28:45.542  INFO ramilmmk - o.s.j.e.a.AnnotationMBeanExporter        : Bean with name 'dataSource' has been autodetected for JMX exposure
2018-08-03 17:28:45.561  INFO ramilmmk - o.s.j.e.a.AnnotationMBeanExporter        : Located MBean 'dataSource': registering with JMX server as MBean [com.zaxxer.hikari:name=dataSource,type=HikariDataSource]
2018-08-03 17:28:45.601  INFO ramilmmk - s.a.ScheduledAnnotationBeanPostProcessor : No TaskScheduler/ScheduledExecutorService bean found for scheduled processing
2018-08-03 17:28:45.693  INFO ramilmmk - o.s.w.s.DispatcherServlet                : FrameworkServlet 'dispatcherServlet': initialization started
2018-08-03 17:28:45.731  INFO ramilmmk - o.s.w.s.DispatcherServlet                : FrameworkServlet 'dispatcherServlet': initialization completed in 38 ms
2018-08-03 17:28:45.816  INFO ramilmmk - o.s.b.w.e.j.JettyWebServer               : Jetty started on port(s) 8085 (http/1.1) with context path '/'
2018-08-03 17:28:45.915  INFO ramilmmk - W.Application                            : Started Application in 13.818 seconds (JVM running for 19.076)
2018-08-03 17:28:46.672  INFO ramilmmk - W.S.PostService                          : Start parsing gov.cap
2018-08-03 17:28:49.674  INFO ramilmmk - o.h.h.i.QueryTranslatorFactoryInitiator  : HHH000397: Using ASTQueryTranslatorFactory
2018-08-03 17:28:52.138  INFO ramilmmk - W.S.PostService                          : Checking post...
2018-08-03 17:28:52.139  INFO ramilmmk - W.S.PostService                          : Saving new post...
2018-08-03 17:28:52.225  INFO ramilmmk - W.S.PostService                          : Sending to suggested news...
2018-08-03 17:28:54.466  INFO ramilmmk - W.S.PostService                          : Uploading photo...
2018-08-03 17:28:55.833  INFO ramilmmk - W.S.PostService                          : Saving new post...
2018-08-03 17:28:55.837  INFO ramilmmk - W.S.PostService                          : Sending to suggested news...
2018-08-03 17:28:56.706  INFO ramilmmk - W.S.PostService                          : Uploading photo...
2018-08-03 17:28:56.916  INFO ramilmmk - W.S.PostService                          : Saving new post...
2018-08-03 17:28:56.920  INFO ramilmmk - W.S.PostService                          : Sending to suggested news...
2018-08-03 17:28:57.837  INFO ramilmmk - W.S.PostService                          : Uploading photo...
2018-08-03 17:28:58.106  INFO ramilmmk - W.S.PostService                          : Saving new post...
2018-08-03 17:28:58.110  INFO ramilmmk - W.S.PostService                          : Sending to suggested news...
2018-08-03 17:29:00.078  INFO ramilmmk - W.S.PostService                          : Uploading photo...
2018-08-03 17:29:00.310  INFO ramilmmk - W.S.PostService                          : Saving new post...
2018-08-03 17:29:00.316  INFO ramilmmk - W.S.PostService                          : Sending to suggested news...
2018-08-03 17:29:01.699  INFO ramilmmk - W.S.PostService                          : Uploading photo...
2018-08-03 17:29:03.640  INFO ramilmmk - W.S.PostService                          : Checking post...
2018-08-03 17:29:03.641  INFO ramilmmk - W.S.PostService                          : Saving new post...
2018-08-03 17:29:03.644  INFO ramilmmk - W.S.PostService                          : Sending to suggested news...
2018-08-03 17:29:07.886  INFO ramilmmk - W.S.PostService                          : Uploading photo...
2018-08-03 17:29:09.133  INFO ramilmmk - W.S.PostService                          : Saving new post...
2018-08-03 17:29:09.137  INFO ramilmmk - W.S.PostService                          : Sending to suggested news...
2018-08-03 17:29:09.947  INFO ramilmmk - W.S.PostService                          : Uploading photo...
2018-08-03 17:29:11.202  INFO ramilmmk - W.S.PostService                          : Saving new post...
2018-08-03 17:29:11.205  INFO ramilmmk - W.S.PostService                          : Sending to suggested news...
2018-08-03 17:29:11.509  INFO ramilmmk - W.S.PostService                          : Uploading photo...
2018-08-03 17:29:12.863  INFO ramilmmk - W.S.PostService                          : Saving new post...
2018-08-03 17:29:12.866  INFO ramilmmk - W.S.PostService                          : Sending to suggested news...
2018-08-03 17:29:17.194  INFO ramilmmk - W.S.PostService                          : Uploading photo...
2018-08-03 17:29:17.402  INFO ramilmmk - W.S.PostService                          : Saving new post...
2018-08-03 17:29:17.405  INFO ramilmmk - W.S.PostService                          : Sending to suggested news...
2018-08-03 17:29:17.446  INFO ramilmmk - W.S.PostService                          : Uploading photo...
2018-08-03 17:29:19.264  INFO ramilmmk - W.S.PostService                          : Checking post...
2018-08-03 17:29:19.264  INFO ramilmmk - W.S.PostService                          : Saving new post...
2018-08-03 17:29:19.267  INFO ramilmmk - W.S.PostService                          : Sending to suggested news...
2018-08-03 17:29:20.070  INFO ramilmmk - W.S.PostService                          : Uploading photo...
2018-08-03 17:29:20.277  INFO ramilmmk - W.S.PostService                          : Start parsing kanashen.ru
2018-08-03 17:29:24.626  INFO ramilmmk - W.S.PostService                          : Checking post...
2018-08-03 17:29:24.626  INFO ramilmmk - W.S.PostService                          : Saving new post...
2018-08-03 17:29:24.629  INFO ramilmmk - W.S.PostService                          : Sending to suggested news...
2018-08-03 17:29:25.902  INFO ramilmmk - W.S.PostService                          : Uploading photo...
2018-08-03 17:29:26.120  INFO ramilmmk - W.S.PostService                          : Saving new post...
2018-08-03 17:29:26.126  INFO ramilmmk - W.S.PostService                          : Sending to suggested news...
2018-08-03 17:29:27.742  INFO ramilmmk - W.S.PostService                          : Uploading photo...
2018-08-03 17:29:27.986  INFO ramilmmk - W.S.PostService                          : Saving new post...
2018-08-03 17:29:27.990  INFO ramilmmk - W.S.PostService                          : Sending to suggested news...
2018-08-03 17:29:28.767  INFO ramilmmk - W.S.PostService                          : Uploading photo...
2018-08-03 17:29:28.975  INFO ramilmmk - W.S.PostService                          : Saving new post...
2018-08-03 17:29:28.980  INFO ramilmmk - W.S.PostService                          : Sending to suggested news...
2018-08-03 17:29:31.805  INFO ramilmmk - W.S.PostService                          : Uploading photo...
2018-08-03 17:31:27.117  INFO ramilmmk - W.Application                            : Starting Application on ramilmmk with PID 5540 (C:\Java\CryptoMonitor\CryptoMonitor\target\classes started by ramil in C:\Java\CryptoMonitor\CryptoMonitor)
2018-08-03 17:31:27.127  INFO ramilmmk - W.Application                            : No active profile set, falling back to default profiles: default
2018-08-03 17:31:27.255  INFO ramilmmk - ConfigServletWebServerApplicationContext : Refreshing org.springframework.boot.web.servlet.context.AnnotationConfigServletWebServerApplicationContext@6f4a47c7: startup date [Fri Aug 03 17:31:27 MSK 2018]; root of context hierarchy
2018-08-03 17:31:30.467  INFO ramilmmk - trationDelegate$BeanPostProcessorChecker : Bean 'org.springframework.transaction.annotation.ProxyTransactionManagementConfiguration' of type [org.springframework.transaction.annotation.ProxyTransactionManagementConfiguration$$EnhancerBySpringCGLIB$$220e814b] is not eligible for getting processed by all BeanPostProcessors (for example: not eligible for auto-proxying)
2018-08-03 17:31:30.808  INFO ramilmmk - o.s.b.w.e.j.JettyServletWebServerFactory : Server initialized with port: 8085
2018-08-03 17:31:30.950  INFO ramilmmk - o.s.w.c.ContextLoader                    : Root WebApplicationContext: initialization completed in 3700 ms
2018-08-03 17:31:31.093  INFO ramilmmk - o.s.b.w.s.ServletRegistrationBean        : Servlet dispatcherServlet mapped to [/]
2018-08-03 17:31:31.096  INFO ramilmmk - o.s.b.w.s.FilterRegistrationBean         : Mapping filter: 'characterEncodingFilter' to: [/*]
2018-08-03 17:31:31.096  INFO ramilmmk - o.s.b.w.s.FilterRegistrationBean         : Mapping filter: 'hiddenHttpMethodFilter' to: [/*]
2018-08-03 17:31:31.096  INFO ramilmmk - o.s.b.w.s.FilterRegistrationBean         : Mapping filter: 'httpPutFormContentFilter' to: [/*]
2018-08-03 17:31:31.096  INFO ramilmmk - o.s.b.w.s.FilterRegistrationBean         : Mapping filter: 'requestContextFilter' to: [/*]
2018-08-03 17:31:31.421  INFO ramilmmk - j.LocalContainerEntityManagerFactoryBean : Building JPA container EntityManagerFactory for persistence unit 'default'
2018-08-03 17:31:31.437  INFO ramilmmk - o.h.j.i.u.LogHelper                      : HHH000204: Processing PersistenceUnitInfo [
	name: default
	...]
2018-08-03 17:31:31.638  INFO ramilmmk - o.h.Version                              : HHH000412: Hibernate Core {5.2.17.Final}
2018-08-03 17:31:31.640  INFO ramilmmk - o.h.c.Environment                        : HHH000206: hibernate.properties not found
2018-08-03 17:31:31.703  INFO ramilmmk - o.h.a.c.Version                          : HCANN000001: Hibernate Commons Annotations {5.0.1.Final}
2018-08-03 17:31:31.897  INFO ramilmmk - o.h.d.Dialect                            : HHH000400: Using dialect: org.hibernate.dialect.PostgreSQLDialect
2018-08-03 17:31:32.103  INFO ramilmmk - o.h.e.j.e.i.LobCreatorBuilderImpl        : HHH000424: Disabling contextual LOB creation as createClob() method threw error : java.lang.reflect.InvocationTargetException
2018-08-03 17:31:32.106  INFO ramilmmk - o.h.t.BasicTypeRegistry                  : HHH000270: Type registration [java.util.UUID] overrides previous : org.hibernate.type.UUIDBinaryType@6812fa3a
2018-08-03 17:31:32.703  INFO ramilmmk - j.LocalContainerEntityManagerFactoryBean : Initialized JPA EntityManagerFactory for persistence unit 'default'
2018-08-03 17:31:33.380  INFO ramilmmk - o.s.w.s.h.SimpleUrlHandlerMapping        : Mapped URL path [/**/favicon.ico] onto handler of type [class org.springframework.web.servlet.resource.ResourceHttpRequestHandler]
2018-08-03 17:31:33.749  INFO ramilmmk - s.w.s.m.m.a.RequestMappingHandlerAdapter : Looking for @ControllerAdvice: org.springframework.boot.web.servlet.context.AnnotationConfigServletWebServerApplicationContext@6f4a47c7: startup date [Fri Aug 03 17:31:27 MSK 2018]; root of context hierarchy
2018-08-03 17:31:33.785  WARN ramilmmk - aWebConfiguration$JpaWebMvcConfiguration : spring.jpa.open-in-view is enabled by default. Therefore, database queries may be performed during view rendering. Explicitly configure spring.jpa.open-in-view to disable this warning
2018-08-03 17:31:33.825  INFO ramilmmk - s.w.s.m.m.a.RequestMappingHandlerMapping : Mapped "{[/],methods=[GET]}" onto public java.lang.String CryptoMonitor.Controller.MainController.render()
2018-08-03 17:31:33.826  INFO ramilmmk - s.w.s.m.m.a.RequestMappingHandlerMapping : Mapped "{[/check],methods=[GET]}" onto public java.lang.String CryptoMonitor.Controller.MainController.checkApp()
2018-08-03 17:31:33.831  INFO ramilmmk - s.w.s.m.m.a.RequestMappingHandlerMapping : Mapped "{[/error]}" onto public org.springframework.http.ResponseEntity<java.util.Map<java.lang.String, java.lang.Object>> org.springframework.boot.autoconfigure.web.servlet.error.BasicErrorController.error(javax.servlet.http.HttpServletRequest)
2018-08-03 17:31:33.832  INFO ramilmmk - s.w.s.m.m.a.RequestMappingHandlerMapping : Mapped "{[/error],produces=[text/html]}" onto public org.springframework.web.servlet.ModelAndView org.springframework.boot.autoconfigure.web.servlet.error.BasicErrorController.errorHtml(javax.servlet.http.HttpServletRequest,javax.servlet.http.HttpServletResponse)
2018-08-03 17:31:33.870  INFO ramilmmk - o.s.w.s.h.SimpleUrlHandlerMapping        : Mapped URL path [/webjars/**] onto handler of type [class org.springframework.web.servlet.resource.ResourceHttpRequestHandler]
2018-08-03 17:31:33.870  INFO ramilmmk - o.s.w.s.h.SimpleUrlHandlerMapping        : Mapped URL path [/**] onto handler of type [class org.springframework.web.servlet.resource.ResourceHttpRequestHandler]
2018-08-03 17:31:34.339  INFO ramilmmk - o.s.j.e.a.AnnotationMBeanExporter        : Registering beans for JMX exposure on startup
2018-08-03 17:31:34.340  INFO ramilmmk - o.s.j.e.a.AnnotationMBeanExporter        : Bean with name 'dataSource' has been autodetected for JMX exposure
2018-08-03 17:31:34.347  INFO ramilmmk - o.s.j.e.a.AnnotationMBeanExporter        : Located MBean 'dataSource': registering with JMX server as MBean [com.zaxxer.hikari:name=dataSource,type=HikariDataSource]
2018-08-03 17:31:34.360  INFO ramilmmk - s.a.ScheduledAnnotationBeanPostProcessor : No TaskScheduler/ScheduledExecutorService bean found for scheduled processing
2018-08-03 17:31:34.373  INFO ramilmmk - o.s.w.s.DispatcherServlet                : FrameworkServlet 'dispatcherServlet': initialization started
2018-08-03 17:31:34.390  INFO ramilmmk - o.s.w.s.DispatcherServlet                : FrameworkServlet 'dispatcherServlet': initialization completed in 17 ms
2018-08-03 17:31:34.427  INFO ramilmmk - o.s.b.w.e.j.JettyWebServer               : Jetty started on port(s) 8085 (http/1.1) with context path '/'
2018-08-03 17:31:34.431  INFO ramilmmk - W.Application                            : Started Application in 7.91 seconds (JVM running for 10.306)
2018-08-03 17:31:35.370  INFO ramilmmk - W.S.PostService                          : Start parsing gov.cap
2018-08-03 17:31:37.958  INFO ramilmmk - o.h.h.i.QueryTranslatorFactoryInitiator  : HHH000397: Using ASTQueryTranslatorFactory
2018-08-03 17:31:40.180  INFO ramilmmk - W.S.PostService                          : Checking post...
2018-08-03 17:31:40.180  INFO ramilmmk - W.S.PostService                          : Saving new post...
2018-08-03 17:31:40.252  INFO ramilmmk - W.S.PostService                          : Sending to suggested news...
2018-08-03 17:31:41.795  INFO ramilmmk - W.S.PostService                          : Uploading photo...
2018-08-03 17:32:17.082  INFO ramilmmk - W.S.PostService                          : #RESPONSE: HttpResponseProxy{HTTP/1.1 200 OK [Server: Internet Information Services, Date: Fri, 03 Aug 2018 14:32:18 GMT, Content-Type: application/json; charset=utf-8, Connection: keep-alive, X-Powered-By: PHP/3.16184, Cache-control: no-store] org.apache.http.client.entity.DecompressingEntity@4a52287f}
2018-08-03 17:32:17.087  INFO ramilmmk - W.S.PostService                          : Поздравление Главы города Канаш Андрея Константинова и Главы администрации города Канаш Виталия Михайлова с Днем железнодорожника
2018-08-03 17:32:17.505  INFO ramilmmk - W.S.PostService                          : #RESPONSE: HttpResponseProxy{HTTP/1.1 200 OK [Server: Internet Information Services, Date: Fri, 03 Aug 2018 14:32:19 GMT, Content-Type: application/json; charset=utf-8, Connection: keep-alive, X-Powered-By: PHP/3.16184, Cache-control: no-store] org.apache.http.client.entity.DecompressingEntity@4ace97ec}
2018-08-03 17:32:17.505  INFO ramilmmk - W.S.PostService                          : POST SUGGESTING TASK DONE!
2018-08-03 17:32:17.505  INFO ramilmmk - W.S.PostService                          : Sending notification...
2018-08-03 17:32:18.305  INFO ramilmmk - W.S.PostService                          : #RESPONSE: HttpResponseProxy{HTTP/1.1 200 OK [Server: Internet Information Services, Date: Fri, 03 Aug 2018 14:32:19 GMT, Content-Type: application/json; charset=utf-8, Connection: keep-alive, X-Powered-By: PHP/3.16184, Cache-control: no-store] org.apache.http.client.entity.DecompressingEntity@6184866a}
2018-08-03 17:32:18.306  INFO ramilmmk - W.S.PostService                          : NOTIFICATION SENDING TASK DONE!
2018-08-03 17:32:18.306  INFO ramilmmk - W.S.PostService                          : Saving new post...
2018-08-03 17:32:18.310  INFO ramilmmk - W.S.PostService                          : Sending to suggested news...
2018-08-03 17:32:19.100  INFO ramilmmk - W.S.PostService                          : Uploading photo...
2018-08-03 17:32:54.741  INFO ramilmmk - W.S.PostService                          : #RESPONSE: HttpResponseProxy{HTTP/1.1 200 OK [Server: Internet Information Services, Date: Fri, 03 Aug 2018 14:32:56 GMT, Content-Type: application/json; charset=utf-8, Connection: keep-alive, X-Powered-By: PHP/3.16184, Cache-control: no-store] org.apache.http.client.entity.DecompressingEntity@6b4d244}
2018-08-03 17:32:54.746  INFO ramilmmk - W.S.PostService                          : Школе №9 города Канаш присужден грант Главы Чувашской Республики
2018-08-03 17:32:55.023  INFO ramilmmk - W.S.PostService                          : #RESPONSE: HttpResponseProxy{HTTP/1.1 200 OK [Server: Internet Information Services, Date: Fri, 03 Aug 2018 14:32:56 GMT, Content-Type: application/json; charset=utf-8, Connection: keep-alive, X-Powered-By: PHP/3.16184, Cache-control: no-store] org.apache.http.client.entity.DecompressingEntity@6e6bd708}
2018-08-03 17:32:55.023  INFO ramilmmk - W.S.PostService                          : POST SUGGESTING TASK DONE!
2018-08-03 17:32:55.023  INFO ramilmmk - W.S.PostService                          : Sending notification...
2018-08-03 17:32:55.803  INFO ramilmmk - W.S.PostService                          : #RESPONSE: HttpResponseProxy{HTTP/1.1 200 OK [Server: Internet Information Services, Date: Fri, 03 Aug 2018 14:32:57 GMT, Content-Type: application/json; charset=utf-8, Connection: keep-alive, X-Powered-By: PHP/3.16184, Cache-control: no-store] org.apache.http.client.entity.DecompressingEntity@2da6e126}
2018-08-03 17:32:55.803  INFO ramilmmk - W.S.PostService                          : NOTIFICATION SENDING TASK DONE!
2018-08-03 17:32:55.803  INFO ramilmmk - W.S.PostService                          : Saving new post...
2018-08-03 17:32:55.807  INFO ramilmmk - W.S.PostService                          : Sending to suggested news...
2018-08-03 17:32:58.813  INFO ramilmmk - W.S.PostService                          : Uploading photo...
2018-08-03 17:33:04.824  INFO ramilmmk - W.S.PostService                          : #RESPONSE: HttpResponseProxy{HTTP/1.1 200 OK [Server: Internet Information Services, Date: Fri, 03 Aug 2018 14:33:06 GMT, Content-Type: application/json; charset=utf-8, Connection: keep-alive, X-Powered-By: PHP/3.16184, Cache-control: no-store] org.apache.http.client.entity.DecompressingEntity@47f77f4e}
2018-08-03 17:33:06.786  INFO ramilmmk - W.S.PostService                          : Uploading photo...
2018-08-03 17:33:10.426  INFO ramilmmk - W.S.PostService                          : #RESPONSE: HttpResponseProxy{HTTP/1.1 200 OK [Server: Internet Information Services, Date: Fri, 03 Aug 2018 14:33:12 GMT, Content-Type: application/json; charset=utf-8, Connection: keep-alive, X-Powered-By: PHP/3.16184, Cache-control: no-store] org.apache.http.client.entity.DecompressingEntity@78c54fc9}
2018-08-03 17:33:12.624  INFO ramilmmk - W.S.PostService                          : Uploading photo...
2018-08-03 17:33:15.899  INFO ramilmmk - W.S.PostService                          : #RESPONSE: HttpResponseProxy{HTTP/1.1 200 OK [Server: Internet Information Services, Date: Fri, 03 Aug 2018 14:33:17 GMT, Content-Type: application/json; charset=utf-8, Connection: keep-alive, X-Powered-By: PHP/3.16184, Cache-control: no-store] org.apache.http.client.entity.DecompressingEntity@3668429a}
2018-08-03 17:33:17.927  INFO ramilmmk - W.S.PostService                          : Uploading photo...
2018-08-03 17:33:21.594  INFO ramilmmk - W.S.PostService                          : #RESPONSE: HttpResponseProxy{HTTP/1.1 200 OK [Server: Internet Information Services, Date: Fri, 03 Aug 2018 14:33:23 GMT, Content-Type: application/json; charset=utf-8, Connection: keep-alive, X-Powered-By: PHP/3.16184, Cache-control: no-store] org.apache.http.client.entity.DecompressingEntity@29caedb3}
2018-08-03 17:33:24.013  INFO ramilmmk - W.S.PostService                          : Uploading photo...
2018-08-03 17:33:26.918  INFO ramilmmk - W.S.PostService                          : #RESPONSE: HttpResponseProxy{HTTP/1.1 200 OK [Server: Internet Information Services, Date: Fri, 03 Aug 2018 14:33:28 GMT, Content-Type: application/json; charset=utf-8, Connection: keep-alive, X-Powered-By: PHP/3.16184, Cache-control: no-store] org.apache.http.client.entity.DecompressingEntity@36f43e0d}
2018-08-03 17:33:30.425  INFO ramilmmk - W.S.PostService                          : Uploading photo...
2018-08-03 17:33:37.327  INFO ramilmmk - W.S.PostService                          : #RESPONSE: HttpResponseProxy{HTTP/1.1 200 OK [Server: Internet Information Services, Date: Fri, 03 Aug 2018 14:33:38 GMT, Content-Type: application/json; charset=utf-8, Connection: keep-alive, X-Powered-By: PHP/3.16184, Cache-control: no-store] org.apache.http.client.entity.DecompressingEntity@70714934}
2018-08-03 17:33:41.802  INFO ramilmmk - W.S.PostService                          : Uploading photo...
2018-08-03 17:33:49.967  INFO ramilmmk - W.S.PostService                          : #RESPONSE: HttpResponseProxy{HTTP/1.1 200 OK [Server: Internet Information Services, Date: Fri, 03 Aug 2018 14:33:51 GMT, Content-Type: application/json; charset=utf-8, Connection: keep-alive, X-Powered-By: PHP/3.16184, Cache-control: no-store] org.apache.http.client.entity.DecompressingEntity@48b9b8aa}
2018-08-03 17:33:52.841  INFO ramilmmk - W.S.PostService                          : Uploading photo...
2018-08-03 17:33:55.642  INFO ramilmmk - W.S.PostService                          : #RESPONSE: HttpResponseProxy{HTTP/1.1 200 OK [Server: Internet Information Services, Date: Fri, 03 Aug 2018 14:33:57 GMT, Content-Type: application/json; charset=utf-8, Connection: keep-alive, X-Powered-By: PHP/3.16184, Cache-control: no-store] org.apache.http.client.entity.DecompressingEntity@694606eb}
2018-08-03 17:33:58.183  INFO ramilmmk - W.S.PostService                          : Uploading photo...
2018-08-03 17:34:00.531  INFO ramilmmk - W.S.PostService                          : #RESPONSE: HttpResponseProxy{HTTP/1.1 200 OK [Server: Internet Information Services, Date: Fri, 03 Aug 2018 14:34:02 GMT, Content-Type: application/json; charset=utf-8, Connection: keep-alive, X-Powered-By: PHP/3.16184, Cache-control: no-store] org.apache.http.client.entity.DecompressingEntity@7a25b627}
2018-08-03 17:34:02.108  INFO ramilmmk - W.S.PostService                          : Uploading photo...
2018-08-03 17:34:04.417  INFO ramilmmk - W.S.PostService                          : #RESPONSE: HttpResponseProxy{HTTP/1.1 200 OK [Server: Internet Information Services, Date: Fri, 03 Aug 2018 14:34:06 GMT, Content-Type: application/json; charset=utf-8, Connection: keep-alive, X-Powered-By: PHP/3.16184, Cache-control: no-store] org.apache.http.client.entity.DecompressingEntity@21a6ea77}
2018-08-03 17:34:05.803  INFO ramilmmk - W.S.PostService                          : Uploading photo...
2018-08-03 17:34:07.891  INFO ramilmmk - W.S.PostService                          : #RESPONSE: HttpResponseProxy{HTTP/1.1 200 OK [Server: Internet Information Services, Date: Fri, 03 Aug 2018 14:34:09 GMT, Content-Type: application/json; charset=utf-8, Connection: keep-alive, X-Powered-By: PHP/3.16184, Cache-control: no-store] org.apache.http.client.entity.DecompressingEntity@f36cecc}
2018-08-03 17:34:07.894  INFO ramilmmk - W.S.PostService                          : В Канаше отметили День Воздушно-десантных войск
2018-08-03 17:34:08.304  INFO ramilmmk - W.S.PostService                          : #RESPONSE: HttpResponseProxy{HTTP/1.1 200 OK [Server: Internet Information Services, Date: Fri, 03 Aug 2018 14:34:09 GMT, Content-Type: application/json; charset=utf-8, Connection: keep-alive, X-Powered-By: PHP/3.16184, Cache-control: no-store] org.apache.http.client.entity.DecompressingEntity@73635056}
2018-08-03 17:34:08.304  INFO ramilmmk - W.S.PostService                          : POST SUGGESTING TASK DONE!
2018-08-03 17:34:08.304  INFO ramilmmk - W.S.PostService                          : Sending notification...
2018-08-03 17:34:09.064  INFO ramilmmk - W.S.PostService                          : #RESPONSE: HttpResponseProxy{HTTP/1.1 200 OK [Server: Internet Information Services, Date: Fri, 03 Aug 2018 14:34:10 GMT, Content-Type: application/json; charset=utf-8, Connection: keep-alive, X-Powered-By: PHP/3.16184, Cache-control: no-store] org.apache.http.client.entity.DecompressingEntity@28ed5fa8}
2018-08-03 17:34:09.065  INFO ramilmmk - W.S.PostService                          : NOTIFICATION SENDING TASK DONE!
2018-08-03 17:34:09.065  INFO ramilmmk - W.S.PostService                          : Saving new post...
2018-08-03 17:34:09.070  INFO ramilmmk - W.S.PostService                          : Sending to suggested news...
2018-08-03 17:34:10.391  INFO ramilmmk - W.S.PostService                          : Uploading photo...
2018-08-03 17:34:12.728  INFO ramilmmk - W.S.PostService                          : #RESPONSE: HttpResponseProxy{HTTP/1.1 200 OK [Server: Internet Information Services, Date: Fri, 03 Aug 2018 14:34:14 GMT, Content-Type: application/json; charset=utf-8, Connection: keep-alive, X-Powered-By: PHP/3.16184, Cache-control: no-store] org.apache.http.client.entity.DecompressingEntity@65c5ae9e}
2018-08-03 17:34:13.850  INFO ramilmmk - W.S.PostService                          : Uploading photo...
2018-08-03 17:34:15.732  INFO ramilmmk - W.S.PostService                          : #RESPONSE: HttpResponseProxy{HTTP/1.1 200 OK [Server: Internet Information Services, Date: Fri, 03 Aug 2018 14:34:17 GMT, Content-Type: application/json; charset=utf-8, Connection: keep-alive, X-Powered-By: PHP/3.16184, Cache-control: no-store] org.apache.http.client.entity.DecompressingEntity@13112e89}
2018-08-03 17:34:17.073  INFO ramilmmk - W.S.PostService                          : Uploading photo...
2018-08-03 17:34:19.254  INFO ramilmmk - W.S.PostService                          : #RESPONSE: HttpResponseProxy{HTTP/1.1 200 OK [Server: Internet Information Services, Date: Fri, 03 Aug 2018 14:34:20 GMT, Content-Type: application/json; charset=utf-8, Connection: keep-alive, X-Powered-By: PHP/3.16184, Cache-control: no-store] org.apache.http.client.entity.DecompressingEntity@440142d2}
2018-08-03 17:34:20.658  INFO ramilmmk - W.S.PostService                          : Uploading photo...
2018-08-03 17:34:23.078  INFO ramilmmk - W.S.PostService                          : #RESPONSE: HttpResponseProxy{HTTP/1.1 200 OK [Server: Internet Information Services, Date: Fri, 03 Aug 2018 14:34:24 GMT, Content-Type: application/json; charset=utf-8, Connection: keep-alive, X-Powered-By: PHP/3.16184, Cache-control: no-store] org.apache.http.client.entity.DecompressingEntity@19e3c360}
2018-08-03 17:34:24.637  INFO ramilmmk - W.S.PostService                          : Uploading photo...
2018-08-03 17:34:27.026  INFO ramilmmk - W.S.PostService                          : #RESPONSE: HttpResponseProxy{HTTP/1.1 200 OK [Server: Internet Information Services, Date: Fri, 03 Aug 2018 14:34:28 GMT, Content-Type: application/json; charset=utf-8, Connection: keep-alive, X-Powered-By: PHP/3.16184, Cache-control: no-store] org.apache.http.client.entity.DecompressingEntity@72ac852a}
2018-08-03 17:34:28.639  INFO ramilmmk - W.S.PostService                          : Uploading photo...
2018-08-03 17:34:30.933  INFO ramilmmk - W.S.PostService                          : #RESPONSE: HttpResponseProxy{HTTP/1.1 200 OK [Server: Internet Information Services, Date: Fri, 03 Aug 2018 14:34:32 GMT, Content-Type: application/json; charset=utf-8, Connection: keep-alive, X-Powered-By: PHP/3.16184, Cache-control: no-store] org.apache.http.client.entity.DecompressingEntity@430de8a7}
2018-08-03 17:34:32.360  INFO ramilmmk - W.S.PostService                          : Uploading photo...
2018-08-03 17:34:34.874  INFO ramilmmk - W.S.PostService                          : #RESPONSE: HttpResponseProxy{HTTP/1.1 200 OK [Server: Internet Information Services, Date: Fri, 03 Aug 2018 14:34:36 GMT, Content-Type: application/json; charset=utf-8, Connection: keep-alive, X-Powered-By: PHP/3.16184, Cache-control: no-store] org.apache.http.client.entity.DecompressingEntity@2743ad4d}
2018-08-03 17:34:36.293  INFO ramilmmk - W.S.PostService                          : Uploading photo...
2018-08-03 17:34:39.217  INFO ramilmmk - W.S.PostService                          : #RESPONSE: HttpResponseProxy{HTTP/1.1 200 OK [Server: Internet Information Services, Date: Fri, 03 Aug 2018 14:34:40 GMT, Content-Type: application/json; charset=utf-8, Connection: keep-alive, X-Powered-By: PHP/3.16184, Cache-control: no-store] org.apache.http.client.entity.DecompressingEntity@54a38b14}
2018-08-03 17:34:40.426  INFO ramilmmk - W.S.PostService                          : Uploading photo...
2018-08-03 17:34:42.373  INFO ramilmmk - W.S.PostService                          : #RESPONSE: HttpResponseProxy{HTTP/1.1 200 OK [Server: Internet Information Services, Date: Fri, 03 Aug 2018 14:34:44 GMT, Content-Type: application/json; charset=utf-8, Connection: keep-alive, X-Powered-By: PHP/3.16184, Cache-control: no-store] org.apache.http.client.entity.DecompressingEntity@480238f6}
2018-08-03 17:34:44.075  INFO ramilmmk - W.S.PostService                          : Uploading photo...
2018-08-03 17:34:47.688  INFO ramilmmk - W.S.PostService                          : #RESPONSE: HttpResponseProxy{HTTP/1.1 200 OK [Server: Internet Information Services, Date: Fri, 03 Aug 2018 14:34:49 GMT, Content-Type: application/json; charset=utf-8, Connection: keep-alive, X-Powered-By: PHP/3.16184, Cache-control: no-store] org.apache.http.client.entity.DecompressingEntity@27a13ef2}
2018-08-03 17:34:49.331  INFO ramilmmk - W.S.PostService                          : Uploading photo...
2018-08-03 17:34:51.785  INFO ramilmmk - W.S.PostService                          : #RESPONSE: HttpResponseProxy{HTTP/1.1 200 OK [Server: Internet Information Services, Date: Fri, 03 Aug 2018 14:34:53 GMT, Content-Type: application/json; charset=utf-8, Connection: keep-alive, X-Powered-By: PHP/3.16184, Cache-control: no-store] org.apache.http.client.entity.DecompressingEntity@39d710a3}
2018-08-03 17:34:51.789  INFO ramilmmk - W.S.PostService                          : Михаил Игнатьев проинспектировал подготовку к новому учебному году в СОШ №6 города Канаша
2018-08-03 17:34:52.256  INFO ramilmmk - W.S.PostService                          : #RESPONSE: HttpResponseProxy{HTTP/1.1 200 OK [Server: Internet Information Services, Date: Fri, 03 Aug 2018 14:34:53 GMT, Content-Type: application/json; charset=utf-8, Connection: keep-alive, X-Powered-By: PHP/3.16184, Cache-control: no-store] org.apache.http.client.entity.DecompressingEntity@43b2a0ee}
2018-08-03 17:34:52.256  INFO ramilmmk - W.S.PostService                          : POST SUGGESTING TASK DONE!
2018-08-03 17:34:52.256  INFO ramilmmk - W.S.PostService                          : Sending notification...
2018-08-03 17:34:53.139  INFO ramilmmk - W.S.PostService                          : #RESPONSE: HttpResponseProxy{HTTP/1.1 200 OK [Server: Internet Information Services, Date: Fri, 03 Aug 2018 14:34:54 GMT, Content-Type: application/json; charset=utf-8, Connection: keep-alive, X-Powered-By: PHP/3.16184, Cache-control: no-store] org.apache.http.client.entity.DecompressingEntity@5674d325}
2018-08-03 17:34:53.139  INFO ramilmmk - W.S.PostService                          : NOTIFICATION SENDING TASK DONE!
2018-08-03 17:34:54.742  INFO ramilmmk - W.S.PostService                          : Checking post...
2018-08-03 17:34:54.742  INFO ramilmmk - W.S.PostService                          : Saving new post...
2018-08-03 17:34:54.745  INFO ramilmmk - W.S.PostService                          : Sending to suggested news...
2018-08-03 17:34:56.809  INFO ramilmmk - W.S.PostService                          : Uploading photo...
2018-08-03 17:35:00.332  INFO ramilmmk - W.S.PostService                          : #RESPONSE: HttpResponseProxy{HTTP/1.1 200 OK [Server: Internet Information Services, Date: Fri, 03 Aug 2018 14:35:01 GMT, Content-Type: application/json; charset=utf-8, Connection: keep-alive, X-Powered-By: PHP/3.16184, Cache-control: no-store] org.apache.http.client.entity.DecompressingEntity@13a4d0f9}
2018-08-03 17:35:02.442  INFO ramilmmk - W.S.PostService                          : Uploading photo...
2018-08-03 17:35:07.038  INFO ramilmmk - W.S.PostService                          : #RESPONSE: HttpResponseProxy{HTTP/1.1 200 OK [Server: Internet Information Services, Date: Fri, 03 Aug 2018 14:35:08 GMT, Content-Type: application/json; charset=utf-8, Connection: keep-alive, X-Powered-By: PHP/3.16184, Cache-control: no-store] org.apache.http.client.entity.DecompressingEntity@4ca1e7af}
2018-08-03 17:35:09.126  INFO ramilmmk - W.S.PostService                          : Uploading photo...
2018-08-03 17:35:12.686  INFO ramilmmk - W.S.PostService                          : #RESPONSE: HttpResponseProxy{HTTP/1.1 200 OK [Server: Internet Information Services, Date: Fri, 03 Aug 2018 14:35:14 GMT, Content-Type: application/json; charset=utf-8, Connection: keep-alive, X-Powered-By: PHP/3.16184, Cache-control: no-store] org.apache.http.client.entity.DecompressingEntity@54bfa4f7}
2018-08-03 17:35:14.825  INFO ramilmmk - W.S.PostService                          : Uploading photo...
2018-08-03 17:35:17.501  INFO ramilmmk - W.S.PostService                          : #RESPONSE: HttpResponseProxy{HTTP/1.1 200 OK [Server: Internet Information Services, Date: Fri, 03 Aug 2018 14:35:19 GMT, Content-Type: application/json; charset=utf-8, Connection: keep-alive, X-Powered-By: PHP/3.16184, Cache-control: no-store] org.apache.http.client.entity.DecompressingEntity@349b204}
2018-08-03 17:35:17.504  INFO ramilmmk - W.S.PostService                          : Рабочая группа по реализации Всероссийской акции «Безопасность детства» обследовала детские площадки
2018-08-03 17:35:17.961  INFO ramilmmk - W.S.PostService                          : #RESPONSE: HttpResponseProxy{HTTP/1.1 200 OK [Server: Internet Information Services, Date: Fri, 03 Aug 2018 14:35:19 GMT, Content-Type: application/json; charset=utf-8, Connection: keep-alive, X-Powered-By: PHP/3.16184, Cache-control: no-store] org.apache.http.client.entity.DecompressingEntity@2eb3ca7c}
2018-08-03 17:35:17.962  INFO ramilmmk - W.S.PostService                          : POST SUGGESTING TASK DONE!
2018-08-03 17:35:17.962  INFO ramilmmk - W.S.PostService                          : Sending notification...
2018-08-03 17:35:18.729  INFO ramilmmk - W.S.PostService                          : #RESPONSE: HttpResponseProxy{HTTP/1.1 200 OK [Server: Internet Information Services, Date: Fri, 03 Aug 2018 14:35:20 GMT, Content-Type: application/json; charset=utf-8, Connection: keep-alive, X-Powered-By: PHP/3.16184, Cache-control: no-store] org.apache.http.client.entity.DecompressingEntity@7b08797d}
2018-08-03 17:35:18.729  INFO ramilmmk - W.S.PostService                          : NOTIFICATION SENDING TASK DONE!
2018-08-03 17:35:18.729  INFO ramilmmk - W.S.PostService                          : Saving new post...
2018-08-03 17:35:18.733  INFO ramilmmk - W.S.PostService                          : Sending to suggested news...
2018-08-03 17:35:19.600  INFO ramilmmk - W.S.PostService                          : Uploading photo...
2018-08-03 17:35:56.152  INFO ramilmmk - W.S.PostService                          : #RESPONSE: HttpResponseProxy{HTTP/1.1 200 OK [Server: Internet Information Services, Date: Fri, 03 Aug 2018 14:35:57 GMT, Content-Type: application/json; charset=utf-8, Connection: keep-alive, X-Powered-By: PHP/3.16184, Cache-control: no-store] org.apache.http.client.entity.DecompressingEntity@32ac021}
2018-08-03 17:35:56.155  INFO ramilmmk - W.S.PostService                          : Мастер-класс по изготовлению игрушки «Лягушка-попрыгушка» в дворовом отряде микрорайона «Восточный»
2018-08-03 17:35:56.427  INFO ramilmmk - W.S.PostService                          : #RESPONSE: HttpResponseProxy{HTTP/1.1 200 OK [Server: Internet Information Services, Date: Fri, 03 Aug 2018 14:35:58 GMT, Content-Type: application/json; charset=utf-8, Connection: keep-alive, X-Powered-By: PHP/3.16184, Cache-control: no-store] org.apache.http.client.entity.DecompressingEntity@5f79cc84}
2018-08-03 17:35:56.427  INFO ramilmmk - W.S.PostService                          : POST SUGGESTING TASK DONE!
2018-08-03 17:35:56.428  INFO ramilmmk - W.S.PostService                          : Sending notification...
2018-08-03 17:35:57.158  INFO ramilmmk - W.S.PostService                          : #RESPONSE: HttpResponseProxy{HTTP/1.1 200 OK [Server: Internet Information Services, Date: Fri, 03 Aug 2018 14:35:58 GMT, Content-Type: application/json; charset=utf-8, Connection: keep-alive, X-Powered-By: PHP/3.16184, Cache-control: no-store] org.apache.http.client.entity.DecompressingEntity@1ecb18f0}
2018-08-03 17:35:57.158  INFO ramilmmk - W.S.PostService                          : NOTIFICATION SENDING TASK DONE!
2018-08-03 17:35:57.158  INFO ramilmmk - W.S.PostService                          : Saving new post...
2018-08-03 17:35:57.162  INFO ramilmmk - W.S.PostService                          : Sending to suggested news...
2018-08-03 17:35:57.241  INFO ramilmmk - W.S.PostService                          : Uploading photo...
2018-08-03 17:35:57.438  INFO ramilmmk - W.S.PostService                          : Saving new post...
2018-08-03 17:35:57.442  INFO ramilmmk - W.S.PostService                          : Sending to suggested news...
2018-08-03 17:35:59.709  INFO ramilmmk - W.S.PostService                          : Uploading photo...
2018-08-03 17:36:06.009  INFO ramilmmk - W.S.PostService                          : #RESPONSE: HttpResponseProxy{HTTP/1.1 200 OK [Server: Internet Information Services, Date: Fri, 03 Aug 2018 14:36:07 GMT, Content-Type: application/json; charset=utf-8, Connection: keep-alive, X-Powered-By: PHP/3.16184, Cache-control: no-store] org.apache.http.client.entity.DecompressingEntity@58bd0591}
2018-08-03 17:36:06.012  INFO ramilmmk - W.S.PostService                          : Работы по благоустройству скейт-площадки на территории городского парка продолжаются
2018-08-03 17:36:06.523  INFO ramilmmk - W.S.PostService                          : #RESPONSE: HttpResponseProxy{HTTP/1.1 200 OK [Server: Internet Information Services, Date: Fri, 03 Aug 2018 14:36:07 GMT, Content-Type: application/json; charset=utf-8, Connection: keep-alive, X-Powered-By: PHP/3.16184, Cache-control: no-store] org.apache.http.client.entity.DecompressingEntity@242a5ae7}
2018-08-03 17:36:06.523  INFO ramilmmk - W.S.PostService                          : POST SUGGESTING TASK DONE!
2018-08-03 17:36:06.523  INFO ramilmmk - W.S.PostService                          : Sending notification...
2018-08-03 17:36:07.260  INFO ramilmmk - W.S.PostService                          : #RESPONSE: HttpResponseProxy{HTTP/1.1 200 OK [Server: Internet Information Services, Date: Fri, 03 Aug 2018 14:36:08 GMT, Content-Type: application/json; charset=utf-8, Connection: keep-alive, X-Powered-By: PHP/3.16184, Cache-control: no-store] org.apache.http.client.entity.DecompressingEntity@75460748}
2018-08-03 17:36:07.260  INFO ramilmmk - W.S.PostService                          : NOTIFICATION SENDING TASK DONE!
2018-08-03 17:36:07.260  INFO ramilmmk - W.S.PostService                          : Saving new post...
2018-08-03 17:36:07.264  INFO ramilmmk - W.S.PostService                          : Sending to suggested news...
2018-08-03 17:36:07.338  INFO ramilmmk - W.S.PostService                          : Uploading photo...
2018-08-03 17:36:09.090  INFO ramilmmk - W.S.PostService                          : Checking post...
2018-08-03 17:36:09.090  INFO ramilmmk - W.S.PostService                          : Saving new post...
2018-08-03 17:36:09.094  INFO ramilmmk - W.S.PostService                          : Sending to suggested news...
2018-08-03 17:36:09.916  INFO ramilmmk - W.S.PostService                          : Uploading photo...
2018-08-03 17:36:44.362  INFO ramilmmk - W.S.PostService                          : #RESPONSE: HttpResponseProxy{HTTP/1.1 200 OK [Server: Internet Information Services, Date: Fri, 03 Aug 2018 14:36:45 GMT, Content-Type: application/json; charset=utf-8, Connection: keep-alive, X-Powered-By: PHP/3.16184, Cache-control: no-store] org.apache.http.client.entity.DecompressingEntity@74d343ed}
2018-08-03 17:36:44.364  INFO ramilmmk - W.S.PostService                          : Результаты конкурса на замещение вакантной должности директора МБУ «ХЭС» г. Канаш ЧР
2018-08-03 17:36:44.947  INFO ramilmmk - W.S.PostService                          : #RESPONSE: HttpResponseProxy{HTTP/1.1 200 OK [Server: Internet Information Services, Date: Fri, 03 Aug 2018 14:36:46 GMT, Content-Type: application/json; charset=utf-8, Connection: keep-alive, X-Powered-By: PHP/3.16184, Cache-control: no-store] org.apache.http.client.entity.DecompressingEntity@5abb2455}
2018-08-03 17:36:44.948  INFO ramilmmk - W.S.PostService                          : POST SUGGESTING TASK DONE!
2018-08-03 17:36:44.948  INFO ramilmmk - W.S.PostService                          : Sending notification...
2018-08-03 17:36:45.682  INFO ramilmmk - W.S.PostService                          : #RESPONSE: HttpResponseProxy{HTTP/1.1 200 OK [Server: Internet Information Services, Date: Fri, 03 Aug 2018 14:36:47 GMT, Content-Type: application/json; charset=utf-8, Connection: keep-alive, X-Powered-By: PHP/3.16184, Cache-control: no-store] org.apache.http.client.entity.DecompressingEntity@629a796a}
2018-08-03 17:36:45.682  INFO ramilmmk - W.S.PostService                          : NOTIFICATION SENDING TASK DONE!
2018-08-03 17:36:45.682  INFO ramilmmk - W.S.PostService                          : Start parsing kanashen.ru
2018-08-03 17:36:50.021  INFO ramilmmk - W.S.PostService                          : Checking post...
2018-08-03 17:36:50.022  INFO ramilmmk - W.S.PostService                          : Saving new post...
2018-08-03 17:36:50.053  INFO ramilmmk - W.S.PostService                          : Sending to suggested news...
2018-08-03 17:36:51.407  INFO ramilmmk - W.S.PostService                          : Uploading photo...
2018-08-03 17:36:53.334  INFO ramilmmk - W.S.PostService                          : #RESPONSE: HttpResponseProxy{HTTP/1.1 200 OK [Server: Internet Information Services, Date: Fri, 03 Aug 2018 14:36:54 GMT, Content-Type: application/json; charset=utf-8, Connection: keep-alive, X-Powered-By: PHP/3.16184, Cache-control: no-store] org.apache.http.client.entity.DecompressingEntity@36488158}
2018-08-03 17:36:53.337  INFO ramilmmk - W.S.PostService                          : Ырă кунсемпе усă курса юласшăн кашни çĕр ĕçченĕ
2018-08-03 17:36:53.687  INFO ramilmmk - W.S.PostService                          : #RESPONSE: HttpResponseProxy{HTTP/1.1 200 OK [Server: Internet Information Services, Date: Fri, 03 Aug 2018 14:36:55 GMT, Content-Type: application/json; charset=utf-8, Connection: keep-alive, X-Powered-By: PHP/3.16184, Cache-control: no-store] org.apache.http.client.entity.DecompressingEntity@24c9214}
2018-08-03 17:36:53.687  INFO ramilmmk - W.S.PostService                          : POST SUGGESTING TASK DONE!
2018-08-03 17:36:53.687  INFO ramilmmk - W.S.PostService                          : Sending notification...
2018-08-03 17:36:54.430  INFO ramilmmk - W.S.PostService                          : #RESPONSE: HttpResponseProxy{HTTP/1.1 200 OK [Server: Internet Information Services, Date: Fri, 03 Aug 2018 14:36:56 GMT, Content-Type: application/json; charset=utf-8, Connection: keep-alive, X-Powered-By: PHP/3.16184, Cache-control: no-store] org.apache.http.client.entity.DecompressingEntity@645e79a7}
2018-08-03 17:36:54.430  INFO ramilmmk - W.S.PostService                          : NOTIFICATION SENDING TASK DONE!
2018-08-03 17:36:54.430  INFO ramilmmk - W.S.PostService                          : Saving new post...
2018-08-03 17:36:54.434  INFO ramilmmk - W.S.PostService                          : Sending to suggested news...
2018-08-03 17:36:56.070  INFO ramilmmk - W.S.PostService                          : Uploading photo...
2018-08-03 17:36:58.351  INFO ramilmmk - W.S.PostService                          : #RESPONSE: HttpResponseProxy{HTTP/1.1 200 OK [Server: Internet Information Services, Date: Fri, 03 Aug 2018 14:36:59 GMT, Content-Type: application/json; charset=utf-8, Connection: keep-alive, X-Powered-By: PHP/3.16184, Cache-control: no-store] org.apache.http.client.entity.DecompressingEntity@68f342}
2018-08-03 17:36:58.354  INFO ramilmmk - W.S.PostService                          : Почётный кремлёвский конверт в свой юбилейный день рождения получил и житель деревни Имелево Осипов Илья Осипович
2018-08-03 17:36:58.805  INFO ramilmmk - W.S.PostService                          : #RESPONSE: HttpResponseProxy{HTTP/1.1 200 OK [Server: Internet Information Services, Date: Fri, 03 Aug 2018 14:37:00 GMT, Content-Type: application/json; charset=utf-8, Connection: keep-alive, X-Powered-By: PHP/3.16184, Cache-control: no-store] org.apache.http.client.entity.DecompressingEntity@6468322d}
2018-08-03 17:36:58.805  INFO ramilmmk - W.S.PostService                          : POST SUGGESTING TASK DONE!
2018-08-03 17:36:58.805  INFO ramilmmk - W.S.PostService                          : Sending notification...
2018-08-03 17:36:59.572  INFO ramilmmk - W.S.PostService                          : #RESPONSE: HttpResponseProxy{HTTP/1.1 200 OK [Server: Internet Information Services, Date: Fri, 03 Aug 2018 14:37:01 GMT, Content-Type: application/json; charset=utf-8, Connection: keep-alive, X-Powered-By: PHP/3.16184, Cache-control: no-store] org.apache.http.client.entity.DecompressingEntity@4fa4500d}
2018-08-03 17:36:59.573  INFO ramilmmk - W.S.PostService                          : NOTIFICATION SENDING TASK DONE!
2018-08-03 17:36:59.573  INFO ramilmmk - W.S.PostService                          : Saving new post...
2018-08-03 17:36:59.576  INFO ramilmmk - W.S.PostService                          : Sending to suggested news...
2018-08-03 17:37:00.481  INFO ramilmmk - W.S.PostService                          : Uploading photo...
2018-08-03 17:37:06.319  INFO ramilmmk - W.S.PostService                          : #RESPONSE: HttpResponseProxy{HTTP/1.1 200 OK [Server: Internet Information Services, Date: Fri, 03 Aug 2018 14:37:07 GMT, Content-Type: application/json; charset=utf-8, Connection: keep-alive, X-Powered-By: PHP/3.16184, Cache-control: no-store] org.apache.http.client.entity.DecompressingEntity@7dbeed6d}
2018-08-03 17:37:06.322  INFO ramilmmk - W.S.PostService                          : Музыкальная премия «Тăван Юрă» — твоя песня, твоя победа!
2018-08-03 17:37:07.821  INFO ramilmmk - W.S.PostService                          : #RESPONSE: HttpResponseProxy{HTTP/1.1 200 OK [Server: Internet Information Services, Date: Fri, 03 Aug 2018 14:37:09 GMT, Content-Type: application/json; charset=utf-8, Connection: keep-alive, X-Powered-By: PHP/3.16184, Cache-control: no-store] org.apache.http.client.entity.DecompressingEntity@764b300e}
2018-08-03 17:37:07.821  INFO ramilmmk - W.S.PostService                          : POST SUGGESTING TASK DONE!
2018-08-03 17:37:07.822  INFO ramilmmk - W.S.PostService                          : Sending notification...
2018-08-03 17:37:08.597  INFO ramilmmk - W.S.PostService                          : #RESPONSE: HttpResponseProxy{HTTP/1.1 200 OK [Server: Internet Information Services, Date: Fri, 03 Aug 2018 14:37:10 GMT, Content-Type: application/json; charset=utf-8, Connection: keep-alive, X-Powered-By: PHP/3.16184, Cache-control: no-store] org.apache.http.client.entity.DecompressingEntity@6f23390}
2018-08-03 17:37:08.597  INFO ramilmmk - W.S.PostService                          : NOTIFICATION SENDING TASK DONE!
2018-08-03 17:37:08.597  INFO ramilmmk - W.S.PostService                          : Saving new post...
2018-08-03 17:37:08.601  INFO ramilmmk - W.S.PostService                          : Sending to suggested news...
2018-08-03 17:37:11.511  INFO ramilmmk - W.S.PostService                          : Uploading photo...
2018-08-03 17:37:14.360  INFO ramilmmk - W.S.PostService                          : #RESPONSE: HttpResponseProxy{HTTP/1.1 200 OK [Server: Internet Information Services, Date: Fri, 03 Aug 2018 14:37:15 GMT, Content-Type: application/json; charset=utf-8, Connection: keep-alive, X-Powered-By: PHP/3.16184, Cache-control: no-store] org.apache.http.client.entity.DecompressingEntity@13a48153}
2018-08-03 17:37:14.362  INFO ramilmmk - W.S.PostService                          : 3 августа в региональном эфире телеканала «Россия 1» — программа «Приложение силы».
2018-08-03 17:37:14.705  INFO ramilmmk - W.S.PostService                          : #RESPONSE: HttpResponseProxy{HTTP/1.1 200 OK [Server: Internet Information Services, Date: Fri, 03 Aug 2018 14:37:16 GMT, Content-Type: application/json; charset=utf-8, Connection: keep-alive, X-Powered-By: PHP/3.16184, Cache-control: no-store] org.apache.http.client.entity.DecompressingEntity@6f7faf17}
2018-08-03 17:37:14.706  INFO ramilmmk - W.S.PostService                          : POST SUGGESTING TASK DONE!
2018-08-03 17:37:14.706  INFO ramilmmk - W.S.PostService                          : Sending notification...
2018-08-03 17:37:15.467  INFO ramilmmk - W.S.PostService                          : #RESPONSE: HttpResponseProxy{HTTP/1.1 200 OK [Server: Internet Information Services, Date: Fri, 03 Aug 2018 14:37:17 GMT, Content-Type: application/json; charset=utf-8, Connection: keep-alive, X-Powered-By: PHP/3.16184, Cache-control: no-store] org.apache.http.client.entity.DecompressingEntity@315af721}
2018-08-03 17:37:15.467  INFO ramilmmk - W.S.PostService                          : NOTIFICATION SENDING TASK DONE!
2018-08-03 17:41:41.770  INFO ramilmmk - W.S.PostService                          : Start parsing gov.cap
2018-08-03 17:41:48.016  INFO ramilmmk - W.S.PostService                          : Checking post...
2018-08-03 17:41:49.539  INFO ramilmmk - W.S.PostService                          : Checking post...
2018-08-03 17:41:51.082  INFO ramilmmk - W.S.PostService                          : Checking post...
2018-08-03 17:41:51.082  INFO ramilmmk - W.S.PostService                          : Saving new post...
2018-08-03 17:41:51.087  INFO ramilmmk - W.S.PostService                          : Sending to suggested news...
2018-08-03 17:41:51.870  INFO ramilmmk - W.S.PostService                          : Uploading photo...
2018-08-03 17:42:24.264  INFO ramilmmk - W.S.PostService                          : #RESPONSE: HttpResponseProxy{HTTP/1.1 200 OK [Server: Internet Information Services, Date: Fri, 03 Aug 2018 14:42:25 GMT, Content-Type: application/json; charset=utf-8, Connection: keep-alive, X-Powered-By: PHP/3.16184, Cache-control: no-store] org.apache.http.client.entity.DecompressingEntity@4e9812c1}
2018-08-03 17:42:24.266  INFO ramilmmk - W.S.PostService                          : Об отключении холодного водоснабжения
2018-08-03 17:42:24.514  INFO ramilmmk - W.S.PostService                          : #RESPONSE: HttpResponseProxy{HTTP/1.1 200 OK [Server: Internet Information Services, Date: Fri, 03 Aug 2018 14:42:26 GMT, Content-Type: application/json; charset=utf-8, Connection: keep-alive, X-Powered-By: PHP/3.16184, Cache-control: no-store] org.apache.http.client.entity.DecompressingEntity@2f95998e}
2018-08-03 17:42:24.514  INFO ramilmmk - W.S.PostService                          : POST SUGGESTING TASK DONE!
2018-08-03 17:42:24.514  INFO ramilmmk - W.S.PostService                          : Sending notification...
2018-08-03 17:42:25.244  INFO ramilmmk - W.S.PostService                          : #RESPONSE: HttpResponseProxy{HTTP/1.1 200 OK [Server: Internet Information Services, Date: Fri, 03 Aug 2018 14:42:26 GMT, Content-Type: application/json; charset=utf-8, Connection: keep-alive, X-Powered-By: PHP/3.16184, Cache-control: no-store] org.apache.http.client.entity.DecompressingEntity@31496f3}
2018-08-03 17:42:25.244  INFO ramilmmk - W.S.PostService                          : NOTIFICATION SENDING TASK DONE!
2018-08-03 17:42:25.244  INFO ramilmmk - W.S.PostService                          : Start parsing kanashen.ru
2018-08-03 17:42:30.246  INFO ramilmmk - W.S.PostService                          : Checking post...
2018-08-03 17:48:26.489  INFO ramilmmk - W.Application                            : Starting Application on ramilmmk with PID 11608 (C:\Java\CryptoMonitor\CryptoMonitor\target\classes started by ramil in C:\Java\CryptoMonitor\CryptoMonitor)
2018-08-03 17:48:26.505  INFO ramilmmk - W.Application                            : No active profile set, falling back to default profiles: default
2018-08-03 17:48:26.729  INFO ramilmmk - ConfigServletWebServerApplicationContext : Refreshing org.springframework.boot.web.servlet.context.AnnotationConfigServletWebServerApplicationContext@43c1b556: startup date [Fri Aug 03 17:48:26 MSK 2018]; root of context hierarchy
2018-08-03 17:48:30.565  INFO ramilmmk - trationDelegate$BeanPostProcessorChecker : Bean 'org.springframework.transaction.annotation.ProxyTransactionManagementConfiguration' of type [org.springframework.transaction.annotation.ProxyTransactionManagementConfiguration$$EnhancerBySpringCGLIB$$303c68be] is not eligible for getting processed by all BeanPostProcessors (for example: not eligible for auto-proxying)
2018-08-03 17:48:31.011  INFO ramilmmk - o.s.b.w.e.j.JettyServletWebServerFactory : Server initialized with port: 8085
2018-08-03 17:48:31.150  INFO ramilmmk - o.s.w.c.ContextLoader                    : Root WebApplicationContext: initialization completed in 4497 ms
2018-08-03 17:48:31.318  INFO ramilmmk - o.s.b.w.s.ServletRegistrationBean        : Servlet dispatcherServlet mapped to [/]
2018-08-03 17:48:31.321  INFO ramilmmk - o.s.b.w.s.FilterRegistrationBean         : Mapping filter: 'characterEncodingFilter' to: [/*]
2018-08-03 17:48:31.321  INFO ramilmmk - o.s.b.w.s.FilterRegistrationBean         : Mapping filter: 'hiddenHttpMethodFilter' to: [/*]
2018-08-03 17:48:31.321  INFO ramilmmk - o.s.b.w.s.FilterRegistrationBean         : Mapping filter: 'httpPutFormContentFilter' to: [/*]
2018-08-03 17:48:31.321  INFO ramilmmk - o.s.b.w.s.FilterRegistrationBean         : Mapping filter: 'requestContextFilter' to: [/*]
2018-08-03 17:48:31.733  INFO ramilmmk - j.LocalContainerEntityManagerFactoryBean : Building JPA container EntityManagerFactory for persistence unit 'default'
2018-08-03 17:48:31.750  INFO ramilmmk - o.h.j.i.u.LogHelper                      : HHH000204: Processing PersistenceUnitInfo [
	name: default
	...]
2018-08-03 17:48:32.020  INFO ramilmmk - o.h.Version                              : HHH000412: Hibernate Core {5.2.17.Final}
2018-08-03 17:48:32.023  INFO ramilmmk - o.h.c.Environment                        : HHH000206: hibernate.properties not found
2018-08-03 17:48:32.120  INFO ramilmmk - o.h.a.c.Version                          : HCANN000001: Hibernate Commons Annotations {5.0.1.Final}
2018-08-03 17:48:32.370  INFO ramilmmk - o.h.d.Dialect                            : HHH000400: Using dialect: org.hibernate.dialect.PostgreSQLDialect
2018-08-03 17:48:32.580  INFO ramilmmk - o.h.e.j.e.i.LobCreatorBuilderImpl        : HHH000424: Disabling contextual LOB creation as createClob() method threw error : java.lang.reflect.InvocationTargetException
2018-08-03 17:48:32.583  INFO ramilmmk - o.h.t.BasicTypeRegistry                  : HHH000270: Type registration [java.util.UUID] overrides previous : org.hibernate.type.UUIDBinaryType@3b920bdc
2018-08-03 17:48:33.247  INFO ramilmmk - j.LocalContainerEntityManagerFactoryBean : Initialized JPA EntityManagerFactory for persistence unit 'default'
2018-08-03 17:48:34.017  INFO ramilmmk - o.s.w.s.h.SimpleUrlHandlerMapping        : Mapped URL path [/**/favicon.ico] onto handler of type [class org.springframework.web.servlet.resource.ResourceHttpRequestHandler]
2018-08-03 17:48:34.463  INFO ramilmmk - s.w.s.m.m.a.RequestMappingHandlerAdapter : Looking for @ControllerAdvice: org.springframework.boot.web.servlet.context.AnnotationConfigServletWebServerApplicationContext@43c1b556: startup date [Fri Aug 03 17:48:26 MSK 2018]; root of context hierarchy
2018-08-03 17:48:34.508  WARN ramilmmk - aWebConfiguration$JpaWebMvcConfiguration : spring.jpa.open-in-view is enabled by default. Therefore, database queries may be performed during view rendering. Explicitly configure spring.jpa.open-in-view to disable this warning
2018-08-03 17:48:34.562  INFO ramilmmk - s.w.s.m.m.a.RequestMappingHandlerMapping : Mapped "{[/],methods=[GET]}" onto public java.lang.String CryptoMonitor.Controller.MainController.render()
2018-08-03 17:48:34.564  INFO ramilmmk - s.w.s.m.m.a.RequestMappingHandlerMapping : Mapped "{[/check],methods=[GET]}" onto public java.lang.String CryptoMonitor.Controller.MainController.checkApp()
2018-08-03 17:48:34.571  INFO ramilmmk - s.w.s.m.m.a.RequestMappingHandlerMapping : Mapped "{[/error]}" onto public org.springframework.http.ResponseEntity<java.util.Map<java.lang.String, java.lang.Object>> org.springframework.boot.autoconfigure.web.servlet.error.BasicErrorController.error(javax.servlet.http.HttpServletRequest)
2018-08-03 17:48:34.572  INFO ramilmmk - s.w.s.m.m.a.RequestMappingHandlerMapping : Mapped "{[/error],produces=[text/html]}" onto public org.springframework.web.servlet.ModelAndView org.springframework.boot.autoconfigure.web.servlet.error.BasicErrorController.errorHtml(javax.servlet.http.HttpServletRequest,javax.servlet.http.HttpServletResponse)
2018-08-03 17:48:34.639  INFO ramilmmk - o.s.w.s.h.SimpleUrlHandlerMapping        : Mapped URL path [/webjars/**] onto handler of type [class org.springframework.web.servlet.resource.ResourceHttpRequestHandler]
2018-08-03 17:48:34.640  INFO ramilmmk - o.s.w.s.h.SimpleUrlHandlerMapping        : Mapped URL path [/**] onto handler of type [class org.springframework.web.servlet.resource.ResourceHttpRequestHandler]
2018-08-03 17:48:35.165  INFO ramilmmk - o.s.j.e.a.AnnotationMBeanExporter        : Registering beans for JMX exposure on startup
2018-08-03 17:48:35.167  INFO ramilmmk - o.s.j.e.a.AnnotationMBeanExporter        : Bean with name 'dataSource' has been autodetected for JMX exposure
2018-08-03 17:48:35.176  INFO ramilmmk - o.s.j.e.a.AnnotationMBeanExporter        : Located MBean 'dataSource': registering with JMX server as MBean [com.zaxxer.hikari:name=dataSource,type=HikariDataSource]
2018-08-03 17:48:35.192  INFO ramilmmk - s.a.ScheduledAnnotationBeanPostProcessor : No TaskScheduler/ScheduledExecutorService bean found for scheduled processing
2018-08-03 17:48:35.207  INFO ramilmmk - o.s.w.s.DispatcherServlet                : FrameworkServlet 'dispatcherServlet': initialization started
2018-08-03 17:48:35.230  INFO ramilmmk - o.s.w.s.DispatcherServlet                : FrameworkServlet 'dispatcherServlet': initialization completed in 23 ms
2018-08-03 17:48:35.275  INFO ramilmmk - o.s.b.w.e.j.JettyWebServer               : Jetty started on port(s) 8085 (http/1.1) with context path '/'
2018-08-03 17:48:35.280  INFO ramilmmk - W.Application                            : Started Application in 9.939 seconds (JVM running for 12.965)
2018-08-03 17:48:36.211  INFO ramilmmk - W.S.PostService                          : Start parsing gov.cap
2018-08-03 17:48:40.679  INFO ramilmmk - o.h.h.i.QueryTranslatorFactoryInitiator  : HHH000397: Using ASTQueryTranslatorFactory
2018-08-03 17:48:43.096  INFO ramilmmk - W.S.PostService                          : Checking post...
2018-08-03 17:48:45.380  INFO ramilmmk - W.S.PostService                          : Checking post...
2018-08-03 17:48:47.575  INFO ramilmmk - W.S.PostService                          : Checking post...
2018-08-03 17:48:47.576  INFO ramilmmk - W.S.PostService                          : Start parsing kanashen.ru
2018-08-03 17:48:52.204  INFO ramilmmk - W.S.PostService                          : Checking post...
2018-08-03 17:52:17.057  INFO ramilmmk - W.S.PostService                          : Start parsing gov.cap
2018-08-03 17:52:21.265  INFO ramilmmk - W.S.PostService                          : Checking post...
2018-08-03 17:52:22.805  INFO ramilmmk - W.S.PostService                          : Checking post...
2018-08-03 17:52:24.225  INFO ramilmmk - W.S.PostService                          : Checking post...
2018-08-03 17:52:24.226  INFO ramilmmk - W.S.PostService                          : Saving new post...
2018-08-03 17:52:24.337  INFO ramilmmk - W.S.PostService                          : Sending to suggested news...
2018-08-03 17:52:25.903  INFO ramilmmk - W.S.PostService                          : Uploading photo...
2018-08-03 17:53:01.175  INFO ramilmmk - W.S.PostService                          : #RESPONSE: HttpResponseProxy{HTTP/1.1 200 OK [Server: Internet Information Services, Date: Fri, 03 Aug 2018 14:53:02 GMT, Content-Type: application/json; charset=utf-8, Connection: keep-alive, X-Powered-By: PHP/3.16184, Cache-control: no-store] org.apache.http.client.entity.DecompressingEntity@13350112}
2018-08-03 17:53:01.179  INFO ramilmmk - W.S.PostService                          : ООО «Газпром межрегионгаз Чебоксары» уведомляет..
2018-08-03 17:53:01.487  INFO ramilmmk - W.S.PostService                          : #RESPONSE: HttpResponseProxy{HTTP/1.1 200 OK [Server: Internet Information Services, Date: Fri, 03 Aug 2018 14:53:03 GMT, Content-Type: application/json; charset=utf-8, Connection: keep-alive, X-Powered-By: PHP/3.16184, Cache-control: no-store] org.apache.http.client.entity.DecompressingEntity@712cd94e}
2018-08-03 17:53:01.487  INFO ramilmmk - W.S.PostService                          : POST SUGGESTING TASK DONE!
2018-08-03 17:53:01.487  INFO ramilmmk - W.S.PostService                          : Sending notification...
2018-08-03 17:53:02.235  INFO ramilmmk - W.S.PostService                          : #RESPONSE: HttpResponseProxy{HTTP/1.1 200 OK [Server: Internet Information Services, Date: Fri, 03 Aug 2018 14:53:03 GMT, Content-Type: application/json; charset=utf-8, Connection: keep-alive, X-Powered-By: PHP/3.16184, Cache-control: no-store] org.apache.http.client.entity.DecompressingEntity@66b03f67}
2018-08-03 17:53:02.235  INFO ramilmmk - W.S.PostService                          : NOTIFICATION SENDING TASK DONE!
2018-08-03 17:53:02.236  INFO ramilmmk - W.S.PostService                          : Start parsing kanashen.ru
2018-08-03 17:53:06.524  INFO ramilmmk - W.S.PostService                          : Checking post...
