2018-09-02 00:25:04.046  INFO ramilmmk - W.Application                            : Starting Application on ramilmmk with PID 8272 (C:\Java\CryptoMonitor\CryptoMonitor\target\classes started by ramil in C:\Java\CryptoMonitor\CryptoMonitor)
2018-09-02 00:25:04.187  INFO ramilmmk - W.Application                            : No active profile set, falling back to default profiles: default
2018-09-02 00:25:04.529  INFO ramilmmk - ConfigServletWebServerApplicationContext : Refreshing org.springframework.boot.web.servlet.context.AnnotationConfigServletWebServerApplicationContext@3bd82cf5: startup date [Sun Sep 02 00:25:04 MSK 2018]; root of context hierarchy
2018-09-02 00:25:07.568  INFO ramilmmk - trationDelegate$BeanPostProcessorChecker : Bean 'org.springframework.transaction.annotation.ProxyTransactionManagementConfiguration' of type [org.springframework.transaction.annotation.ProxyTransactionManagementConfiguration$$EnhancerBySpringCGLIB$$6c5cb73d] is not eligible for getting processed by all BeanPostProcessors (for example: not eligible for auto-proxying)
2018-09-02 00:25:08.029  INFO ramilmmk - o.e.j.u.log                              : Logging initialized @12266ms to org.eclipse.jetty.util.log.Slf4jLog
2018-09-02 00:25:08.381  INFO ramilmmk - o.s.b.w.e.j.JettyServletWebServerFactory : Server initialized with port: 8085
2018-09-02 00:25:08.383  INFO ramilmmk - o.e.j.s.Server                           : jetty-9.4.11.v20180605; built: 2018-06-05T18:24:03.829Z; git: d5fc0523cfa96bfebfbda19606cad384d772f04c; jvm 1.8.0_112-b15
2018-09-02 00:25:08.697  INFO ramilmmk - o.e.j.s.session                          : DefaultSessionIdManager workerName=node0
2018-09-02 00:25:08.698  INFO ramilmmk - o.e.j.s.session                          : No SessionScavenger set, using defaults
2018-09-02 00:25:08.700  INFO ramilmmk - o.e.j.s.session                          : node0 Scavenging every 600000ms
2018-09-02 00:25:08.709  INFO ramilmmk - o.e.j.s.h.C.application                  : Initializing Spring embedded WebApplicationContext
2018-09-02 00:25:08.710  INFO ramilmmk - o.s.w.c.ContextLoader                    : Root WebApplicationContext: initialization completed in 4186 ms
2018-09-02 00:25:08.973  INFO ramilmmk - o.s.b.w.s.ServletRegistrationBean        : Servlet dispatcherServlet mapped to [/]
2018-09-02 00:25:08.978  INFO ramilmmk - o.s.b.w.s.FilterRegistrationBean         : Mapping filter: 'characterEncodingFilter' to: [/*]
2018-09-02 00:25:08.978  INFO ramilmmk - o.s.b.w.s.FilterRegistrationBean         : Mapping filter: 'hiddenHttpMethodFilter' to: [/*]
2018-09-02 00:25:08.979  INFO ramilmmk - o.s.b.w.s.FilterRegistrationBean         : Mapping filter: 'httpPutFormContentFilter' to: [/*]
2018-09-02 00:25:08.979  INFO ramilmmk - o.s.b.w.s.FilterRegistrationBean         : Mapping filter: 'requestContextFilter' to: [/*]
2018-09-02 00:25:08.986  INFO ramilmmk - o.e.j.s.h.ContextHandler                 : Started o.s.b.w.e.j.JettyEmbeddedWebAppContext@29852487{application,/,[file:///C:/Users/ramil/AppData/Local/Temp/jetty-docbase.1714177878621131762.8085/],AVAILABLE}
2018-09-02 00:25:08.989  INFO ramilmmk - o.e.j.s.Server                           : Started @13227ms
2018-09-02 00:25:09.354  INFO ramilmmk - c.z.h.HikariDataSource                   : HikariPool-1 - Starting...
2018-09-02 00:25:51.592  INFO ramilmmk - W.Application                            : Starting Application on ramilmmk with PID 16260 (C:\Java\CryptoMonitor\CryptoMonitor\target\classes started by ramil in C:\Java\CryptoMonitor\CryptoMonitor)
2018-09-02 00:25:51.601  INFO ramilmmk - W.Application                            : No active profile set, falling back to default profiles: default
2018-09-02 00:25:51.692  INFO ramilmmk - ConfigServletWebServerApplicationContext : Refreshing org.springframework.boot.web.servlet.context.AnnotationConfigServletWebServerApplicationContext@131ef10: startup date [Sun Sep 02 00:25:51 MSK 2018]; root of context hierarchy
2018-09-02 00:25:54.718  INFO ramilmmk - trationDelegate$BeanPostProcessorChecker : Bean 'org.springframework.transaction.annotation.ProxyTransactionManagementConfiguration' of type [org.springframework.transaction.annotation.ProxyTransactionManagementConfiguration$$EnhancerBySpringCGLIB$$a7e0f3b9] is not eligible for getting processed by all BeanPostProcessors (for example: not eligible for auto-proxying)
2018-09-02 00:25:54.991  INFO ramilmmk - o.e.j.u.log                              : Logging initialized @6468ms to org.eclipse.jetty.util.log.Slf4jLog
2018-09-02 00:25:55.112  INFO ramilmmk - o.s.b.w.e.j.JettyServletWebServerFactory : Server initialized with port: 8085
2018-09-02 00:25:55.114  INFO ramilmmk - o.e.j.s.Server                           : jetty-9.4.11.v20180605; built: 2018-06-05T18:24:03.829Z; git: d5fc0523cfa96bfebfbda19606cad384d772f04c; jvm 1.8.0_112-b15
2018-09-02 00:25:55.291  INFO ramilmmk - o.e.j.s.session                          : DefaultSessionIdManager workerName=node0
2018-09-02 00:25:55.291  INFO ramilmmk - o.e.j.s.session                          : No SessionScavenger set, using defaults
2018-09-02 00:25:55.294  INFO ramilmmk - o.e.j.s.session                          : node0 Scavenging every 600000ms
2018-09-02 00:25:55.305  INFO ramilmmk - o.e.j.s.h.C.application                  : Initializing Spring embedded WebApplicationContext
2018-09-02 00:25:55.305  INFO ramilmmk - o.s.w.c.ContextLoader                    : Root WebApplicationContext: initialization completed in 3621 ms
2018-09-02 00:25:55.469  INFO ramilmmk - o.s.b.w.s.ServletRegistrationBean        : Servlet dispatcherServlet mapped to [/]
2018-09-02 00:25:55.471  INFO ramilmmk - o.s.b.w.s.FilterRegistrationBean         : Mapping filter: 'characterEncodingFilter' to: [/*]
2018-09-02 00:25:55.472  INFO ramilmmk - o.s.b.w.s.FilterRegistrationBean         : Mapping filter: 'hiddenHttpMethodFilter' to: [/*]
2018-09-02 00:25:55.472  INFO ramilmmk - o.s.b.w.s.FilterRegistrationBean         : Mapping filter: 'httpPutFormContentFilter' to: [/*]
2018-09-02 00:25:55.472  INFO ramilmmk - o.s.b.w.s.FilterRegistrationBean         : Mapping filter: 'requestContextFilter' to: [/*]
2018-09-02 00:25:55.477  INFO ramilmmk - o.e.j.s.h.ContextHandler                 : Started o.s.b.w.e.j.JettyEmbeddedWebAppContext@185f7840{application,/,[file:///C:/Users/ramil/AppData/Local/Temp/jetty-docbase.7409381493269996762.8085/],AVAILABLE}
2018-09-02 00:25:55.478  INFO ramilmmk - o.e.j.s.Server                           : Started @6956ms
2018-09-02 00:25:55.685  INFO ramilmmk - c.z.h.HikariDataSource                   : HikariPool-1 - Starting...
2018-09-02 00:25:55.976  INFO ramilmmk - c.z.h.HikariDataSource                   : HikariPool-1 - Start completed.
2018-09-02 00:25:56.088  INFO ramilmmk - j.LocalContainerEntityManagerFactoryBean : Building JPA container EntityManagerFactory for persistence unit 'default'
2018-09-02 00:25:56.123  INFO ramilmmk - o.h.j.i.u.LogHelper                      : HHH000204: Processing PersistenceUnitInfo [
	name: default
	...]
2018-09-02 00:25:56.567  INFO ramilmmk - o.h.Version                              : HHH000412: Hibernate Core {5.2.17.Final}
2018-09-02 00:25:56.571  INFO ramilmmk - o.h.c.Environment                        : HHH000206: hibernate.properties not found
2018-09-02 00:25:56.759  INFO ramilmmk - o.h.a.c.Version                          : HCANN000001: Hibernate Commons Annotations {5.0.1.Final}
2018-09-02 00:25:57.064  INFO ramilmmk - o.h.d.Dialect                            : HHH000400: Using dialect: org.hibernate.dialect.PostgreSQLDialect
2018-09-02 00:25:57.621  INFO ramilmmk - o.h.e.j.e.i.LobCreatorBuilderImpl        : HHH000424: Disabling contextual LOB creation as createClob() method threw error : java.lang.reflect.InvocationTargetException
2018-09-02 00:25:57.624  INFO ramilmmk - o.h.t.BasicTypeRegistry                  : HHH000270: Type registration [java.util.UUID] overrides previous : org.hibernate.type.UUIDBinaryType@3dd31157
2018-09-02 00:25:59.250  INFO ramilmmk - j.LocalContainerEntityManagerFactoryBean : Initialized JPA EntityManagerFactory for persistence unit 'default'
2018-09-02 00:26:00.118  INFO ramilmmk - W.S.PostService                          : START SETTING UP!!!
2018-09-02 00:26:00.119  INFO ramilmmk - W.S.PostService                          : PostService properties set up
2018-09-02 00:26:00.421  INFO ramilmmk - W.S.PostService                          : MorningImageCreator properties set up
2018-09-02 00:26:00.423  INFO ramilmmk - W.S.PostService                          : START SETTING UP!!!
2018-09-02 00:26:00.423  INFO ramilmmk - W.S.PostService                          : MorningPostService properties set up
2018-09-02 00:26:00.818  INFO ramilmmk - o.s.w.s.h.SimpleUrlHandlerMapping        : Mapped URL path [/**/favicon.ico] onto handler of type [class org.springframework.web.servlet.resource.ResourceHttpRequestHandler]
2018-09-02 00:26:01.360  INFO ramilmmk - s.w.s.m.m.a.RequestMappingHandlerAdapter : Looking for @ControllerAdvice: org.springframework.boot.web.servlet.context.AnnotationConfigServletWebServerApplicationContext@131ef10: startup date [Sun Sep 02 00:25:51 MSK 2018]; root of context hierarchy
2018-09-02 00:26:01.416  WARN ramilmmk - aWebConfiguration$JpaWebMvcConfiguration : spring.jpa.open-in-view is enabled by default. Therefore, database queries may be performed during view rendering. Explicitly configure spring.jpa.open-in-view to disable this warning
2018-09-02 00:26:01.478  INFO ramilmmk - s.w.s.m.m.a.RequestMappingHandlerMapping : Mapped "{[/],methods=[GET]}" onto public java.lang.String CryptoMonitor.Controller.MainController.render()
2018-09-02 00:26:01.479  INFO ramilmmk - s.w.s.m.m.a.RequestMappingHandlerMapping : Mapped "{[/check],methods=[GET]}" onto public java.lang.String CryptoMonitor.Controller.MainController.checkApp()
2018-09-02 00:26:01.480  INFO ramilmmk - s.w.s.m.m.a.RequestMappingHandlerMapping : Mapped "{[/morning],methods=[GET]}" onto public java.lang.String CryptoMonitor.Controller.MainController.checkMorning()
2018-09-02 00:26:01.486  INFO ramilmmk - s.w.s.m.m.a.RequestMappingHandlerMapping : Mapped "{[/error]}" onto public org.springframework.http.ResponseEntity<java.util.Map<java.lang.String, java.lang.Object>> org.springframework.boot.autoconfigure.web.servlet.error.BasicErrorController.error(javax.servlet.http.HttpServletRequest)
2018-09-02 00:26:01.487  INFO ramilmmk - s.w.s.m.m.a.RequestMappingHandlerMapping : Mapped "{[/error],produces=[text/html]}" onto public org.springframework.web.servlet.ModelAndView org.springframework.boot.autoconfigure.web.servlet.error.BasicErrorController.errorHtml(javax.servlet.http.HttpServletRequest,javax.servlet.http.HttpServletResponse)
2018-09-02 00:26:01.525  INFO ramilmmk - o.s.w.s.h.SimpleUrlHandlerMapping        : Mapped URL path [/webjars/**] onto handler of type [class org.springframework.web.servlet.resource.ResourceHttpRequestHandler]
2018-09-02 00:26:01.525  INFO ramilmmk - o.s.w.s.h.SimpleUrlHandlerMapping        : Mapped URL path [/**] onto handler of type [class org.springframework.web.servlet.resource.ResourceHttpRequestHandler]
2018-09-02 00:26:02.151  INFO ramilmmk - o.s.j.e.a.AnnotationMBeanExporter        : Registering beans for JMX exposure on startup
2018-09-02 00:26:02.153  INFO ramilmmk - o.s.j.e.a.AnnotationMBeanExporter        : Bean with name 'dataSource' has been autodetected for JMX exposure
2018-09-02 00:26:02.164  INFO ramilmmk - o.s.j.e.a.AnnotationMBeanExporter        : Located MBean 'dataSource': registering with JMX server as MBean [com.zaxxer.hikari:name=dataSource,type=HikariDataSource]
2018-09-02 00:26:02.180  INFO ramilmmk - s.a.ScheduledAnnotationBeanPostProcessor : No TaskScheduler/ScheduledExecutorService bean found for scheduled processing
2018-09-02 00:26:02.197  INFO ramilmmk - o.e.j.s.h.C.application                  : Initializing Spring FrameworkServlet 'dispatcherServlet'
2018-09-02 00:26:02.198  INFO ramilmmk - o.s.w.s.DispatcherServlet                : FrameworkServlet 'dispatcherServlet': initialization started
2018-09-02 00:26:02.216  INFO ramilmmk - o.s.w.s.DispatcherServlet                : FrameworkServlet 'dispatcherServlet': initialization completed in 18 ms
2018-09-02 00:26:02.253  INFO ramilmmk - o.e.j.s.AbstractConnector                : Started ServerConnector@a3cba3a{HTTP/1.1,[http/1.1]}{0.0.0.0:8085}
2018-09-02 00:26:02.258  INFO ramilmmk - o.s.b.w.e.j.JettyWebServer               : Jetty started on port(s) 8085 (http/1.1) with context path '/'
2018-09-02 00:26:02.262  INFO ramilmmk - W.Application                            : Started Application in 11.233 seconds (JVM running for 13.74)
2018-09-02 00:26:07.300  INFO ramilmmk - W.S.PostService                          : Start building morning image
2018-09-02 00:26:10.818  INFO ramilmmk - W.S.PostService                          : Morning image GENERATED SUCCESSFULLY
2018-09-02 00:26:10.819  INFO ramilmmk - W.S.PostService                          : Sending morning image to suggested news...
2018-09-02 00:26:10.825  INFO ramilmmk - W.S.PostService                          : Uploading photo...
2018-09-02 00:26:12.108  INFO ramilmmk - W.S.PostService                          : #RESPONSE: HttpResponseProxy{HTTP/1.1 200 OK [Server: Internet Information Services, Date: Sat, 01 Sep 2018 21:26:13 GMT, Content-Type: application/json; charset=utf-8, Connection: keep-alive, X-Powered-By: PHP/3.16518, Cache-control: no-store] org.apache.http.client.entity.DecompressingEntity@3f590358}
2018-09-02 00:26:12.272  INFO ramilmmk - W.S.PostService                          : #RESPONSE: HttpResponseProxy{HTTP/1.1 200 OK [Server: Internet Information Services, Date: Sat, 01 Sep 2018 21:26:13 GMT, Content-Type: application/json; charset=utf-8, Connection: keep-alive, X-Powered-By: PHP/3.16518, Cache-control: no-store] org.apache.http.client.entity.DecompressingEntity@110b873e}
2018-09-02 00:26:12.272  INFO ramilmmk - W.S.PostService                          : MORNING POST SUGGESTING TASK DONE!
2018-09-02 00:26:12.273  INFO ramilmmk - W.S.PostService                          : Sending notification...
2018-09-02 00:26:12.926  INFO ramilmmk - W.S.PostService                          : #RESPONSE: HttpResponseProxy{HTTP/1.1 200 OK [Server: Internet Information Services, Date: Sat, 01 Sep 2018 21:26:14 GMT, Content-Type: application/json; charset=utf-8, Connection: keep-alive, X-Powered-By: PHP/3.16518, Cache-control: no-store] org.apache.http.client.entity.DecompressingEntity@8479775}
2018-09-02 00:26:12.927  INFO ramilmmk - W.S.PostService                          : NOTIFICATION SENDING TASK DONE!
