2018-08-04 00:31:51.961  INFO ramilmmk - W.Application                            : Starting Application on ramilmmk with PID 3640 (C:\Java\CryptoMonitor\CryptoMonitor\target\classes started by ramil in C:\Java\CryptoMonitor\CryptoMonitor)
2018-08-04 00:31:51.990  INFO ramilmmk - W.Application                            : No active profile set, falling back to default profiles: default
2018-08-04 00:31:52.117  INFO ramilmmk - ConfigServletWebServerApplicationContext : Refreshing org.springframework.boot.web.servlet.context.AnnotationConfigServletWebServerApplicationContext@1dac5ef: startup date [Sat Aug 04 00:31:52 MSK 2018]; root of context hierarchy
2018-08-04 00:31:53.837  INFO ramilmmk - trationDelegate$BeanPostProcessorChecker : Bean 'org.springframework.transaction.annotation.ProxyTransactionManagementConfiguration' of type [org.springframework.transaction.annotation.ProxyTransactionManagementConfiguration$$EnhancerBySpringCGLIB$$8eb19b67] is not eligible for getting processed by all BeanPostProcessors (for example: not eligible for auto-proxying)
2018-08-04 00:31:54.107  INFO ramilmmk - o.e.j.u.log                              : Logging initialized @6688ms to org.eclipse.jetty.util.log.Slf4jLog
2018-08-04 00:31:54.239  INFO ramilmmk - o.s.b.w.e.j.JettyServletWebServerFactory : Server initialized with port: 8085
2018-08-04 00:31:54.240  INFO ramilmmk - o.e.j.s.Server                           : jetty-9.4.11.v20180605; built: 2018-06-05T18:24:03.829Z; git: d5fc0523cfa96bfebfbda19606cad384d772f04c; jvm 1.8.0_112-b15
2018-08-04 00:31:54.380  INFO ramilmmk - o.e.j.s.session                          : DefaultSessionIdManager workerName=node0
2018-08-04 00:31:54.381  INFO ramilmmk - o.e.j.s.session                          : No SessionScavenger set, using defaults
2018-08-04 00:31:54.382  INFO ramilmmk - o.e.j.s.session                          : node0 Scavenging every 600000ms
2018-08-04 00:31:54.389  INFO ramilmmk - o.e.j.s.h.C.application                  : Initializing Spring embedded WebApplicationContext
2018-08-04 00:31:54.389  INFO ramilmmk - o.s.w.c.ContextLoader                    : Root WebApplicationContext: initialization completed in 2277 ms
2018-08-04 00:31:54.524  INFO ramilmmk - o.s.b.w.s.ServletRegistrationBean        : Servlet dispatcherServlet mapped to [/]
2018-08-04 00:31:54.527  INFO ramilmmk - o.s.b.w.s.FilterRegistrationBean         : Mapping filter: 'characterEncodingFilter' to: [/*]
2018-08-04 00:31:54.528  INFO ramilmmk - o.s.b.w.s.FilterRegistrationBean         : Mapping filter: 'hiddenHttpMethodFilter' to: [/*]
2018-08-04 00:31:54.528  INFO ramilmmk - o.s.b.w.s.FilterRegistrationBean         : Mapping filter: 'httpPutFormContentFilter' to: [/*]
2018-08-04 00:31:54.528  INFO ramilmmk - o.s.b.w.s.FilterRegistrationBean         : Mapping filter: 'requestContextFilter' to: [/*]
2018-08-04 00:31:54.532  INFO ramilmmk - o.e.j.s.h.ContextHandler                 : Started o.s.b.w.e.j.JettyEmbeddedWebAppContext@6e0f7aad{application,/,[file:///C:/Users/ramil/AppData/Local/Temp/jetty-docbase.5397467282026054588.8085/],AVAILABLE}
2018-08-04 00:31:54.533  INFO ramilmmk - o.e.j.s.Server                           : Started @7116ms
2018-08-04 00:31:54.777  INFO ramilmmk - c.z.h.HikariDataSource                   : HikariPool-1 - Starting...
2018-08-04 00:31:54.953  INFO ramilmmk - c.z.h.HikariDataSource                   : HikariPool-1 - Start completed.
2018-08-04 00:31:55.020  INFO ramilmmk - j.LocalContainerEntityManagerFactoryBean : Building JPA container EntityManagerFactory for persistence unit 'default'
2018-08-04 00:31:55.035  INFO ramilmmk - o.h.j.i.u.LogHelper                      : HHH000204: Processing PersistenceUnitInfo [
	name: default
	...]
2018-08-04 00:31:55.253  INFO ramilmmk - o.h.Version                              : HHH000412: Hibernate Core {5.2.17.Final}
2018-08-04 00:31:55.258  INFO ramilmmk - o.h.c.Environment                        : HHH000206: hibernate.properties not found
2018-08-04 00:31:55.336  INFO ramilmmk - o.h.a.c.Version                          : HCANN000001: Hibernate Commons Annotations {5.0.1.Final}
2018-08-04 00:31:55.549  INFO ramilmmk - o.h.d.Dialect                            : HHH000400: Using dialect: org.hibernate.dialect.PostgreSQLDialect
2018-08-04 00:31:55.745  INFO ramilmmk - o.h.e.j.e.i.LobCreatorBuilderImpl        : HHH000424: Disabling contextual LOB creation as createClob() method threw error : java.lang.reflect.InvocationTargetException
2018-08-04 00:31:55.747  INFO ramilmmk - o.h.t.BasicTypeRegistry                  : HHH000270: Type registration [java.util.UUID] overrides previous : org.hibernate.type.UUIDBinaryType@6325f352
2018-08-04 00:31:56.298  INFO ramilmmk - j.LocalContainerEntityManagerFactoryBean : Initialized JPA EntityManagerFactory for persistence unit 'default'
2018-08-04 00:31:56.881  INFO ramilmmk - o.s.w.s.h.SimpleUrlHandlerMapping        : Mapped URL path [/**/favicon.ico] onto handler of type [class org.springframework.web.servlet.resource.ResourceHttpRequestHandler]
2018-08-04 00:31:57.195  INFO ramilmmk - s.w.s.m.m.a.RequestMappingHandlerAdapter : Looking for @ControllerAdvice: org.springframework.boot.web.servlet.context.AnnotationConfigServletWebServerApplicationContext@1dac5ef: startup date [Sat Aug 04 00:31:52 MSK 2018]; root of context hierarchy
2018-08-04 00:31:57.229  WARN ramilmmk - aWebConfiguration$JpaWebMvcConfiguration : spring.jpa.open-in-view is enabled by default. Therefore, database queries may be performed during view rendering. Explicitly configure spring.jpa.open-in-view to disable this warning
2018-08-04 00:31:57.277  INFO ramilmmk - s.w.s.m.m.a.RequestMappingHandlerMapping : Mapped "{[/],methods=[GET]}" onto public java.lang.String CryptoMonitor.Controller.MainController.render()
2018-08-04 00:31:57.279  INFO ramilmmk - s.w.s.m.m.a.RequestMappingHandlerMapping : Mapped "{[/check],methods=[GET]}" onto public java.lang.String CryptoMonitor.Controller.MainController.checkApp()
2018-08-04 00:31:57.286  INFO ramilmmk - s.w.s.m.m.a.RequestMappingHandlerMapping : Mapped "{[/error]}" onto public org.springframework.http.ResponseEntity<java.util.Map<java.lang.String, java.lang.Object>> org.springframework.boot.autoconfigure.web.servlet.error.BasicErrorController.error(javax.servlet.http.HttpServletRequest)
2018-08-04 00:31:57.286  INFO ramilmmk - s.w.s.m.m.a.RequestMappingHandlerMapping : Mapped "{[/error],produces=[text/html]}" onto public org.springframework.web.servlet.ModelAndView org.springframework.boot.autoconfigure.web.servlet.error.BasicErrorController.errorHtml(javax.servlet.http.HttpServletRequest,javax.servlet.http.HttpServletResponse)
2018-08-04 00:31:57.329  INFO ramilmmk - o.s.w.s.h.SimpleUrlHandlerMapping        : Mapped URL path [/webjars/**] onto handler of type [class org.springframework.web.servlet.resource.ResourceHttpRequestHandler]
2018-08-04 00:31:57.330  INFO ramilmmk - o.s.w.s.h.SimpleUrlHandlerMapping        : Mapped URL path [/**] onto handler of type [class org.springframework.web.servlet.resource.ResourceHttpRequestHandler]
2018-08-04 00:31:57.744  INFO ramilmmk - o.s.j.e.a.AnnotationMBeanExporter        : Registering beans for JMX exposure on startup
2018-08-04 00:31:57.745  INFO ramilmmk - o.s.j.e.a.AnnotationMBeanExporter        : Bean with name 'dataSource' has been autodetected for JMX exposure
2018-08-04 00:31:57.753  INFO ramilmmk - o.s.j.e.a.AnnotationMBeanExporter        : Located MBean 'dataSource': registering with JMX server as MBean [com.zaxxer.hikari:name=dataSource,type=HikariDataSource]
2018-08-04 00:31:57.768  INFO ramilmmk - s.a.ScheduledAnnotationBeanPostProcessor : No TaskScheduler/ScheduledExecutorService bean found for scheduled processing
2018-08-04 00:31:57.780  INFO ramilmmk - o.e.j.s.h.C.application                  : Initializing Spring FrameworkServlet 'dispatcherServlet'
2018-08-04 00:31:57.780  INFO ramilmmk - o.s.w.s.DispatcherServlet                : FrameworkServlet 'dispatcherServlet': initialization started
2018-08-04 00:31:57.802  INFO ramilmmk - o.s.w.s.DispatcherServlet                : FrameworkServlet 'dispatcherServlet': initialization completed in 22 ms
2018-08-04 00:31:57.840  INFO ramilmmk - o.e.j.s.AbstractConnector                : Started ServerConnector@78d92eef{HTTP/1.1,[http/1.1]}{0.0.0.0:8085}
2018-08-04 00:31:57.844  INFO ramilmmk - o.s.b.w.e.j.JettyWebServer               : Jetty started on port(s) 8085 (http/1.1) with context path '/'
2018-08-04 00:31:57.848  INFO ramilmmk - W.Application                            : Started Application in 7.136 seconds (JVM running for 10.43)
2018-08-04 00:31:58.787  INFO ramilmmk - W.S.PostService                          : Start parsing gov.cap
2018-08-04 00:32:01.192  INFO ramilmmk - o.h.h.i.QueryTranslatorFactoryInitiator  : HHH000397: Using ASTQueryTranslatorFactory
2018-08-04 00:32:03.181  INFO ramilmmk - W.S.PostService                          : Checking post...
2018-08-04 00:32:03.182  INFO ramilmmk - W.S.PostService                          : Saving new post...
2018-08-04 00:32:03.290  INFO ramilmmk - W.S.PostService                          : Sending to suggested news...
2018-08-04 00:32:05.557  INFO ramilmmk - W.S.PostService                          : Uploading photo...
2018-08-04 00:32:09.002  INFO ramilmmk - W.S.PostService                          : #RESPONSE: HttpResponseProxy{HTTP/1.1 200 OK [Server: Internet Information Services, Date: Fri, 03 Aug 2018 21:32:10 GMT, Content-Type: application/json; charset=utf-8, Connection: keep-alive, X-Powered-By: PHP/3.16186, Cache-control: no-store] org.apache.http.client.entity.DecompressingEntity@3ee6e4de}
2018-08-04 00:32:11.292  INFO ramilmmk - W.S.PostService                          : Uploading photo...
2018-08-04 00:32:14.430  INFO ramilmmk - W.S.PostService                          : #RESPONSE: HttpResponseProxy{HTTP/1.1 200 OK [Server: Internet Information Services, Date: Fri, 03 Aug 2018 21:32:16 GMT, Content-Type: application/json; charset=utf-8, Connection: keep-alive, X-Powered-By: PHP/3.16186, Cache-control: no-store] org.apache.http.client.entity.DecompressingEntity@79e118c4}
2018-08-04 00:32:16.223  INFO ramilmmk - W.S.PostService                          : Uploading photo...
2018-08-04 00:32:18.925  INFO ramilmmk - W.S.PostService                          : #RESPONSE: HttpResponseProxy{HTTP/1.1 200 OK [Server: Internet Information Services, Date: Fri, 03 Aug 2018 21:32:20 GMT, Content-Type: application/json; charset=utf-8, Connection: keep-alive, X-Powered-By: PHP/3.16186, Cache-control: no-store] org.apache.http.client.entity.DecompressingEntity@6d1e5d42}
2018-08-04 00:32:21.253  INFO ramilmmk - W.S.PostService                          : Uploading photo...
2018-08-04 00:32:24.305  INFO ramilmmk - W.S.PostService                          : #RESPONSE: HttpResponseProxy{HTTP/1.1 200 OK [Server: Internet Information Services, Date: Fri, 03 Aug 2018 21:32:26 GMT, Content-Type: application/json; charset=utf-8, Connection: keep-alive, X-Powered-By: PHP/3.16186, Cache-control: no-store] org.apache.http.client.entity.DecompressingEntity@2510f386}
2018-08-04 00:32:26.476  INFO ramilmmk - W.S.PostService                          : Uploading photo...
2018-08-04 00:32:29.948  INFO ramilmmk - W.S.PostService                          : #RESPONSE: HttpResponseProxy{HTTP/1.1 200 OK [Server: Internet Information Services, Date: Fri, 03 Aug 2018 21:32:31 GMT, Content-Type: application/json; charset=utf-8, Connection: keep-alive, X-Powered-By: PHP/3.16186, Cache-control: no-store] org.apache.http.client.entity.DecompressingEntity@67a44f4e}
2018-08-04 00:32:32.057  INFO ramilmmk - W.S.PostService                          : Uploading photo...
2018-08-04 00:32:34.909  INFO ramilmmk - W.S.PostService                          : #RESPONSE: HttpResponseProxy{HTTP/1.1 200 OK [Server: Internet Information Services, Date: Fri, 03 Aug 2018 21:32:36 GMT, Content-Type: application/json; charset=utf-8, Connection: keep-alive, X-Powered-By: PHP/3.16186, Cache-control: no-store] org.apache.http.client.entity.DecompressingEntity@204ca404}
2018-08-04 00:32:37.021  INFO ramilmmk - W.S.PostService                          : Uploading photo...
2018-08-04 00:32:40.798  INFO ramilmmk - W.S.PostService                          : #RESPONSE: HttpResponseProxy{HTTP/1.1 200 OK [Server: Internet Information Services, Date: Fri, 03 Aug 2018 21:32:42 GMT, Content-Type: application/json; charset=utf-8, Connection: keep-alive, X-Powered-By: PHP/3.16186, Cache-control: no-store] org.apache.http.client.entity.DecompressingEntity@597eafe9}
2018-08-04 00:32:42.499  INFO ramilmmk - W.S.PostService                          : Uploading photo...
2018-08-04 00:32:44.837  INFO ramilmmk - W.S.PostService                          : #RESPONSE: HttpResponseProxy{HTTP/1.1 200 OK [Server: Internet Information Services, Date: Fri, 03 Aug 2018 21:32:46 GMT, Content-Type: application/json; charset=utf-8, Connection: keep-alive, X-Powered-By: PHP/3.16186, Cache-control: no-store] org.apache.http.client.entity.DecompressingEntity@7a11bc3f}
2018-08-04 00:32:46.940  INFO ramilmmk - W.S.PostService                          : Uploading photo...
2018-08-04 00:32:50.559  INFO ramilmmk - W.S.PostService                          : #RESPONSE: HttpResponseProxy{HTTP/1.1 200 OK [Server: Internet Information Services, Date: Fri, 03 Aug 2018 21:32:52 GMT, Content-Type: application/json; charset=utf-8, Connection: keep-alive, X-Powered-By: PHP/3.16186, Cache-control: no-store] org.apache.http.client.entity.DecompressingEntity@301e9980}
2018-08-04 00:32:52.514  INFO ramilmmk - W.S.PostService                          : Uploading photo...
2018-08-04 00:32:55.850  INFO ramilmmk - W.S.PostService                          : #RESPONSE: HttpResponseProxy{HTTP/1.1 200 OK [Server: Internet Information Services, Date: Fri, 03 Aug 2018 21:32:57 GMT, Content-Type: application/json; charset=utf-8, Connection: keep-alive, X-Powered-By: PHP/3.16186, Cache-control: no-store] org.apache.http.client.entity.DecompressingEntity@272fd4db}
2018-08-04 00:32:57.559  INFO ramilmmk - W.S.PostService                          : Uploading photo...
2018-08-04 00:33:00.384  INFO ramilmmk - W.S.PostService                          : #RESPONSE: HttpResponseProxy{HTTP/1.1 200 OK [Server: Internet Information Services, Date: Fri, 03 Aug 2018 21:33:02 GMT, Content-Type: application/json; charset=utf-8, Connection: keep-alive, X-Powered-By: PHP/3.16186, Cache-control: no-store] org.apache.http.client.entity.DecompressingEntity@30a801ec}
2018-08-04 00:33:00.387  INFO ramilmmk - W.S.PostService                          : В рамках спортивных мероприятий, посвященных Дню города, в Канаше прошел V городской массовый велопробег
2018-08-04 00:33:00.724  INFO ramilmmk - W.S.PostService                          : #RESPONSE: HttpResponseProxy{HTTP/1.1 200 OK [Server: Internet Information Services, Date: Fri, 03 Aug 2018 21:33:02 GMT, Content-Type: application/json; charset=utf-8, Connection: keep-alive, X-Powered-By: PHP/3.16186, Cache-control: no-store] org.apache.http.client.entity.DecompressingEntity@2f2f3845}
2018-08-04 00:33:00.725  INFO ramilmmk - W.S.PostService                          : POST SUGGESTING TASK DONE!
2018-08-04 00:33:00.725  INFO ramilmmk - W.S.PostService                          : Sending notification...
2018-08-04 00:33:01.500  INFO ramilmmk - W.S.PostService                          : #RESPONSE: HttpResponseProxy{HTTP/1.1 200 OK [Server: Internet Information Services, Date: Fri, 03 Aug 2018 21:33:03 GMT, Content-Type: application/json; charset=utf-8, Connection: keep-alive, X-Powered-By: PHP/3.16186, Cache-control: no-store] org.apache.http.client.entity.DecompressingEntity@22200b98}
2018-08-04 00:33:01.500  INFO ramilmmk - W.S.PostService                          : NOTIFICATION SENDING TASK DONE!
2018-08-04 00:33:03.450  INFO ramilmmk - W.S.PostService                          : Checking post...
2018-08-04 00:33:04.853  INFO ramilmmk - W.S.PostService                          : Checking post...
2018-08-04 00:33:04.853  INFO ramilmmk - W.S.PostService                          : Start parsing kanashen.ru
2018-08-04 00:33:09.093  INFO ramilmmk - W.S.PostService                          : Checking post...
2018-08-04 12:31:09.483  INFO ramilmmk - W.Application                            : Starting Application on ramilmmk with PID 7536 (C:\Java\CryptoMonitor\CryptoMonitor\target\classes started by ramil in C:\Java\CryptoMonitor\CryptoMonitor)
2018-08-04 12:31:09.598  INFO ramilmmk - W.Application                            : No active profile set, falling back to default profiles: default
2018-08-04 12:31:10.744  INFO ramilmmk - ConfigServletWebServerApplicationContext : Refreshing org.springframework.boot.web.servlet.context.AnnotationConfigServletWebServerApplicationContext@7bedc48a: startup date [Sat Aug 04 12:31:10 MSK 2018]; root of context hierarchy
2018-08-04 12:31:18.289  INFO ramilmmk - trationDelegate$BeanPostProcessorChecker : Bean 'org.springframework.transaction.annotation.ProxyTransactionManagementConfiguration' of type [org.springframework.transaction.annotation.ProxyTransactionManagementConfiguration$$EnhancerBySpringCGLIB$$3fdb3db5] is not eligible for getting processed by all BeanPostProcessors (for example: not eligible for auto-proxying)
2018-08-04 12:31:19.261  INFO ramilmmk - o.e.j.u.log                              : Logging initialized @29091ms to org.eclipse.jetty.util.log.Slf4jLog
2018-08-04 12:31:20.008  INFO ramilmmk - o.s.b.w.e.j.JettyServletWebServerFactory : Server initialized with port: 8085
2018-08-04 12:31:20.011  INFO ramilmmk - o.e.j.s.Server                           : jetty-9.4.11.v20180605; built: 2018-06-05T18:24:03.829Z; git: d5fc0523cfa96bfebfbda19606cad384d772f04c; jvm 1.8.0_112-b15
2018-08-04 12:31:20.641  INFO ramilmmk - o.e.j.s.session                          : DefaultSessionIdManager workerName=node0
2018-08-04 12:31:20.641  INFO ramilmmk - o.e.j.s.session                          : No SessionScavenger set, using defaults
2018-08-04 12:31:20.644  INFO ramilmmk - o.e.j.s.session                          : node0 Scavenging every 660000ms
2018-08-04 12:31:20.677  INFO ramilmmk - o.e.j.s.h.C.application                  : Initializing Spring embedded WebApplicationContext
2018-08-04 12:31:20.678  INFO ramilmmk - o.s.w.c.ContextLoader                    : Root WebApplicationContext: initialization completed in 9944 ms
2018-08-04 12:31:21.138  INFO ramilmmk - o.s.b.w.s.ServletRegistrationBean        : Servlet dispatcherServlet mapped to [/]
2018-08-04 12:31:21.143  INFO ramilmmk - o.s.b.w.s.FilterRegistrationBean         : Mapping filter: 'characterEncodingFilter' to: [/*]
2018-08-04 12:31:21.143  INFO ramilmmk - o.s.b.w.s.FilterRegistrationBean         : Mapping filter: 'hiddenHttpMethodFilter' to: [/*]
2018-08-04 12:31:21.144  INFO ramilmmk - o.s.b.w.s.FilterRegistrationBean         : Mapping filter: 'httpPutFormContentFilter' to: [/*]
2018-08-04 12:31:21.144  INFO ramilmmk - o.s.b.w.s.FilterRegistrationBean         : Mapping filter: 'requestContextFilter' to: [/*]
2018-08-04 12:31:21.172  INFO ramilmmk - o.e.j.s.h.ContextHandler                 : Started o.s.b.w.e.j.JettyEmbeddedWebAppContext@26f96b85{application,/,[file:///C:/Users/ramil/AppData/Local/Temp/jetty-docbase.1286476212008942671.8085/],AVAILABLE}
2018-08-04 12:31:21.173  INFO ramilmmk - o.e.j.s.Server                           : Started @31020ms
2018-08-04 12:31:21.994  INFO ramilmmk - c.z.h.HikariDataSource                   : HikariPool-1 - Starting...
2018-08-04 12:31:22.895  INFO ramilmmk - c.z.h.HikariDataSource                   : HikariPool-1 - Start completed.
2018-08-04 12:31:23.191  INFO ramilmmk - j.LocalContainerEntityManagerFactoryBean : Building JPA container EntityManagerFactory for persistence unit 'default'
2018-08-04 12:31:23.259  INFO ramilmmk - o.h.j.i.u.LogHelper                      : HHH000204: Processing PersistenceUnitInfo [
	name: default
	...]
2018-08-04 12:31:23.783  INFO ramilmmk - o.h.Version                              : HHH000412: Hibernate Core {5.2.17.Final}
2018-08-04 12:31:23.789  INFO ramilmmk - o.h.c.Environment                        : HHH000206: hibernate.properties not found
2018-08-04 12:31:24.092  INFO ramilmmk - o.h.a.c.Version                          : HCANN000001: Hibernate Commons Annotations {5.0.1.Final}
2018-08-04 12:31:24.686  INFO ramilmmk - o.h.d.Dialect                            : HHH000400: Using dialect: org.hibernate.dialect.PostgreSQLDialect
2018-08-04 12:31:25.250  INFO ramilmmk - o.h.e.j.e.i.LobCreatorBuilderImpl        : HHH000424: Disabling contextual LOB creation as createClob() method threw error : java.lang.reflect.InvocationTargetException
2018-08-04 12:31:25.258  INFO ramilmmk - o.h.t.BasicTypeRegistry                  : HHH000270: Type registration [java.util.UUID] overrides previous : org.hibernate.type.UUIDBinaryType@34780cd9
2018-08-04 12:31:27.287  INFO ramilmmk - j.LocalContainerEntityManagerFactoryBean : Initialized JPA EntityManagerFactory for persistence unit 'default'
2018-08-04 12:31:29.121  INFO ramilmmk - o.s.w.s.h.SimpleUrlHandlerMapping        : Mapped URL path [/**/favicon.ico] onto handler of type [class org.springframework.web.servlet.resource.ResourceHttpRequestHandler]
2018-08-04 12:31:30.160  INFO ramilmmk - s.w.s.m.m.a.RequestMappingHandlerAdapter : Looking for @ControllerAdvice: org.springframework.boot.web.servlet.context.AnnotationConfigServletWebServerApplicationContext@7bedc48a: startup date [Sat Aug 04 12:31:10 MSK 2018]; root of context hierarchy
2018-08-04 12:31:30.220  WARN ramilmmk - aWebConfiguration$JpaWebMvcConfiguration : spring.jpa.open-in-view is enabled by default. Therefore, database queries may be performed during view rendering. Explicitly configure spring.jpa.open-in-view to disable this warning
2018-08-04 12:31:30.275  INFO ramilmmk - s.w.s.m.m.a.RequestMappingHandlerMapping : Mapped "{[/],methods=[GET]}" onto public java.lang.String CryptoMonitor.Controller.MainController.render()
2018-08-04 12:31:30.277  INFO ramilmmk - s.w.s.m.m.a.RequestMappingHandlerMapping : Mapped "{[/check],methods=[GET]}" onto public java.lang.String CryptoMonitor.Controller.MainController.checkApp()
2018-08-04 12:31:30.281  INFO ramilmmk - s.w.s.m.m.a.RequestMappingHandlerMapping : Mapped "{[/error]}" onto public org.springframework.http.ResponseEntity<java.util.Map<java.lang.String, java.lang.Object>> org.springframework.boot.autoconfigure.web.servlet.error.BasicErrorController.error(javax.servlet.http.HttpServletRequest)
2018-08-04 12:31:30.281  INFO ramilmmk - s.w.s.m.m.a.RequestMappingHandlerMapping : Mapped "{[/error],produces=[text/html]}" onto public org.springframework.web.servlet.ModelAndView org.springframework.boot.autoconfigure.web.servlet.error.BasicErrorController.errorHtml(javax.servlet.http.HttpServletRequest,javax.servlet.http.HttpServletResponse)
2018-08-04 12:31:30.320  INFO ramilmmk - o.s.w.s.h.SimpleUrlHandlerMapping        : Mapped URL path [/webjars/**] onto handler of type [class org.springframework.web.servlet.resource.ResourceHttpRequestHandler]
2018-08-04 12:31:30.321  INFO ramilmmk - o.s.w.s.h.SimpleUrlHandlerMapping        : Mapped URL path [/**] onto handler of type [class org.springframework.web.servlet.resource.ResourceHttpRequestHandler]
2018-08-04 12:31:31.008  INFO ramilmmk - o.s.j.e.a.AnnotationMBeanExporter        : Registering beans for JMX exposure on startup
2018-08-04 12:31:31.010  INFO ramilmmk - o.s.j.e.a.AnnotationMBeanExporter        : Bean with name 'dataSource' has been autodetected for JMX exposure
2018-08-04 12:31:31.019  INFO ramilmmk - o.s.j.e.a.AnnotationMBeanExporter        : Located MBean 'dataSource': registering with JMX server as MBean [com.zaxxer.hikari:name=dataSource,type=HikariDataSource]
2018-08-04 12:31:31.031  INFO ramilmmk - s.a.ScheduledAnnotationBeanPostProcessor : No TaskScheduler/ScheduledExecutorService bean found for scheduled processing
2018-08-04 12:31:31.079  INFO ramilmmk - o.e.j.s.h.C.application                  : Initializing Spring FrameworkServlet 'dispatcherServlet'
2018-08-04 12:31:31.079  INFO ramilmmk - o.s.w.s.DispatcherServlet                : FrameworkServlet 'dispatcherServlet': initialization started
2018-08-04 12:31:31.096  INFO ramilmmk - o.s.w.s.DispatcherServlet                : FrameworkServlet 'dispatcherServlet': initialization completed in 17 ms
2018-08-04 12:31:31.162  INFO ramilmmk - o.e.j.s.AbstractConnector                : Started ServerConnector@279126f5{HTTP/1.1,[http/1.1]}{0.0.0.0:8085}
2018-08-04 12:31:31.168  INFO ramilmmk - o.s.b.w.e.j.JettyWebServer               : Jetty started on port(s) 8085 (http/1.1) with context path '/'
2018-08-04 12:31:31.172  INFO ramilmmk - W.Application                            : Started Application in 24.924 seconds (JVM running for 41.018)
2018-08-04 12:31:32.076  INFO ramilmmk - W.S.PostService                          : Start parsing gov.cap
2018-08-04 12:31:40.054  INFO ramilmmk - o.h.h.i.QueryTranslatorFactoryInitiator  : HHH000397: Using ASTQueryTranslatorFactory
2018-08-04 12:31:42.050  INFO ramilmmk - W.S.PostService                          : Checking post...
2018-08-04 12:31:42.050  INFO ramilmmk - W.S.PostService                          : Saving new post...
2018-08-04 12:31:42.215  INFO ramilmmk - W.S.PostService                          : Sending to suggested news...
2018-08-04 12:31:45.622  INFO ramilmmk - W.S.PostService                          : Uploading photo...
2018-08-04 12:31:50.322  INFO ramilmmk - W.S.PostService                          : #RESPONSE: HttpResponseProxy{HTTP/1.1 200 OK [Server: Internet Information Services, Date: Sat, 04 Aug 2018 09:31:50 GMT, Content-Type: application/json; charset=utf-8, Connection: keep-alive, X-Powered-By: PHP/3.16188, Cache-control: no-store] org.apache.http.client.entity.DecompressingEntity@568a9c50}
2018-08-04 12:31:52.147  INFO ramilmmk - W.S.PostService                          : Uploading photo...
2018-08-04 12:31:55.580  INFO ramilmmk - W.S.PostService                          : #RESPONSE: HttpResponseProxy{HTTP/1.1 200 OK [Server: Internet Information Services, Date: Sat, 04 Aug 2018 09:31:55 GMT, Content-Type: application/json; charset=utf-8, Connection: keep-alive, X-Powered-By: PHP/3.16188, Cache-control: no-store] org.apache.http.client.entity.DecompressingEntity@50d1ee5a}
2018-08-04 12:31:57.314  INFO ramilmmk - W.S.PostService                          : Uploading photo...
2018-08-04 12:32:00.217  INFO ramilmmk - W.S.PostService                          : #RESPONSE: HttpResponseProxy{HTTP/1.1 200 OK [Server: Internet Information Services, Date: Sat, 04 Aug 2018 09:32:00 GMT, Content-Type: application/json; charset=utf-8, Connection: keep-alive, X-Powered-By: PHP/3.16188, Cache-control: no-store] org.apache.http.client.entity.DecompressingEntity@34b145ab}
2018-08-04 12:32:01.948  INFO ramilmmk - W.S.PostService                          : Uploading photo...
2018-08-04 12:32:07.263  INFO ramilmmk - W.S.PostService                          : #RESPONSE: HttpResponseProxy{HTTP/1.1 200 OK [Server: Internet Information Services, Date: Sat, 04 Aug 2018 09:32:07 GMT, Content-Type: application/json; charset=utf-8, Connection: keep-alive, X-Powered-By: PHP/3.16188, Cache-control: no-store] org.apache.http.client.entity.DecompressingEntity@74c12e1d}
2018-08-04 12:32:11.416  INFO ramilmmk - W.S.PostService                          : Uploading photo...
2018-08-04 12:32:14.654  INFO ramilmmk - W.S.PostService                          : #RESPONSE: HttpResponseProxy{HTTP/1.1 200 OK [Server: Internet Information Services, Date: Sat, 04 Aug 2018 09:32:14 GMT, Content-Type: application/json; charset=utf-8, Connection: keep-alive, X-Powered-By: PHP/3.16188, Cache-control: no-store] org.apache.http.client.entity.DecompressingEntity@697f3279}
2018-08-04 12:32:16.065  INFO ramilmmk - W.S.PostService                          : Uploading photo...
2018-08-04 12:32:18.191  INFO ramilmmk - W.S.PostService                          : #RESPONSE: HttpResponseProxy{HTTP/1.1 200 OK [Server: Internet Information Services, Date: Sat, 04 Aug 2018 09:32:18 GMT, Content-Type: application/json; charset=utf-8, Connection: keep-alive, X-Powered-By: PHP/3.16188, Cache-control: no-store] org.apache.http.client.entity.DecompressingEntity@62b0bb1d}
2018-08-04 12:32:20.019  INFO ramilmmk - W.S.PostService                          : Uploading photo...
2018-08-04 12:32:23.670  INFO ramilmmk - W.S.PostService                          : #RESPONSE: HttpResponseProxy{HTTP/1.1 200 OK [Server: Internet Information Services, Date: Sat, 04 Aug 2018 09:32:23 GMT, Content-Type: application/json; charset=utf-8, Connection: keep-alive, X-Powered-By: PHP/3.16188, Cache-control: no-store] org.apache.http.client.entity.DecompressingEntity@16a58f66}
2018-08-04 12:32:25.101  INFO ramilmmk - W.S.PostService                          : Uploading photo...
2018-08-04 12:32:27.178  INFO ramilmmk - W.S.PostService                          : #RESPONSE: HttpResponseProxy{HTTP/1.1 200 OK [Server: Internet Information Services, Date: Sat, 04 Aug 2018 09:32:27 GMT, Content-Type: application/json; charset=utf-8, Connection: keep-alive, X-Powered-By: PHP/3.16188, Cache-control: no-store] org.apache.http.client.entity.DecompressingEntity@3d074db3}
2018-08-04 12:32:28.783  INFO ramilmmk - W.S.PostService                          : Uploading photo...
2018-08-04 12:32:31.442  INFO ramilmmk - W.S.PostService                          : #RESPONSE: HttpResponseProxy{HTTP/1.1 200 OK [Server: Internet Information Services, Date: Sat, 04 Aug 2018 09:32:31 GMT, Content-Type: application/json; charset=utf-8, Connection: keep-alive, X-Powered-By: PHP/3.16188, Cache-control: no-store] org.apache.http.client.entity.DecompressingEntity@84fbe3f}
2018-08-04 12:32:33.722  INFO ramilmmk - W.S.PostService                          : Uploading photo...
2018-08-04 12:32:38.144  INFO ramilmmk - W.S.PostService                          : #RESPONSE: HttpResponseProxy{HTTP/1.1 200 OK [Server: Internet Information Services, Date: Sat, 04 Aug 2018 09:32:38 GMT, Content-Type: application/json; charset=utf-8, Connection: keep-alive, X-Powered-By: PHP/3.16188, Cache-control: no-store] org.apache.http.client.entity.DecompressingEntity@98d34e9}
2018-08-04 12:32:42.012  INFO ramilmmk - W.S.PostService                          : Uploading photo...
2018-08-04 12:32:44.855  INFO ramilmmk - W.S.PostService                          : #RESPONSE: HttpResponseProxy{HTTP/1.1 200 OK [Server: Internet Information Services, Date: Sat, 04 Aug 2018 09:32:45 GMT, Content-Type: application/json; charset=utf-8, Connection: keep-alive, X-Powered-By: PHP/3.16188, Cache-control: no-store] org.apache.http.client.entity.DecompressingEntity@2bd955d}
2018-08-04 12:32:44.857  INFO ramilmmk - W.S.PostService                          : В Канаше прошел автофлешмоб ко Дню города
2018-08-04 12:32:45.154  INFO ramilmmk - W.S.PostService                          : #RESPONSE: HttpResponseProxy{HTTP/1.1 200 OK [Server: Internet Information Services, Date: Sat, 04 Aug 2018 09:32:45 GMT, Content-Type: application/json; charset=utf-8, Connection: keep-alive, X-Powered-By: PHP/3.16188, Cache-control: no-store] org.apache.http.client.entity.DecompressingEntity@361099b1}
2018-08-04 12:32:45.155  INFO ramilmmk - W.S.PostService                          : POST SUGGESTING TASK DONE!
2018-08-04 12:32:45.155  INFO ramilmmk - W.S.PostService                          : Sending notification...
2018-08-04 12:32:45.920  INFO ramilmmk - W.S.PostService                          : #RESPONSE: HttpResponseProxy{HTTP/1.1 200 OK [Server: Internet Information Services, Date: Sat, 04 Aug 2018 09:32:46 GMT, Content-Type: application/json; charset=utf-8, Connection: keep-alive, X-Powered-By: PHP/3.16188, Cache-control: no-store] org.apache.http.client.entity.DecompressingEntity@7d8ad4f3}
2018-08-04 12:32:45.920  INFO ramilmmk - W.S.PostService                          : NOTIFICATION SENDING TASK DONE!
2018-08-04 12:32:47.501  INFO ramilmmk - W.S.PostService                          : Checking post...
2018-08-04 12:32:48.793  INFO ramilmmk - W.S.PostService                          : Checking post...
2018-08-04 12:32:48.794  INFO ramilmmk - W.S.PostService                          : Start parsing kanashen.ru
2018-08-04 12:32:53.734  INFO ramilmmk - W.S.PostService                          : Checking post...
